<!DOCTYPE html>
<html>
<head>

<meta http-equiv="Content-Type" content="text/html; charset=UTF-8" />

<script src="js/jquery.min.js"></script>
<script src="js/jquery.tablesorter.min.js"></script>
<script src="js/Chart.min.js"></script>
<script src="js/moment.min.js"></script>
<script src="js/bootstrap.min.js"></script>

<link rel="stylesheet" href="css/bootstrap.min.css" type="text/css"/>
<link rel="stylesheet" href="css/cucumber.css" type="text/css"/>
<link rel="stylesheet" href="css/font-awesome.min.css"/>
<link rel="shortcut icon" href="images/favicon.png"/>

<script>
$(document).ready(function() {
    // this will tell tablesorter to try looking for the data-value attribute
    // if present, it'll sort by that instead
    // otherwise, it'll sort by the text content of the table cell
    $("#tablesorter").tablesorter({
        textAttribute: 'data-value',
        // ignores the first row of the header, the 'scenario', 'steps', since
        // sorting those doesn't make sense
        selectorHeaders: '> thead tr:not(.dont-sort) th',
        // use a stable sort
        sortStable: true
    });
});
</script>











<title>Cucumber Reports (no 1) - Feature: Users</title>

</head>
<body>

<nav class="navbar navbar-default navbar-fixed-top" id="navigation">
  <div class="container-fluid">
    <div class="collapse navbar-collapse">
      <p class="navbar-text navbar-left">Cucumber Report</p>
      <ul class="nav navbar-nav navbar-right">
          <li role="presentation"><a href="../">Jenkins</a></li>
          <li role="presentation"><a href="../../lastCompletedBuild/cucumber-html-reports/report-feature_1_4170440856.html">Latest results</a></li>
        <li role="presentation" ><a href="overview-features.html">Features</a></li>
        <li role="presentation" ><a href="overview-tags.html">Tags</a></li>
        <li role="presentation" ><a href="overview-steps.html">Steps</a></li>
        <li role="presentation" ><a href="overview-failures.html">Failures</a></li>
      </ul>
    </div>
  </div>
</nav>


<div class="container-fluid">
  <div class="col-md-5 col-md-offset-1">

<table class="table table-bordered" id="build-info">
  <thead>
    <tr>
      <th>Project</th>
        <th>Number</th>
      <th>Date</th>
    </tr>
  </thead>
  <tbody>
    <tr class="info">
      <td>SmartContact</td>
        <td>1</td>
      <td>17 Apr 2023, 14:49</td>
    </tr>
  </tbody>
</table>

  </div>
  <div class="col-md-3 col-md-offset-2">
  </div>
</div>


<div id="report-lead" class="container-fluid">
  <div class="col-md-10 col-md-offset-1">
    <h2>Feature Report</h2>
  </div>
</div>


<div class="container-fluid" id="report">
  <div class="row">
    <div class="col-md-10 col-md-offset-1">
      <table class="stats-table">


<thead>
  <tr class="header dont-sort">
      <th></th>
    <th colspan="6">Steps</th>
    <th colspan="3">Scenarios</th>
    <th colspan="2">Features</th>
  </tr>
  <tr>
    <th>Feature</th>
    <th class="passed">Passed</th>
    <th class="failed">Failed</th>
    <th class="skipped">Skipped</th>
    <th class="pending">Pending</th>
    <th class="undefined">Undefined</th>
    <th class="total">Total</th>

    <th class="passed">Passed</th>
    <th class="failed">Failed</th>
    <th class="total">Total</th>

    <th>Duration</th>
    <th>Status</th>
  </tr>
</thead>


        <tbody>
        <tr>
          <td class="tagname">Users</td>
          <td      class="passed"    >82</td>
          <td      class="failed"    >8</td>
          <td >0</td>
          <td >0</td>
          <td >0</td>
          <td class="total">90</td>

          <td  class="passed"    >22</td>
          <td  class="failed"    >8</td>
          <td class="total">30</td>

          <td class="duration" data-value="1478368307100">24:38.368</td>
          <td class="failed">Failed</td>
        </tr>
        </tbody>

      </table>
    </div>
  </div>
</div>



<div class="container-fluid">
  <div class="row">
    <div class="col-md-1 col-md-offset-10">
      <i class="fa fa-chevron-circle-down fa-2x collapsable-control"
        onClick="javascript:$('#report .collapsable-details').collapse('show')"></i>
      <i class="fa fa-chevron-circle-up fa-2x collapsable-control"
        onClick="javascript:$('#report .collapsable-details').collapse('hide')"></i>
    </div>
  </div>
</div>


<div class="container-fluid" id="report">
  <div class="row">
    <div class="col-md-10 col-md-offset-1">
      <div class="feature">

<div class="tags indention">
</div>


<div class="brief failed">
  <span class="keyword indention">Feature</span>
  <span class="name">Users</span>


</div>

        <div class="description indention"></div>

        <div class="elements inner-level">

<div class="element">


<div class="tags indention">
    <b>Tags:</b>
       <a href="report-tag_4060448126.html">@Test1</a>
</div>


  <span class="lead-duration duration">49.593</span>


  <span data-toggle="collapse" class=" collapsed  collapsable-control" data-target="#element-1">

<div class="brief passed">
  <span class="keyword indention">Scenario</span>
  <span class="name">Verify user can be created without credentials</span>


     <i class="chevron fa fa-fw"></i>
</div>

  </span>
  <div class="description indention"></div>

  <div id="element-1" class="collapse collapsable-details ">





<div class="steps inner-level">
  <div data-toggle="collapse" class=" collapsed  collapsable-control" data-target="#steps-2">

<div class="brief passed">
  <span class="keyword indention">Steps</span>
  <span class="name"></span>


     <i class="chevron fa fa-fw"></i>
</div>

  </div>

  <div id="steps-2" class="inner-level collapse collapsable-details ">
      <div class="step">


<div class="brief step-name-Given passed">
  <span class="keyword indention">Given</span>
  <span class="name">Invoking the browser</span>

  <span class="lead-duration duration">12.919</span>

</div>
















      </div>
      <div class="step">


<div class="brief step-name-When passed">
  <span class="keyword indention">When</span>
  <span class="name">Navigate to Home page</span>

  <span class="lead-duration duration">25.821</span>

</div>
















      </div>
      <div class="step">


<div class="brief step-name-Then passed">
  <span class="keyword indention">Then</span>
  <span class="name">Verify user can be created without credentials</span>

  <span class="lead-duration duration">10.852</span>

</div>
















      </div>
  </div>
</div>





  </div>
</div>


<div class="element">


<div class="tags indention">
    <b>Tags:</b>
       <a href="report-tag_4060448127.html">@Test2</a>
</div>


  <span class="lead-duration duration">1:19.231</span>


  <span data-toggle="collapse" class=" collapsable-control" data-target="#element-3">

<div class="brief failed">
  <span class="keyword indention">Scenario</span>
  <span class="name">Verify whether a new user can be created after providing all data</span>


     <i class="chevron fa fa-fw"></i>
</div>

  </span>
  <div class="description indention"></div>

  <div id="element-3" class="collapse collapsable-details  in ">





<div class="steps inner-level">
  <div data-toggle="collapse" class=" collapsable-control" data-target="#steps-4">

<div class="brief failed">
  <span class="keyword indention">Steps</span>
  <span class="name"></span>


     <i class="chevron fa fa-fw"></i>
</div>

  </div>

  <div id="steps-4" class="inner-level collapse collapsable-details  in ">
      <div class="step">


<div class="brief step-name-Given passed">
  <span class="keyword indention">Given</span>
  <span class="name">Invoking browser</span>

  <span class="lead-duration duration">8.536</span>

</div>
















      </div>
      <div class="step">


<div class="brief step-name-When passed">
  <span class="keyword indention">When</span>
  <span class="name">Navigate to the Home page</span>

  <span class="lead-duration duration">25.572</span>

</div>
















      </div>
      <div class="step">


<div class="brief step-name-Then failed">
  <span class="keyword indention">Then</span>
  <span class="name">Verify user can be created after providing all data</span>

  <span class="lead-duration duration">45.122</span>

</div>






  <div class="inner-level">
    <div class="message indention">
      <div data-toggle="collapse" class=" collapsable-control" data-target="#msg-5">
          <a>org.openqa.selenium.NoSuchElementException:</a>
      </div>
      <div id="msg-5" class="collapse collapsable-details  in ">
        <pre>org.openqa.selenium.NoSuchElementException: no such element: Unable to locate element: {&quot;method&quot;:&quot;xpath&quot;,&quot;selector&quot;:&quot;//ngb-alert[@class='alert alert-success alert-dismissible']&quot;}
  (Session info: chrome=112.0.5615.49)
For documentation on this error, please visit: https://selenium.dev/exceptions/#no_such_element
Build info: version: '4.3.0', revision: 'a4995e2c09*'
System info: host: 'DESKTOP-3GFC8UC', ip: '192.168.1.62', os.name: 'Windows 10', os.arch: 'amd64', os.version: '10.0', java.version: '17.0.5'
Driver info: org.openqa.selenium.chrome.ChromeDriver
Command: [365297cee630a42a15f47bba9c7c74a8, findElement {using=xpath, value=//ngb-alert[@class='alert alert-success alert-dismissible']}]
Capabilities {acceptInsecureCerts: false, browserName: chrome, browserVersion: 112.0.5615.49, chrome: {chromedriverVersion: 112.0.5615.49 (bd2a7bcb881c..., userDataDir: C:\Users\PS\AppData\Local\T...}, goog:chromeOptions: {debuggerAddress: localhost:62846}, networkConnectionEnabled: false, pageLoadStrategy: normal, platformName: WINDOWS, proxy: Proxy(), se:cdp: ws://localhost:62846/devtoo..., se:cdpVersion: 112.0.5615.49, setWindowRect: true, strictFileInteractability: false, timeouts: {implicit: 0, pageLoad: 300000, script: 30000}, unhandledPromptBehavior: dismiss and notify, webauthn:extension:credBlob: true, webauthn:extension:largeBlob: true, webauthn:extension:minPinLength: true, webauthn:extension:prf: true, webauthn:virtualAuthenticators: true}
Session ID: 365297cee630a42a15f47bba9c7c74a8
	at java.base/jdk.internal.reflect.NativeConstructorAccessorImpl.newInstance0(Native Method)
	at java.base/jdk.internal.reflect.NativeConstructorAccessorImpl.newInstance(NativeConstructorAccessorImpl.java:77)
	at java.base/jdk.internal.reflect.DelegatingConstructorAccessorImpl.newInstance(DelegatingConstructorAccessorImpl.java:45)
	at java.base/java.lang.reflect.Constructor.newInstanceWithCaller(Constructor.java:499)
	at java.base/java.lang.reflect.Constructor.newInstance(Constructor.java:480)
	at org.openqa.selenium.remote.codec.w3c.W3CHttpResponseCodec.createException(W3CHttpResponseCodec.java:200)
	at org.openqa.selenium.remote.codec.w3c.W3CHttpResponseCodec.decode(W3CHttpResponseCodec.java:133)
	at org.openqa.selenium.remote.codec.w3c.W3CHttpResponseCodec.decode(W3CHttpResponseCodec.java:53)
	at org.openqa.selenium.remote.HttpCommandExecutor.execute(HttpCommandExecutor.java:184)
	at org.openqa.selenium.remote.service.DriverCommandExecutor.invokeExecute(DriverCommandExecutor.java:167)
	at org.openqa.selenium.remote.service.DriverCommandExecutor.execute(DriverCommandExecutor.java:142)
	at org.openqa.selenium.remote.RemoteWebDriver.execute(RemoteWebDriver.java:569)
	at org.openqa.selenium.remote.ElementLocation$ElementFinder$2.findElement(ElementLocation.java:162)
	at org.openqa.selenium.remote.ElementLocation.findElement(ElementLocation.java:60)
	at org.openqa.selenium.remote.RemoteWebDriver.findElement(RemoteWebDriver.java:387)
	at org.openqa.selenium.remote.RemoteWebDriver.findElement(RemoteWebDriver.java:379)
	at pearl.SmartER.PageObjects.UsersPage_Objects.save_Validation_Message_Lbl(UsersPage_Objects.java:311)
	at pearl.SmartER.TestMethods.UsersPage_TestMethods.verify_User_Creation(UsersPage_TestMethods.java:179)
	at pearl.SmartER.StepDefinition.UsersStepDefinition.verify_User_Can_Be_Created_After_Providing_All_Data(UsersStepDefinition.java:55)
	at &#10045;.Verify user can be created after providing all data(file:///C:/Users/PS/Desktop/Projects%20Bdd/SmartContactWebAppBdd/src/test/java/pearl/SmartER/Features/Users.feature:13)
</pre>
      </div>
    </div>
  </div>











      </div>
  </div>
</div>





  </div>
</div>


<div class="element">


<div class="tags indention">
    <b>Tags:</b>
       <a href="report-tag_4060448128.html">@Test3</a>
</div>


  <span class="lead-duration duration">54.717</span>


  <span data-toggle="collapse" class=" collapsed  collapsable-control" data-target="#element-6">

<div class="brief passed">
  <span class="keyword indention">Scenario</span>
  <span class="name">Verify if a duplicate user can be created</span>


     <i class="chevron fa fa-fw"></i>
</div>

  </span>
  <div class="description indention"></div>

  <div id="element-6" class="collapse collapsable-details ">





<div class="steps inner-level">
  <div data-toggle="collapse" class=" collapsed  collapsable-control" data-target="#steps-7">

<div class="brief passed">
  <span class="keyword indention">Steps</span>
  <span class="name"></span>


     <i class="chevron fa fa-fw"></i>
</div>

  </div>

  <div id="steps-7" class="inner-level collapse collapsable-details ">
      <div class="step">


<div class="brief step-name-Given passed">
  <span class="keyword indention">Given</span>
  <span class="name">Invoking webbrowser</span>

  <span class="lead-duration duration">9.598</span>

</div>
















      </div>
      <div class="step">


<div class="brief step-name-When passed">
  <span class="keyword indention">When</span>
  <span class="name">Navigate to homepage</span>

  <span class="lead-duration duration">25.678</span>

</div>
















      </div>
      <div class="step">


<div class="brief step-name-Then passed">
  <span class="keyword indention">Then</span>
  <span class="name">Verify if a duplicate user can be created</span>

  <span class="lead-duration duration">19.440</span>

</div>
















      </div>
  </div>
</div>





  </div>
</div>


<div class="element">


<div class="tags indention">
    <b>Tags:</b>
       <a href="report-tag_4060448129.html">@Test4</a>
</div>


  <span class="lead-duration duration">54.384</span>


  <span data-toggle="collapse" class=" collapsed  collapsable-control" data-target="#element-8">

<div class="brief passed">
  <span class="keyword indention">Scenario</span>
  <span class="name">Verify whether new user can be created without giving the username</span>


     <i class="chevron fa fa-fw"></i>
</div>

  </span>
  <div class="description indention"></div>

  <div id="element-8" class="collapse collapsable-details ">





<div class="steps inner-level">
  <div data-toggle="collapse" class=" collapsed  collapsable-control" data-target="#steps-9">

<div class="brief passed">
  <span class="keyword indention">Steps</span>
  <span class="name"></span>


     <i class="chevron fa fa-fw"></i>
</div>

  </div>

  <div id="steps-9" class="inner-level collapse collapsable-details ">
      <div class="step">


<div class="brief step-name-Given passed">
  <span class="keyword indention">Given</span>
  <span class="name">Opening the browser</span>

  <span class="lead-duration duration">10.175</span>

</div>
















      </div>
      <div class="step">


<div class="brief step-name-When passed">
  <span class="keyword indention">When</span>
  <span class="name">Navigating to home page</span>

  <span class="lead-duration duration">26.409</span>

</div>
















      </div>
      <div class="step">


<div class="brief step-name-Then passed">
  <span class="keyword indention">Then</span>
  <span class="name">Verify whether new user can be created without giving the username</span>

  <span class="lead-duration duration">17.799</span>

</div>
















      </div>
  </div>
</div>





  </div>
</div>


<div class="element">


<div class="tags indention">
    <b>Tags:</b>
       <a href="report-tag_4060448130.html">@Test5</a>
</div>


  <span class="lead-duration duration">53.461</span>


  <span data-toggle="collapse" class=" collapsed  collapsable-control" data-target="#element-10">

<div class="brief passed">
  <span class="keyword indention">Scenario</span>
  <span class="name">Verify whether new user can be created without giving the name</span>


     <i class="chevron fa fa-fw"></i>
</div>

  </span>
  <div class="description indention"></div>

  <div id="element-10" class="collapse collapsable-details ">





<div class="steps inner-level">
  <div data-toggle="collapse" class=" collapsed  collapsable-control" data-target="#steps-11">

<div class="brief passed">
  <span class="keyword indention">Steps</span>
  <span class="name"></span>


     <i class="chevron fa fa-fw"></i>
</div>

  </div>

  <div id="steps-11" class="inner-level collapse collapsable-details ">
      <div class="step">


<div class="brief step-name-Given passed">
  <span class="keyword indention">Given</span>
  <span class="name">Opening the web browser</span>

  <span class="lead-duration duration">9.821</span>

</div>
















      </div>
      <div class="step">


<div class="brief step-name-When passed">
  <span class="keyword indention">When</span>
  <span class="name">Navigating to homepage</span>

  <span class="lead-duration duration">24.763</span>

</div>
















      </div>
      <div class="step">


<div class="brief step-name-Then passed">
  <span class="keyword indention">Then</span>
  <span class="name">Verify whether new user can be created without giving the name</span>

  <span class="lead-duration duration">18.876</span>

</div>
















      </div>
  </div>
</div>





  </div>
</div>


<div class="element">


<div class="tags indention">
    <b>Tags:</b>
       <a href="report-tag_4060448131.html">@Test6</a>
</div>


  <span class="lead-duration duration">52.823</span>


  <span data-toggle="collapse" class=" collapsed  collapsable-control" data-target="#element-12">

<div class="brief passed">
  <span class="keyword indention">Scenario</span>
  <span class="name">Verify whether new user can be created without giving the title</span>


     <i class="chevron fa fa-fw"></i>
</div>

  </span>
  <div class="description indention"></div>

  <div id="element-12" class="collapse collapsable-details ">





<div class="steps inner-level">
  <div data-toggle="collapse" class=" collapsed  collapsable-control" data-target="#steps-13">

<div class="brief passed">
  <span class="keyword indention">Steps</span>
  <span class="name"></span>


     <i class="chevron fa fa-fw"></i>
</div>

  </div>

  <div id="steps-13" class="inner-level collapse collapsable-details ">
      <div class="step">


<div class="brief step-name-Given passed">
  <span class="keyword indention">Given</span>
  <span class="name">Opening the webbrowser</span>

  <span class="lead-duration duration">9.629</span>

</div>
















      </div>
      <div class="step">


<div class="brief step-name-When passed">
  <span class="keyword indention">When</span>
  <span class="name">Navigating to the homepage</span>

  <span class="lead-duration duration">25.288</span>

</div>
















      </div>
      <div class="step">


<div class="brief step-name-Then passed">
  <span class="keyword indention">Then</span>
  <span class="name">Verify whether new user can be created without giving the title</span>

  <span class="lead-duration duration">17.905</span>

</div>
















      </div>
  </div>
</div>





  </div>
</div>


<div class="element">


<div class="tags indention">
    <b>Tags:</b>
       <a href="report-tag_4060448132.html">@Test7</a>
</div>


  <span class="lead-duration duration">51.544</span>


  <span data-toggle="collapse" class=" collapsed  collapsable-control" data-target="#element-14">

<div class="brief passed">
  <span class="keyword indention">Scenario</span>
  <span class="name">Verify whether new user can be created without giving the email</span>


     <i class="chevron fa fa-fw"></i>
</div>

  </span>
  <div class="description indention"></div>

  <div id="element-14" class="collapse collapsable-details ">





<div class="steps inner-level">
  <div data-toggle="collapse" class=" collapsed  collapsable-control" data-target="#steps-15">

<div class="brief passed">
  <span class="keyword indention">Steps</span>
  <span class="name"></span>


     <i class="chevron fa fa-fw"></i>
</div>

  </div>

  <div id="steps-15" class="inner-level collapse collapsable-details ">
      <div class="step">


<div class="brief step-name-Given passed">
  <span class="keyword indention">Given</span>
  <span class="name">Open the webbrowser</span>

  <span class="lead-duration duration">8.246</span>

</div>
















      </div>
      <div class="step">


<div class="brief step-name-When passed">
  <span class="keyword indention">When</span>
  <span class="name">Navigating to the home page</span>

  <span class="lead-duration duration">25.208</span>

</div>
















      </div>
      <div class="step">


<div class="brief step-name-Then passed">
  <span class="keyword indention">Then</span>
  <span class="name">Verify whether new user can be created without giving the email</span>

  <span class="lead-duration duration">18.088</span>

</div>
















      </div>
  </div>
</div>





  </div>
</div>


<div class="element">


<div class="tags indention">
    <b>Tags:</b>
       <a href="report-tag_4060448133.html">@Test8</a>
</div>


  <span class="lead-duration duration">53.324</span>


  <span data-toggle="collapse" class=" collapsed  collapsable-control" data-target="#element-16">

<div class="brief passed">
  <span class="keyword indention">Scenario</span>
  <span class="name">Verify whether new user can be created without giving the phone number</span>


     <i class="chevron fa fa-fw"></i>
</div>

  </span>
  <div class="description indention"></div>

  <div id="element-16" class="collapse collapsable-details ">





<div class="steps inner-level">
  <div data-toggle="collapse" class=" collapsed  collapsable-control" data-target="#steps-17">

<div class="brief passed">
  <span class="keyword indention">Steps</span>
  <span class="name"></span>


     <i class="chevron fa fa-fw"></i>
</div>

  </div>

  <div id="steps-17" class="inner-level collapse collapsable-details ">
      <div class="step">


<div class="brief step-name-Given passed">
  <span class="keyword indention">Given</span>
  <span class="name">Load the browser</span>

  <span class="lead-duration duration">9.600</span>

</div>
















      </div>
      <div class="step">


<div class="brief step-name-When passed">
  <span class="keyword indention">When</span>
  <span class="name">Go to home page</span>

  <span class="lead-duration duration">25.626</span>

</div>
















      </div>
      <div class="step">


<div class="brief step-name-Then passed">
  <span class="keyword indention">Then</span>
  <span class="name">Verify whether new user can be created without giving the phone number</span>

  <span class="lead-duration duration">18.097</span>

</div>
















      </div>
  </div>
</div>





  </div>
</div>


<div class="element">


<div class="tags indention">
    <b>Tags:</b>
       <a href="report-tag_4060448134.html">@Test9</a>
</div>


  <span class="lead-duration duration">52.243</span>


  <span data-toggle="collapse" class=" collapsed  collapsable-control" data-target="#element-18">

<div class="brief passed">
  <span class="keyword indention">Scenario</span>
  <span class="name">Verify whether new user can be created without giving the role</span>


     <i class="chevron fa fa-fw"></i>
</div>

  </span>
  <div class="description indention"></div>

  <div id="element-18" class="collapse collapsable-details ">





<div class="steps inner-level">
  <div data-toggle="collapse" class=" collapsed  collapsable-control" data-target="#steps-19">

<div class="brief passed">
  <span class="keyword indention">Steps</span>
  <span class="name"></span>


     <i class="chevron fa fa-fw"></i>
</div>

  </div>

  <div id="steps-19" class="inner-level collapse collapsable-details ">
      <div class="step">


<div class="brief step-name-Given passed">
  <span class="keyword indention">Given</span>
  <span class="name">Load browser</span>

  <span class="lead-duration duration">8.347</span>

</div>
















      </div>
      <div class="step">


<div class="brief step-name-When passed">
  <span class="keyword indention">When</span>
  <span class="name">Go to homepage</span>

  <span class="lead-duration duration">24.723</span>

</div>
















      </div>
      <div class="step">


<div class="brief step-name-Then passed">
  <span class="keyword indention">Then</span>
  <span class="name">Verify whether new user can be created without giving the role</span>

  <span class="lead-duration duration">19.173</span>

</div>
















      </div>
  </div>
</div>





  </div>
</div>


<div class="element">


<div class="tags indention">
    <b>Tags:</b>
       <a href="report-tag_1319840400.html">@Test10</a>
</div>


  <span class="lead-duration duration">1:20.684</span>


  <span data-toggle="collapse" class=" collapsable-control" data-target="#element-20">

<div class="brief failed">
  <span class="keyword indention">Scenario</span>
  <span class="name">Verify whether new user can be created without giving the level</span>


     <i class="chevron fa fa-fw"></i>
</div>

  </span>
  <div class="description indention"></div>

  <div id="element-20" class="collapse collapsable-details  in ">





<div class="steps inner-level">
  <div data-toggle="collapse" class=" collapsable-control" data-target="#steps-21">

<div class="brief failed">
  <span class="keyword indention">Steps</span>
  <span class="name"></span>


     <i class="chevron fa fa-fw"></i>
</div>

  </div>

  <div id="steps-21" class="inner-level collapse collapsable-details  in ">
      <div class="step">


<div class="brief step-name-Given passed">
  <span class="keyword indention">Given</span>
  <span class="name">Load the web browser</span>

  <span class="lead-duration duration">10.697</span>

</div>
















      </div>
      <div class="step">


<div class="brief step-name-When passed">
  <span class="keyword indention">When</span>
  <span class="name">Go to the home page</span>

  <span class="lead-duration duration">25.923</span>

</div>
















      </div>
      <div class="step">


<div class="brief step-name-Then failed">
  <span class="keyword indention">Then</span>
  <span class="name">Verify whether new user can be created without giving the level</span>

  <span class="lead-duration duration">44.063</span>

</div>






  <div class="inner-level">
    <div class="message indention">
      <div data-toggle="collapse" class=" collapsable-control" data-target="#msg-22">
          <a>org.openqa.selenium.NoSuchElementException:</a>
      </div>
      <div id="msg-22" class="collapse collapsable-details  in ">
        <pre>org.openqa.selenium.NoSuchElementException: no such element: Unable to locate element: {&quot;method&quot;:&quot;xpath&quot;,&quot;selector&quot;:&quot;//font[normalize-space()='Level required']&quot;}
  (Session info: chrome=112.0.5615.49)
For documentation on this error, please visit: https://selenium.dev/exceptions/#no_such_element
Build info: version: '4.3.0', revision: 'a4995e2c09*'
System info: host: 'DESKTOP-3GFC8UC', ip: '192.168.1.62', os.name: 'Windows 10', os.arch: 'amd64', os.version: '10.0', java.version: '17.0.5'
Driver info: org.openqa.selenium.chrome.ChromeDriver
Command: [7270b8dd8f4dbac62c0bc209fe804195, findElement {using=xpath, value=//font[normalize-space()='Level required']}]
Capabilities {acceptInsecureCerts: false, browserName: chrome, browserVersion: 112.0.5615.49, chrome: {chromedriverVersion: 112.0.5615.49 (bd2a7bcb881c..., userDataDir: C:\Users\PS\AppData\Local\T...}, goog:chromeOptions: {debuggerAddress: localhost:63215}, networkConnectionEnabled: false, pageLoadStrategy: normal, platformName: WINDOWS, proxy: Proxy(), se:cdp: ws://localhost:63215/devtoo..., se:cdpVersion: 112.0.5615.49, setWindowRect: true, strictFileInteractability: false, timeouts: {implicit: 0, pageLoad: 300000, script: 30000}, unhandledPromptBehavior: dismiss and notify, webauthn:extension:credBlob: true, webauthn:extension:largeBlob: true, webauthn:extension:minPinLength: true, webauthn:extension:prf: true, webauthn:virtualAuthenticators: true}
Session ID: 7270b8dd8f4dbac62c0bc209fe804195
	at java.base/jdk.internal.reflect.NativeConstructorAccessorImpl.newInstance0(Native Method)
	at java.base/jdk.internal.reflect.NativeConstructorAccessorImpl.newInstance(NativeConstructorAccessorImpl.java:77)
	at java.base/jdk.internal.reflect.DelegatingConstructorAccessorImpl.newInstance(DelegatingConstructorAccessorImpl.java:45)
	at java.base/java.lang.reflect.Constructor.newInstanceWithCaller(Constructor.java:499)
	at java.base/java.lang.reflect.Constructor.newInstance(Constructor.java:480)
	at org.openqa.selenium.remote.codec.w3c.W3CHttpResponseCodec.createException(W3CHttpResponseCodec.java:200)
	at org.openqa.selenium.remote.codec.w3c.W3CHttpResponseCodec.decode(W3CHttpResponseCodec.java:133)
	at org.openqa.selenium.remote.codec.w3c.W3CHttpResponseCodec.decode(W3CHttpResponseCodec.java:53)
	at org.openqa.selenium.remote.HttpCommandExecutor.execute(HttpCommandExecutor.java:184)
	at org.openqa.selenium.remote.service.DriverCommandExecutor.invokeExecute(DriverCommandExecutor.java:167)
	at org.openqa.selenium.remote.service.DriverCommandExecutor.execute(DriverCommandExecutor.java:142)
	at org.openqa.selenium.remote.RemoteWebDriver.execute(RemoteWebDriver.java:569)
	at org.openqa.selenium.remote.ElementLocation$ElementFinder$2.findElement(ElementLocation.java:162)
	at org.openqa.selenium.remote.ElementLocation.findElement(ElementLocation.java:60)
	at org.openqa.selenium.remote.RemoteWebDriver.findElement(RemoteWebDriver.java:387)
	at org.openqa.selenium.remote.RemoteWebDriver.findElement(RemoteWebDriver.java:379)
	at pearl.SmartER.PageObjects.UsersPage_Objects.level_Validation_Message_Lbl(UsersPage_Objects.java:305)
	at pearl.SmartER.TestMethods.UsersPage_TestMethods.create_New_User_Without_Level(UsersPage_TestMethods.java:420)
	at pearl.SmartER.StepDefinition.UsersStepDefinition.verify_whether_new_user_can_be_created_without_giving_the_level(UsersStepDefinition.java:224)
	at &#10045;.Verify whether new user can be created without giving the level(file:///C:/Users/PS/Desktop/Projects%20Bdd/SmartContactWebAppBdd/src/test/java/pearl/SmartER/Features/Users.feature:61)
</pre>
      </div>
    </div>
  </div>











      </div>
  </div>
</div>





  </div>
</div>


<div class="element">


<div class="tags indention">
    <b>Tags:</b>
       <a href="report-tag_1319840401.html">@Test11</a>
</div>


  <span class="lead-duration duration">33.258</span>


  <span data-toggle="collapse" class=" collapsed  collapsable-control" data-target="#element-23">

<div class="brief passed">
  <span class="keyword indention">Scenario</span>
  <span class="name">Verify Users button is enabled</span>


     <i class="chevron fa fa-fw"></i>
</div>

  </span>
  <div class="description indention"></div>

  <div id="element-23" class="collapse collapsable-details ">





<div class="steps inner-level">
  <div data-toggle="collapse" class=" collapsed  collapsable-control" data-target="#steps-24">

<div class="brief passed">
  <span class="keyword indention">Steps</span>
  <span class="name"></span>


     <i class="chevron fa fa-fw"></i>
</div>

  </div>

  <div id="steps-24" class="inner-level collapse collapsable-details ">
      <div class="step">


<div class="brief step-name-Given passed">
  <span class="keyword indention">Given</span>
  <span class="name">Load web browser</span>

  <span class="lead-duration duration">7.876</span>

</div>
















      </div>
      <div class="step">


<div class="brief step-name-When passed">
  <span class="keyword indention">When</span>
  <span class="name">Load the home page</span>

  <span class="lead-duration duration">15.067</span>

</div>
















      </div>
      <div class="step">


<div class="brief step-name-Then passed">
  <span class="keyword indention">Then</span>
  <span class="name">Verify whether Users button is enabled</span>

  <span class="lead-duration duration">10.315</span>

</div>
















      </div>
  </div>
</div>





  </div>
</div>


<div class="element">


<div class="tags indention">
    <b>Tags:</b>
       <a href="report-tag_1319840402.html">@Test12</a>
</div>


  <span class="lead-duration duration">1:32.211</span>


  <span data-toggle="collapse" class=" collapsable-control" data-target="#element-25">

<div class="brief failed">
  <span class="keyword indention">Scenario</span>
  <span class="name">Verify whether an existing user data can be edited</span>


     <i class="chevron fa fa-fw"></i>
</div>

  </span>
  <div class="description indention"></div>

  <div id="element-25" class="collapse collapsable-details  in ">





<div class="steps inner-level">
  <div data-toggle="collapse" class=" collapsable-control" data-target="#steps-26">

<div class="brief failed">
  <span class="keyword indention">Steps</span>
  <span class="name"></span>


     <i class="chevron fa fa-fw"></i>
</div>

  </div>

  <div id="steps-26" class="inner-level collapse collapsable-details  in ">
      <div class="step">


<div class="brief step-name-Given passed">
  <span class="keyword indention">Given</span>
  <span class="name">Load the webbrowser</span>

  <span class="lead-duration duration">9.642</span>

</div>
















      </div>
      <div class="step">


<div class="brief step-name-When passed">
  <span class="keyword indention">When</span>
  <span class="name">Navigate to home page</span>

  <span class="lead-duration duration">14.966</span>

</div>
















      </div>
      <div class="step">


<div class="brief step-name-Then failed">
  <span class="keyword indention">Then</span>
  <span class="name">Verify whether an existing user data can be edited</span>

  <span class="lead-duration duration">1:7.601</span>

</div>






  <div class="inner-level">
    <div class="message indention">
      <div data-toggle="collapse" class=" collapsable-control" data-target="#msg-27">
          <a>org.openqa.selenium.NoSuchElementException:</a>
      </div>
      <div id="msg-27" class="collapse collapsable-details  in ">
        <pre>org.openqa.selenium.NoSuchElementException: no such element: Unable to locate element: {&quot;method&quot;:&quot;xpath&quot;,&quot;selector&quot;:&quot;//tbody/tr[1]/td[8]/a[1]/i[1]&quot;}
  (Session info: chrome=112.0.5615.49)
For documentation on this error, please visit: https://selenium.dev/exceptions/#no_such_element
Build info: version: '4.3.0', revision: 'a4995e2c09*'
System info: host: 'DESKTOP-3GFC8UC', ip: '192.168.1.62', os.name: 'Windows 10', os.arch: 'amd64', os.version: '10.0', java.version: '17.0.5'
Driver info: org.openqa.selenium.chrome.ChromeDriver
Command: [289af3f5065a6e1065cc0e339f0c68f4, findElement {using=xpath, value=//tbody/tr[1]/td[8]/a[1]/i[1]}]
Capabilities {acceptInsecureCerts: false, browserName: chrome, browserVersion: 112.0.5615.49, chrome: {chromedriverVersion: 112.0.5615.49 (bd2a7bcb881c..., userDataDir: C:\Users\PS\AppData\Local\T...}, goog:chromeOptions: {debuggerAddress: localhost:63301}, networkConnectionEnabled: false, pageLoadStrategy: normal, platformName: WINDOWS, proxy: Proxy(), se:cdp: ws://localhost:63301/devtoo..., se:cdpVersion: 112.0.5615.49, setWindowRect: true, strictFileInteractability: false, timeouts: {implicit: 0, pageLoad: 300000, script: 30000}, unhandledPromptBehavior: dismiss and notify, webauthn:extension:credBlob: true, webauthn:extension:largeBlob: true, webauthn:extension:minPinLength: true, webauthn:extension:prf: true, webauthn:virtualAuthenticators: true}
Session ID: 289af3f5065a6e1065cc0e339f0c68f4
	at java.base/jdk.internal.reflect.NativeConstructorAccessorImpl.newInstance0(Native Method)
	at java.base/jdk.internal.reflect.NativeConstructorAccessorImpl.newInstance(NativeConstructorAccessorImpl.java:77)
	at java.base/jdk.internal.reflect.DelegatingConstructorAccessorImpl.newInstance(DelegatingConstructorAccessorImpl.java:45)
	at java.base/java.lang.reflect.Constructor.newInstanceWithCaller(Constructor.java:499)
	at java.base/java.lang.reflect.Constructor.newInstance(Constructor.java:480)
	at org.openqa.selenium.remote.codec.w3c.W3CHttpResponseCodec.createException(W3CHttpResponseCodec.java:200)
	at org.openqa.selenium.remote.codec.w3c.W3CHttpResponseCodec.decode(W3CHttpResponseCodec.java:133)
	at org.openqa.selenium.remote.codec.w3c.W3CHttpResponseCodec.decode(W3CHttpResponseCodec.java:53)
	at org.openqa.selenium.remote.HttpCommandExecutor.execute(HttpCommandExecutor.java:184)
	at org.openqa.selenium.remote.service.DriverCommandExecutor.invokeExecute(DriverCommandExecutor.java:167)
	at org.openqa.selenium.remote.service.DriverCommandExecutor.execute(DriverCommandExecutor.java:142)
	at org.openqa.selenium.remote.RemoteWebDriver.execute(RemoteWebDriver.java:569)
	at org.openqa.selenium.remote.ElementLocation$ElementFinder$2.findElement(ElementLocation.java:162)
	at org.openqa.selenium.remote.ElementLocation.findElement(ElementLocation.java:60)
	at org.openqa.selenium.remote.RemoteWebDriver.findElement(RemoteWebDriver.java:387)
	at org.openqa.selenium.remote.RemoteWebDriver.findElement(RemoteWebDriver.java:379)
	at pearl.SmartER.PageObjects.UsersPage_Objects.edit_Btn_Click(UsersPage_Objects.java:328)
	at pearl.SmartER.TestMethods.UsersPage_TestMethods.edit_Existing_User(UsersPage_TestMethods.java:442)
	at pearl.SmartER.StepDefinition.UsersStepDefinition.verify_whether_an_existing_user_data_can_be_edited(UsersStepDefinition.java:267)
	at &#10045;.Verify whether an existing user data can be edited(file:///C:/Users/PS/Desktop/Projects%20Bdd/SmartContactWebAppBdd/src/test/java/pearl/SmartER/Features/Users.feature:73)
</pre>
      </div>
    </div>
  </div>











      </div>
  </div>
</div>





  </div>
</div>


<div class="element">


<div class="tags indention">
    <b>Tags:</b>
       <a href="report-tag_1319840403.html">@Test13</a>
</div>


  <span class="lead-duration duration">1:31.797</span>


  <span data-toggle="collapse" class=" collapsable-control" data-target="#element-28">

<div class="brief failed">
  <span class="keyword indention">Scenario</span>
  <span class="name">Verify whether an edited entry is saved successfully</span>


     <i class="chevron fa fa-fw"></i>
</div>

  </span>
  <div class="description indention"></div>

  <div id="element-28" class="collapse collapsable-details  in ">





<div class="steps inner-level">
  <div data-toggle="collapse" class=" collapsable-control" data-target="#steps-29">

<div class="brief failed">
  <span class="keyword indention">Steps</span>
  <span class="name"></span>


     <i class="chevron fa fa-fw"></i>
</div>

  </div>

  <div id="steps-29" class="inner-level collapse collapsable-details  in ">
      <div class="step">


<div class="brief step-name-Given passed">
  <span class="keyword indention">Given</span>
  <span class="name">Loads the browser</span>

  <span class="lead-duration duration">8.487</span>

</div>
















      </div>
      <div class="step">


<div class="brief step-name-When passed">
  <span class="keyword indention">When</span>
  <span class="name">Navigate to the home page</span>

  <span class="lead-duration duration">14.832</span>

</div>
















      </div>
      <div class="step">


<div class="brief step-name-Then failed">
  <span class="keyword indention">Then</span>
  <span class="name">Verify whether an edited entry is saved successfully</span>

  <span class="lead-duration duration">1:8.478</span>

</div>






  <div class="inner-level">
    <div class="message indention">
      <div data-toggle="collapse" class=" collapsable-control" data-target="#msg-30">
          <a>org.openqa.selenium.NoSuchElementException:</a>
      </div>
      <div id="msg-30" class="collapse collapsable-details  in ">
        <pre>org.openqa.selenium.NoSuchElementException: no such element: Unable to locate element: {&quot;method&quot;:&quot;css selector&quot;,&quot;selector&quot;:&quot;tbody tr td:nth-child(1)&quot;}
  (Session info: chrome=112.0.5615.49)
For documentation on this error, please visit: https://selenium.dev/exceptions/#no_such_element
Build info: version: '4.3.0', revision: 'a4995e2c09*'
System info: host: 'DESKTOP-3GFC8UC', ip: '192.168.1.62', os.name: 'Windows 10', os.arch: 'amd64', os.version: '10.0', java.version: '17.0.5'
Driver info: org.openqa.selenium.chrome.ChromeDriver
Command: [4efdee365caa8ac44d574b2c6f2c0f20, findElement {using=css selector, value=tbody tr td:nth-child(1)}]
Capabilities {acceptInsecureCerts: false, browserName: chrome, browserVersion: 112.0.5615.49, chrome: {chromedriverVersion: 112.0.5615.49 (bd2a7bcb881c..., userDataDir: C:\Users\PS\AppData\Local\T...}, goog:chromeOptions: {debuggerAddress: localhost:63343}, networkConnectionEnabled: false, pageLoadStrategy: normal, platformName: WINDOWS, proxy: Proxy(), se:cdp: ws://localhost:63343/devtoo..., se:cdpVersion: 112.0.5615.49, setWindowRect: true, strictFileInteractability: false, timeouts: {implicit: 0, pageLoad: 300000, script: 30000}, unhandledPromptBehavior: dismiss and notify, webauthn:extension:credBlob: true, webauthn:extension:largeBlob: true, webauthn:extension:minPinLength: true, webauthn:extension:prf: true, webauthn:virtualAuthenticators: true}
Session ID: 4efdee365caa8ac44d574b2c6f2c0f20
	at java.base/jdk.internal.reflect.NativeConstructorAccessorImpl.newInstance0(Native Method)
	at java.base/jdk.internal.reflect.NativeConstructorAccessorImpl.newInstance(NativeConstructorAccessorImpl.java:77)
	at java.base/jdk.internal.reflect.DelegatingConstructorAccessorImpl.newInstance(DelegatingConstructorAccessorImpl.java:45)
	at java.base/java.lang.reflect.Constructor.newInstanceWithCaller(Constructor.java:499)
	at java.base/java.lang.reflect.Constructor.newInstance(Constructor.java:480)
	at org.openqa.selenium.remote.codec.w3c.W3CHttpResponseCodec.createException(W3CHttpResponseCodec.java:200)
	at org.openqa.selenium.remote.codec.w3c.W3CHttpResponseCodec.decode(W3CHttpResponseCodec.java:133)
	at org.openqa.selenium.remote.codec.w3c.W3CHttpResponseCodec.decode(W3CHttpResponseCodec.java:53)
	at org.openqa.selenium.remote.HttpCommandExecutor.execute(HttpCommandExecutor.java:184)
	at org.openqa.selenium.remote.service.DriverCommandExecutor.invokeExecute(DriverCommandExecutor.java:167)
	at org.openqa.selenium.remote.service.DriverCommandExecutor.execute(DriverCommandExecutor.java:142)
	at org.openqa.selenium.remote.RemoteWebDriver.execute(RemoteWebDriver.java:569)
	at org.openqa.selenium.remote.ElementLocation$ElementFinder$2.findElement(ElementLocation.java:162)
	at org.openqa.selenium.remote.ElementLocation.findElement(ElementLocation.java:60)
	at org.openqa.selenium.remote.RemoteWebDriver.findElement(RemoteWebDriver.java:387)
	at org.openqa.selenium.remote.RemoteWebDriver.findElement(RemoteWebDriver.java:379)
	at pearl.SmartER.PageObjects.UsersPage_Objects.search_Result_Username_Txt(UsersPage_Objects.java:361)
	at pearl.SmartER.TestMethods.UsersPage_TestMethods.check_Edited_Entry(UsersPage_TestMethods.java:464)
	at pearl.SmartER.StepDefinition.UsersStepDefinition.verify_whether_an_edited_entry_is_saved_successfully(UsersStepDefinition.java:289)
	at &#10045;.Verify whether an edited entry is saved successfully(file:///C:/Users/PS/Desktop/Projects%20Bdd/SmartContactWebAppBdd/src/test/java/pearl/SmartER/Features/Users.feature:79)
</pre>
      </div>
    </div>
  </div>











      </div>
  </div>
</div>





  </div>
</div>


<div class="element">


<div class="tags indention">
    <b>Tags:</b>
       <a href="report-tag_1319840404.html">@Test14</a>
</div>


  <span class="lead-duration duration">1:25.582</span>


  <span data-toggle="collapse" class=" collapsable-control" data-target="#element-31">

<div class="brief failed">
  <span class="keyword indention">Scenario</span>
  <span class="name">Verify whether a confirmation window comes upon clicking the delete button</span>


     <i class="chevron fa fa-fw"></i>
</div>

  </span>
  <div class="description indention"></div>

  <div id="element-31" class="collapse collapsable-details  in ">





<div class="steps inner-level">
  <div data-toggle="collapse" class=" collapsable-control" data-target="#steps-32">

<div class="brief failed">
  <span class="keyword indention">Steps</span>
  <span class="name"></span>


     <i class="chevron fa fa-fw"></i>
</div>

  </div>

  <div id="steps-32" class="inner-level collapse collapsable-details  in ">
      <div class="step">


<div class="brief step-name-Given passed">
  <span class="keyword indention">Given</span>
  <span class="name">Loads the web browser</span>

  <span class="lead-duration duration">8.487</span>

</div>
















      </div>
      <div class="step">


<div class="brief step-name-When passed">
  <span class="keyword indention">When</span>
  <span class="name">Navigate to the homepage</span>

  <span class="lead-duration duration">15.068</span>

</div>
















      </div>
      <div class="step">


<div class="brief step-name-Then failed">
  <span class="keyword indention">Then</span>
  <span class="name">Verify whether a confirmation window comes upon clicking the delete button</span>

  <span class="lead-duration duration">1:2.026</span>

</div>






  <div class="inner-level">
    <div class="message indention">
      <div data-toggle="collapse" class=" collapsable-control" data-target="#msg-33">
          <a>org.openqa.selenium.NoSuchElementException:</a>
      </div>
      <div id="msg-33" class="collapse collapsable-details  in ">
        <pre>org.openqa.selenium.NoSuchElementException: no such element: Unable to locate element: {&quot;method&quot;:&quot;xpath&quot;,&quot;selector&quot;:&quot;//body[1]/div[1]/app-root[1]/app-main[1]/div[1]/div[1]/app-content[1]/app-users[1]/div[3]/div[1]/div[1]/div[1]/div[1]/div[1]/div[3]/table[1]/tbody[1]/tr[1]/td[8]/a[2]/i[1]&quot;}
  (Session info: chrome=112.0.5615.49)
For documentation on this error, please visit: https://selenium.dev/exceptions/#no_such_element
Build info: version: '4.3.0', revision: 'a4995e2c09*'
System info: host: 'DESKTOP-3GFC8UC', ip: '192.168.1.62', os.name: 'Windows 10', os.arch: 'amd64', os.version: '10.0', java.version: '17.0.5'
Driver info: org.openqa.selenium.chrome.ChromeDriver
Command: [0ceaa2fb3b710dd6bb45264e40e8c0a7, findElement {using=xpath, value=//body[1]/div[1]/app-root[1]/app-main[1]/div[1]/div[1]/app-content[1]/app-users[1]/div[3]/div[1]/div[1]/div[1]/div[1]/div[1]/div[3]/table[1]/tbody[1]/tr[1]/td[8]/a[2]/i[1]}]
Capabilities {acceptInsecureCerts: false, browserName: chrome, browserVersion: 112.0.5615.49, chrome: {chromedriverVersion: 112.0.5615.49 (bd2a7bcb881c..., userDataDir: C:\Users\PS\AppData\Local\T...}, goog:chromeOptions: {debuggerAddress: localhost:63387}, networkConnectionEnabled: false, pageLoadStrategy: normal, platformName: WINDOWS, proxy: Proxy(), se:cdp: ws://localhost:63387/devtoo..., se:cdpVersion: 112.0.5615.49, setWindowRect: true, strictFileInteractability: false, timeouts: {implicit: 0, pageLoad: 300000, script: 30000}, unhandledPromptBehavior: dismiss and notify, webauthn:extension:credBlob: true, webauthn:extension:largeBlob: true, webauthn:extension:minPinLength: true, webauthn:extension:prf: true, webauthn:virtualAuthenticators: true}
Session ID: 0ceaa2fb3b710dd6bb45264e40e8c0a7
	at java.base/jdk.internal.reflect.NativeConstructorAccessorImpl.newInstance0(Native Method)
	at java.base/jdk.internal.reflect.NativeConstructorAccessorImpl.newInstance(NativeConstructorAccessorImpl.java:77)
	at java.base/jdk.internal.reflect.DelegatingConstructorAccessorImpl.newInstance(DelegatingConstructorAccessorImpl.java:45)
	at java.base/java.lang.reflect.Constructor.newInstanceWithCaller(Constructor.java:499)
	at java.base/java.lang.reflect.Constructor.newInstance(Constructor.java:480)
	at org.openqa.selenium.remote.codec.w3c.W3CHttpResponseCodec.createException(W3CHttpResponseCodec.java:200)
	at org.openqa.selenium.remote.codec.w3c.W3CHttpResponseCodec.decode(W3CHttpResponseCodec.java:133)
	at org.openqa.selenium.remote.codec.w3c.W3CHttpResponseCodec.decode(W3CHttpResponseCodec.java:53)
	at org.openqa.selenium.remote.HttpCommandExecutor.execute(HttpCommandExecutor.java:184)
	at org.openqa.selenium.remote.service.DriverCommandExecutor.invokeExecute(DriverCommandExecutor.java:167)
	at org.openqa.selenium.remote.service.DriverCommandExecutor.execute(DriverCommandExecutor.java:142)
	at org.openqa.selenium.remote.RemoteWebDriver.execute(RemoteWebDriver.java:569)
	at org.openqa.selenium.remote.ElementLocation$ElementFinder$2.findElement(ElementLocation.java:162)
	at org.openqa.selenium.remote.ElementLocation.findElement(ElementLocation.java:60)
	at org.openqa.selenium.remote.RemoteWebDriver.findElement(RemoteWebDriver.java:387)
	at org.openqa.selenium.remote.RemoteWebDriver.findElement(RemoteWebDriver.java:379)
	at pearl.SmartER.PageObjects.UsersPage_Objects.delete_Btn_Click(UsersPage_Objects.java:367)
	at pearl.SmartER.TestMethods.UsersPage_TestMethods.delete_Confirmation_Window(UsersPage_TestMethods.java:482)
	at pearl.SmartER.StepDefinition.UsersStepDefinition.verify_whether_a_confirmation_window_comes_upon_clicking_the_delete_button(UsersStepDefinition.java:310)
	at &#10045;.Verify whether a confirmation window comes upon clicking the delete button(file:///C:/Users/PS/Desktop/Projects%20Bdd/SmartContactWebAppBdd/src/test/java/pearl/SmartER/Features/Users.feature:85)
</pre>
      </div>
    </div>
  </div>











      </div>
  </div>
</div>





  </div>
</div>


<div class="element">


<div class="tags indention">
    <b>Tags:</b>
       <a href="report-tag_1319840405.html">@Test15</a>
</div>


  <span class="lead-duration duration">1:26.936</span>


  <span data-toggle="collapse" class=" collapsable-control" data-target="#element-34">

<div class="brief failed">
  <span class="keyword indention">Scenario</span>
  <span class="name">Verify whether an entry can be deleted</span>


     <i class="chevron fa fa-fw"></i>
</div>

  </span>
  <div class="description indention"></div>

  <div id="element-34" class="collapse collapsable-details  in ">





<div class="steps inner-level">
  <div data-toggle="collapse" class=" collapsable-control" data-target="#steps-35">

<div class="brief failed">
  <span class="keyword indention">Steps</span>
  <span class="name"></span>


     <i class="chevron fa fa-fw"></i>
</div>

  </div>

  <div id="steps-35" class="inner-level collapse collapsable-details  in ">
      <div class="step">


<div class="brief step-name-Given passed">
  <span class="keyword indention">Given</span>
  <span class="name">Loads the webbrowser</span>

  <span class="lead-duration duration">9.624</span>

</div>
















      </div>
      <div class="step">


<div class="brief step-name-When passed">
  <span class="keyword indention">When</span>
  <span class="name">Navigates to homepage</span>

  <span class="lead-duration duration">15.708</span>

</div>
















      </div>
      <div class="step">


<div class="brief step-name-Then failed">
  <span class="keyword indention">Then</span>
  <span class="name">Verify whether an entry can be deleted</span>

  <span class="lead-duration duration">1:1.604</span>

</div>






  <div class="inner-level">
    <div class="message indention">
      <div data-toggle="collapse" class=" collapsable-control" data-target="#msg-36">
          <a>org.openqa.selenium.NoSuchElementException:</a>
      </div>
      <div id="msg-36" class="collapse collapsable-details  in ">
        <pre>org.openqa.selenium.NoSuchElementException: no such element: Unable to locate element: {&quot;method&quot;:&quot;xpath&quot;,&quot;selector&quot;:&quot;//body[1]/div[1]/app-root[1]/app-main[1]/div[1]/div[1]/app-content[1]/app-users[1]/div[3]/div[1]/div[1]/div[1]/div[1]/div[1]/div[3]/table[1]/tbody[1]/tr[1]/td[8]/a[2]/i[1]&quot;}
  (Session info: chrome=112.0.5615.49)
For documentation on this error, please visit: https://selenium.dev/exceptions/#no_such_element
Build info: version: '4.3.0', revision: 'a4995e2c09*'
System info: host: 'DESKTOP-3GFC8UC', ip: '192.168.1.62', os.name: 'Windows 10', os.arch: 'amd64', os.version: '10.0', java.version: '17.0.5'
Driver info: org.openqa.selenium.chrome.ChromeDriver
Command: [671c8914463bcb6103ca103852cf3b67, findElement {using=xpath, value=//body[1]/div[1]/app-root[1]/app-main[1]/div[1]/div[1]/app-content[1]/app-users[1]/div[3]/div[1]/div[1]/div[1]/div[1]/div[1]/div[3]/table[1]/tbody[1]/tr[1]/td[8]/a[2]/i[1]}]
Capabilities {acceptInsecureCerts: false, browserName: chrome, browserVersion: 112.0.5615.49, chrome: {chromedriverVersion: 112.0.5615.49 (bd2a7bcb881c..., userDataDir: C:\Users\PS\AppData\Local\T...}, goog:chromeOptions: {debuggerAddress: localhost:63428}, networkConnectionEnabled: false, pageLoadStrategy: normal, platformName: WINDOWS, proxy: Proxy(), se:cdp: ws://localhost:63428/devtoo..., se:cdpVersion: 112.0.5615.49, setWindowRect: true, strictFileInteractability: false, timeouts: {implicit: 0, pageLoad: 300000, script: 30000}, unhandledPromptBehavior: dismiss and notify, webauthn:extension:credBlob: true, webauthn:extension:largeBlob: true, webauthn:extension:minPinLength: true, webauthn:extension:prf: true, webauthn:virtualAuthenticators: true}
Session ID: 671c8914463bcb6103ca103852cf3b67
	at java.base/jdk.internal.reflect.NativeConstructorAccessorImpl.newInstance0(Native Method)
	at java.base/jdk.internal.reflect.NativeConstructorAccessorImpl.newInstance(NativeConstructorAccessorImpl.java:77)
	at java.base/jdk.internal.reflect.DelegatingConstructorAccessorImpl.newInstance(DelegatingConstructorAccessorImpl.java:45)
	at java.base/java.lang.reflect.Constructor.newInstanceWithCaller(Constructor.java:499)
	at java.base/java.lang.reflect.Constructor.newInstance(Constructor.java:480)
	at org.openqa.selenium.remote.codec.w3c.W3CHttpResponseCodec.createException(W3CHttpResponseCodec.java:200)
	at org.openqa.selenium.remote.codec.w3c.W3CHttpResponseCodec.decode(W3CHttpResponseCodec.java:133)
	at org.openqa.selenium.remote.codec.w3c.W3CHttpResponseCodec.decode(W3CHttpResponseCodec.java:53)
	at org.openqa.selenium.remote.HttpCommandExecutor.execute(HttpCommandExecutor.java:184)
	at org.openqa.selenium.remote.service.DriverCommandExecutor.invokeExecute(DriverCommandExecutor.java:167)
	at org.openqa.selenium.remote.service.DriverCommandExecutor.execute(DriverCommandExecutor.java:142)
	at org.openqa.selenium.remote.RemoteWebDriver.execute(RemoteWebDriver.java:569)
	at org.openqa.selenium.remote.ElementLocation$ElementFinder$2.findElement(ElementLocation.java:162)
	at org.openqa.selenium.remote.ElementLocation.findElement(ElementLocation.java:60)
	at org.openqa.selenium.remote.RemoteWebDriver.findElement(RemoteWebDriver.java:387)
	at org.openqa.selenium.remote.RemoteWebDriver.findElement(RemoteWebDriver.java:379)
	at pearl.SmartER.PageObjects.UsersPage_Objects.delete_Btn_Click(UsersPage_Objects.java:367)
	at pearl.SmartER.TestMethods.UsersPage_TestMethods.delete_User(UsersPage_TestMethods.java:499)
	at pearl.SmartER.StepDefinition.UsersStepDefinition.verify_whether_an_entry_can_be_deleted(UsersStepDefinition.java:331)
	at &#10045;.Verify whether an entry can be deleted(file:///C:/Users/PS/Desktop/Projects%20Bdd/SmartContactWebAppBdd/src/test/java/pearl/SmartER/Features/Users.feature:91)
</pre>
      </div>
    </div>
  </div>











      </div>
  </div>
</div>





  </div>
</div>


<div class="element">


<div class="tags indention">
    <b>Tags:</b>
       <a href="report-tag_1319840406.html">@Test16</a>
</div>


  <span class="lead-duration duration">29.494</span>


  <span data-toggle="collapse" class=" collapsed  collapsable-control" data-target="#element-37">

<div class="brief passed">
  <span class="keyword indention">Scenario</span>
  <span class="name">Verify if a deleted entry is still available</span>


     <i class="chevron fa fa-fw"></i>
</div>

  </span>
  <div class="description indention"></div>

  <div id="element-37" class="collapse collapsable-details ">





<div class="steps inner-level">
  <div data-toggle="collapse" class=" collapsed  collapsable-control" data-target="#steps-38">

<div class="brief passed">
  <span class="keyword indention">Steps</span>
  <span class="name"></span>


     <i class="chevron fa fa-fw"></i>
</div>

  </div>

  <div id="steps-38" class="inner-level collapse collapsable-details ">
      <div class="step">


<div class="brief step-name-Given passed">
  <span class="keyword indention">Given</span>
  <span class="name">Loads webbrowser</span>

  <span class="lead-duration duration">8.141</span>

</div>
















      </div>
      <div class="step">


<div class="brief step-name-When passed">
  <span class="keyword indention">When</span>
  <span class="name">Navigates to the homepage</span>

  <span class="lead-duration duration">14.737</span>

</div>
















      </div>
      <div class="step">


<div class="brief step-name-Then passed">
  <span class="keyword indention">Then</span>
  <span class="name">Verify if a deleted entry is still available</span>

  <span class="lead-duration duration">6.615</span>

</div>
















      </div>
  </div>
</div>





  </div>
</div>


<div class="element">


<div class="tags indention">
    <b>Tags:</b>
       <a href="report-tag_1319840407.html">@Test17</a>
</div>


  <span class="lead-duration duration">43.019</span>


  <span data-toggle="collapse" class=" collapsable-control" data-target="#element-39">

<div class="brief failed">
  <span class="keyword indention">Scenario</span>
  <span class="name">Verify whether the uploaded image can be previewed</span>


     <i class="chevron fa fa-fw"></i>
</div>

  </span>
  <div class="description indention"></div>

  <div id="element-39" class="collapse collapsable-details  in ">





<div class="steps inner-level">
  <div data-toggle="collapse" class=" collapsable-control" data-target="#steps-40">

<div class="brief failed">
  <span class="keyword indention">Steps</span>
  <span class="name"></span>


     <i class="chevron fa fa-fw"></i>
</div>

  </div>

  <div id="steps-40" class="inner-level collapse collapsable-details  in ">
      <div class="step">


<div class="brief step-name-Given passed">
  <span class="keyword indention">Given</span>
  <span class="name">Open web browser</span>

  <span class="lead-duration duration">9.917</span>

</div>
















      </div>
      <div class="step">


<div class="brief step-name-When passed">
  <span class="keyword indention">When</span>
  <span class="name">Navigates to the home page</span>

  <span class="lead-duration duration">14.761</span>

</div>
















      </div>
      <div class="step">


<div class="brief step-name-Then failed">
  <span class="keyword indention">Then</span>
  <span class="name">Verify whether the uploaded image can be previewed</span>

  <span class="lead-duration duration">18.340</span>

</div>






  <div class="inner-level">
    <div class="message indention">
      <div data-toggle="collapse" class=" collapsable-control" data-target="#msg-41">
          <a>org.openqa.selenium.InvalidArgumentException:</a>
      </div>
      <div id="msg-41" class="collapse collapsable-details  in ">
        <pre>org.openqa.selenium.InvalidArgumentException: invalid argument: File not found : C:\Users\PS\Desktop\Projects Bdd\SmartContactWebAppBdd//src//test//java//pearl//SmartER//Utils//User Page Images//photo.jpg
  (Session info: chrome=112.0.5615.49)
Build info: version: '4.3.0', revision: 'a4995e2c09*'
System info: host: 'DESKTOP-3GFC8UC', ip: '192.168.1.62', os.name: 'Windows 10', os.arch: 'amd64', os.version: '10.0', java.version: '17.0.5'
Driver info: org.openqa.selenium.chrome.ChromeDriver
Command: [46d732b02dd26a2c7e2b1c696ea521b4, sendKeysToElement {id=68bb7084-8506-4dad-b914-79bcdae0e02a, value=[Ljava.lang.CharSequence;@3c7787a7}]
Capabilities {acceptInsecureCerts: false, browserName: chrome, browserVersion: 112.0.5615.49, chrome: {chromedriverVersion: 112.0.5615.49 (bd2a7bcb881c..., userDataDir: C:\Users\PS\AppData\Local\T...}, goog:chromeOptions: {debuggerAddress: localhost:63527}, networkConnectionEnabled: false, pageLoadStrategy: normal, platformName: WINDOWS, proxy: Proxy(), se:cdp: ws://localhost:63527/devtoo..., se:cdpVersion: 112.0.5615.49, setWindowRect: true, strictFileInteractability: false, timeouts: {implicit: 0, pageLoad: 300000, script: 30000}, unhandledPromptBehavior: dismiss and notify, webauthn:extension:credBlob: true, webauthn:extension:largeBlob: true, webauthn:extension:minPinLength: true, webauthn:extension:prf: true, webauthn:virtualAuthenticators: true}
Element: [[ChromeDriver: chrome on WINDOWS (46d732b02dd26a2c7e2b1c696ea521b4)] -&gt; xpath: //input[@name='...']]
Session ID: 46d732b02dd26a2c7e2b1c696ea521b4
	at java.base/jdk.internal.reflect.NativeConstructorAccessorImpl.newInstance0(Native Method)
	at java.base/jdk.internal.reflect.NativeConstructorAccessorImpl.newInstance(NativeConstructorAccessorImpl.java:77)
	at java.base/jdk.internal.reflect.DelegatingConstructorAccessorImpl.newInstance(DelegatingConstructorAccessorImpl.java:45)
	at java.base/java.lang.reflect.Constructor.newInstanceWithCaller(Constructor.java:499)
	at java.base/java.lang.reflect.Constructor.newInstance(Constructor.java:480)
	at org.openqa.selenium.remote.codec.w3c.W3CHttpResponseCodec.createException(W3CHttpResponseCodec.java:200)
	at org.openqa.selenium.remote.codec.w3c.W3CHttpResponseCodec.decode(W3CHttpResponseCodec.java:133)
	at org.openqa.selenium.remote.codec.w3c.W3CHttpResponseCodec.decode(W3CHttpResponseCodec.java:53)
	at org.openqa.selenium.remote.HttpCommandExecutor.execute(HttpCommandExecutor.java:184)
	at org.openqa.selenium.remote.service.DriverCommandExecutor.invokeExecute(DriverCommandExecutor.java:167)
	at org.openqa.selenium.remote.service.DriverCommandExecutor.execute(DriverCommandExecutor.java:142)
	at org.openqa.selenium.remote.RemoteWebDriver.execute(RemoteWebDriver.java:569)
	at org.openqa.selenium.remote.RemoteWebElement.execute(RemoteWebElement.java:257)
	at org.openqa.selenium.remote.RemoteWebElement.sendKeys(RemoteWebElement.java:113)
	at pearl.SmartER.PageObjects.UsersPage_Objects.upload_Photo_Btn(UsersPage_Objects.java:399)
	at pearl.SmartER.TestMethods.UsersPage_TestMethods.verify_Uploaded_Image_Preview(UsersPage_TestMethods.java:554)
	at pearl.SmartER.StepDefinition.UsersStepDefinition.verify_whether_the_uploaded_image_can_be_previewed(UsersStepDefinition.java:375)
	at &#10045;.Verify whether the uploaded image can be previewed(file:///C:/Users/PS/Desktop/Projects%20Bdd/SmartContactWebAppBdd/src/test/java/pearl/SmartER/Features/Users.feature:103)
</pre>
      </div>
    </div>
  </div>











      </div>
  </div>
</div>





  </div>
</div>


<div class="element">


<div class="tags indention">
    <b>Tags:</b>
       <a href="report-tag_1319840408.html">@Test18</a>
</div>


  <span class="lead-duration duration">43.096</span>


  <span data-toggle="collapse" class=" collapsed  collapsable-control" data-target="#element-42">

<div class="brief passed">
  <span class="keyword indention">Scenario</span>
  <span class="name">Verify whether the email format is valid</span>


     <i class="chevron fa fa-fw"></i>
</div>

  </span>
  <div class="description indention"></div>

  <div id="element-42" class="collapse collapsable-details ">





<div class="steps inner-level">
  <div data-toggle="collapse" class=" collapsed  collapsable-control" data-target="#steps-43">

<div class="brief passed">
  <span class="keyword indention">Steps</span>
  <span class="name"></span>


     <i class="chevron fa fa-fw"></i>
</div>

  </div>

  <div id="steps-43" class="inner-level collapse collapsable-details ">
      <div class="step">


<div class="brief step-name-Given passed">
  <span class="keyword indention">Given</span>
  <span class="name">Opens web browser</span>

  <span class="lead-duration duration">9.715</span>

</div>
















      </div>
      <div class="step">


<div class="brief step-name-When passed">
  <span class="keyword indention">When</span>
  <span class="name">Navigates to users list page</span>

  <span class="lead-duration duration">15.744</span>

</div>
















      </div>
      <div class="step">


<div class="brief step-name-Then passed">
  <span class="keyword indention">Then</span>
  <span class="name">Verify whether the email format is valid</span>

  <span class="lead-duration duration">17.637</span>

</div>
















      </div>
  </div>
</div>





  </div>
</div>


<div class="element">


<div class="tags indention">
    <b>Tags:</b>
       <a href="report-tag_1319840409.html">@Test19</a>
</div>


  <span class="lead-duration duration">37.474</span>


  <span data-toggle="collapse" class=" collapsable-control" data-target="#element-44">

<div class="brief failed">
  <span class="keyword indention">Scenario</span>
  <span class="name">Verify whether uploaded image format is invalid</span>


     <i class="chevron fa fa-fw"></i>
</div>

  </span>
  <div class="description indention"></div>

  <div id="element-44" class="collapse collapsable-details  in ">





<div class="steps inner-level">
  <div data-toggle="collapse" class=" collapsable-control" data-target="#steps-45">

<div class="brief failed">
  <span class="keyword indention">Steps</span>
  <span class="name"></span>


     <i class="chevron fa fa-fw"></i>
</div>

  </div>

  <div id="steps-45" class="inner-level collapse collapsable-details  in ">
      <div class="step">


<div class="brief step-name-Given passed">
  <span class="keyword indention">Given</span>
  <span class="name">User loads the web browser</span>

  <span class="lead-duration duration">9.870</span>

</div>
















      </div>
      <div class="step">


<div class="brief step-name-When passed">
  <span class="keyword indention">When</span>
  <span class="name">Navigates to the users list screen</span>

  <span class="lead-duration duration">14.558</span>

</div>
















      </div>
      <div class="step">


<div class="brief step-name-Then failed">
  <span class="keyword indention">Then</span>
  <span class="name">Verify whether uploaded image format is invalid</span>

  <span class="lead-duration duration">13.044</span>

</div>






  <div class="inner-level">
    <div class="message indention">
      <div data-toggle="collapse" class=" collapsable-control" data-target="#msg-46">
          <a>org.openqa.selenium.InvalidArgumentException:</a>
      </div>
      <div id="msg-46" class="collapse collapsable-details  in ">
        <pre>org.openqa.selenium.InvalidArgumentException: invalid argument: File not found : D:\Fruits.csv
  (Session info: chrome=112.0.5615.49)
Build info: version: '4.3.0', revision: 'a4995e2c09*'
System info: host: 'DESKTOP-3GFC8UC', ip: '192.168.1.62', os.name: 'Windows 10', os.arch: 'amd64', os.version: '10.0', java.version: '17.0.5'
Driver info: org.openqa.selenium.chrome.ChromeDriver
Command: [f38a7cac667f059ad75bcc59ecd7f05b, sendKeysToElement {id=6fa6f012-71ca-4e25-8ae6-1fd3caf4a446, value=[Ljava.lang.CharSequence;@5799b8a2}]
Capabilities {acceptInsecureCerts: false, browserName: chrome, browserVersion: 112.0.5615.49, chrome: {chromedriverVersion: 112.0.5615.49 (bd2a7bcb881c..., userDataDir: C:\Users\PS\AppData\Local\T...}, goog:chromeOptions: {debuggerAddress: localhost:63630}, networkConnectionEnabled: false, pageLoadStrategy: normal, platformName: WINDOWS, proxy: Proxy(), se:cdp: ws://localhost:63630/devtoo..., se:cdpVersion: 112.0.5615.49, setWindowRect: true, strictFileInteractability: false, timeouts: {implicit: 0, pageLoad: 300000, script: 30000}, unhandledPromptBehavior: dismiss and notify, webauthn:extension:credBlob: true, webauthn:extension:largeBlob: true, webauthn:extension:minPinLength: true, webauthn:extension:prf: true, webauthn:virtualAuthenticators: true}
Element: [[ChromeDriver: chrome on WINDOWS (f38a7cac667f059ad75bcc59ecd7f05b)] -&gt; xpath: //input[@name='...']]
Session ID: f38a7cac667f059ad75bcc59ecd7f05b
	at java.base/jdk.internal.reflect.NativeConstructorAccessorImpl.newInstance0(Native Method)
	at java.base/jdk.internal.reflect.NativeConstructorAccessorImpl.newInstance(NativeConstructorAccessorImpl.java:77)
	at java.base/jdk.internal.reflect.DelegatingConstructorAccessorImpl.newInstance(DelegatingConstructorAccessorImpl.java:45)
	at java.base/java.lang.reflect.Constructor.newInstanceWithCaller(Constructor.java:499)
	at java.base/java.lang.reflect.Constructor.newInstance(Constructor.java:480)
	at org.openqa.selenium.remote.codec.w3c.W3CHttpResponseCodec.createException(W3CHttpResponseCodec.java:200)
	at org.openqa.selenium.remote.codec.w3c.W3CHttpResponseCodec.decode(W3CHttpResponseCodec.java:133)
	at org.openqa.selenium.remote.codec.w3c.W3CHttpResponseCodec.decode(W3CHttpResponseCodec.java:53)
	at org.openqa.selenium.remote.HttpCommandExecutor.execute(HttpCommandExecutor.java:184)
	at org.openqa.selenium.remote.service.DriverCommandExecutor.invokeExecute(DriverCommandExecutor.java:167)
	at org.openqa.selenium.remote.service.DriverCommandExecutor.execute(DriverCommandExecutor.java:142)
	at org.openqa.selenium.remote.RemoteWebDriver.execute(RemoteWebDriver.java:569)
	at org.openqa.selenium.remote.RemoteWebElement.execute(RemoteWebElement.java:257)
	at org.openqa.selenium.remote.RemoteWebElement.sendKeys(RemoteWebElement.java:113)
	at pearl.SmartER.PageObjects.UsersPage_Objects.upload_Invalid_File(UsersPage_Objects.java:421)
	at pearl.SmartER.TestMethods.UsersPage_TestMethods.verify_Invalid_Uploaded_Image_Format(UsersPage_TestMethods.java:615)
	at pearl.SmartER.StepDefinition.UsersStepDefinition.verify_whether_uploaded_image_format_is_invalid(UsersStepDefinition.java:419)
	at &#10045;.Verify whether uploaded image format is invalid(file:///C:/Users/PS/Desktop/Projects%20Bdd/SmartContactWebAppBdd/src/test/java/pearl/SmartER/Features/Users.feature:115)
</pre>
      </div>
    </div>
  </div>











      </div>
  </div>
</div>





  </div>
</div>


<div class="element">


<div class="tags indention">
    <b>Tags:</b>
       <a href="report-tag_1319840431.html">@Test20</a>
</div>


  <span class="lead-duration duration">40.791</span>


  <span data-toggle="collapse" class=" collapsed  collapsable-control" data-target="#element-47">

<div class="brief passed">
  <span class="keyword indention">Scenario</span>
  <span class="name">Verify whether level is deselected when role is removed</span>


     <i class="chevron fa fa-fw"></i>
</div>

  </span>
  <div class="description indention"></div>

  <div id="element-47" class="collapse collapsable-details ">





<div class="steps inner-level">
  <div data-toggle="collapse" class=" collapsed  collapsable-control" data-target="#steps-48">

<div class="brief passed">
  <span class="keyword indention">Steps</span>
  <span class="name"></span>


     <i class="chevron fa fa-fw"></i>
</div>

  </div>

  <div id="steps-48" class="inner-level collapse collapsable-details ">
      <div class="step">


<div class="brief step-name-Given passed">
  <span class="keyword indention">Given</span>
  <span class="name">User loads web browser</span>

  <span class="lead-duration duration">9.906</span>

</div>
















      </div>
      <div class="step">


<div class="brief step-name-When passed">
  <span class="keyword indention">When</span>
  <span class="name">Navigates to users list page</span>

  <span class="lead-duration duration">15.924</span>

</div>
















      </div>
      <div class="step">


<div class="brief step-name-Then passed">
  <span class="keyword indention">Then</span>
  <span class="name">Verify whether level is deselected when role is removed</span>

  <span class="lead-duration duration">14.960</span>

</div>
















      </div>
  </div>
</div>





  </div>
</div>


<div class="element">


<div class="tags indention">
    <b>Tags:</b>
       <a href="report-tag_1319840432.html">@Test21</a>
</div>


  <span class="lead-duration duration">25.711</span>


  <span data-toggle="collapse" class=" collapsed  collapsable-control" data-target="#element-49">

<div class="brief passed">
  <span class="keyword indention">Scenario</span>
  <span class="name">Verify whether the Location dropdown is active and a location can be selected</span>


     <i class="chevron fa fa-fw"></i>
</div>

  </span>
  <div class="description indention"></div>

  <div id="element-49" class="collapse collapsable-details ">





<div class="steps inner-level">
  <div data-toggle="collapse" class=" collapsed  collapsable-control" data-target="#steps-50">

<div class="brief passed">
  <span class="keyword indention">Steps</span>
  <span class="name"></span>


     <i class="chevron fa fa-fw"></i>
</div>

  </div>

  <div id="steps-50" class="inner-level collapse collapsable-details ">
      <div class="step">


<div class="brief step-name-Given passed">
  <span class="keyword indention">Given</span>
  <span class="name">User loads the browser</span>

  <span class="lead-duration duration">10.268</span>

</div>
















      </div>
      <div class="step">


<div class="brief step-name-When passed">
  <span class="keyword indention">When</span>
  <span class="name">Navigates to edit user page</span>

  <span class="lead-duration duration">14.948</span>

</div>
















      </div>
      <div class="step">


<div class="brief step-name-Then passed">
  <span class="keyword indention">Then</span>
  <span class="name">Verify whether the Location dropdown is active and a location can be selected</span>

  <span class="lead-duration duration">0.494</span>

</div>
















      </div>
  </div>
</div>





  </div>
</div>


<div class="element">


<div class="tags indention">
    <b>Tags:</b>
       <a href="report-tag_1319840433.html">@Test22</a>
</div>


  <span class="lead-duration duration">25.990</span>


  <span data-toggle="collapse" class=" collapsed  collapsable-control" data-target="#element-51">

<div class="brief passed">
  <span class="keyword indention">Scenario</span>
  <span class="name">Verify whether the department dropdown is active and a department can be selected</span>


     <i class="chevron fa fa-fw"></i>
</div>

  </span>
  <div class="description indention"></div>

  <div id="element-51" class="collapse collapsable-details ">





<div class="steps inner-level">
  <div data-toggle="collapse" class=" collapsed  collapsable-control" data-target="#steps-52">

<div class="brief passed">
  <span class="keyword indention">Steps</span>
  <span class="name"></span>


     <i class="chevron fa fa-fw"></i>
</div>

  </div>

  <div id="steps-52" class="inner-level collapse collapsable-details ">
      <div class="step">


<div class="brief step-name-Given passed">
  <span class="keyword indention">Given</span>
  <span class="name">Invoke the web browser</span>

  <span class="lead-duration duration">10.190</span>

</div>
















      </div>
      <div class="step">


<div class="brief step-name-When passed">
  <span class="keyword indention">When</span>
  <span class="name">Navigates to the edit user page</span>

  <span class="lead-duration duration">15.408</span>

</div>
















      </div>
      <div class="step">


<div class="brief step-name-Then passed">
  <span class="keyword indention">Then</span>
  <span class="name">Verify whether the department dropdown is active and a department can be selected</span>

  <span class="lead-duration duration">0.391</span>

</div>
















      </div>
  </div>
</div>





  </div>
</div>


<div class="element">


<div class="tags indention">
    <b>Tags:</b>
       <a href="report-tag_1319840434.html">@Test23</a>
</div>


  <span class="lead-duration duration">25.661</span>


  <span data-toggle="collapse" class=" collapsed  collapsable-control" data-target="#element-53">

<div class="brief passed">
  <span class="keyword indention">Scenario</span>
  <span class="name">Verify whether the Status dropdown is active and a status can be selected</span>


     <i class="chevron fa fa-fw"></i>
</div>

  </span>
  <div class="description indention"></div>

  <div id="element-53" class="collapse collapsable-details ">





<div class="steps inner-level">
  <div data-toggle="collapse" class=" collapsed  collapsable-control" data-target="#steps-54">

<div class="brief passed">
  <span class="keyword indention">Steps</span>
  <span class="name"></span>


     <i class="chevron fa fa-fw"></i>
</div>

  </div>

  <div id="steps-54" class="inner-level collapse collapsable-details ">
      <div class="step">


<div class="brief step-name-Given passed">
  <span class="keyword indention">Given</span>
  <span class="name">Invoke the webbrowser</span>

  <span class="lead-duration duration">10.666</span>

</div>
















      </div>
      <div class="step">


<div class="brief step-name-When passed">
  <span class="keyword indention">When</span>
  <span class="name">User navigates to the edit user page</span>

  <span class="lead-duration duration">14.700</span>

</div>
















      </div>
      <div class="step">


<div class="brief step-name-Then passed">
  <span class="keyword indention">Then</span>
  <span class="name">Verify whether the Status dropdown is active and a status can be selected</span>

  <span class="lead-duration duration">0.295</span>

</div>
















      </div>
  </div>
</div>





  </div>
</div>


<div class="element">


<div class="tags indention">
    <b>Tags:</b>
       <a href="report-tag_1319840435.html">@Test24</a>
</div>


  <span class="lead-duration duration">24.477</span>


  <span data-toggle="collapse" class=" collapsed  collapsable-control" data-target="#element-55">

<div class="brief passed">
  <span class="keyword indention">Scenario</span>
  <span class="name">Verify whether create user button is enabled</span>


     <i class="chevron fa fa-fw"></i>
</div>

  </span>
  <div class="description indention"></div>

  <div id="element-55" class="collapse collapsable-details ">





<div class="steps inner-level">
  <div data-toggle="collapse" class=" collapsed  collapsable-control" data-target="#steps-56">

<div class="brief passed">
  <span class="keyword indention">Steps</span>
  <span class="name"></span>


     <i class="chevron fa fa-fw"></i>
</div>

  </div>

  <div id="steps-56" class="inner-level collapse collapsable-details ">
      <div class="step">


<div class="brief step-name-Given passed">
  <span class="keyword indention">Given</span>
  <span class="name">Invoke web browser</span>

  <span class="lead-duration duration">9.092</span>

</div>
















      </div>
      <div class="step">


<div class="brief step-name-When passed">
  <span class="keyword indention">When</span>
  <span class="name">User navigates to the users page</span>

  <span class="lead-duration duration">15.119</span>

</div>
















      </div>
      <div class="step">


<div class="brief step-name-Then passed">
  <span class="keyword indention">Then</span>
  <span class="name">Verify whether create user button is enabled</span>

  <span class="lead-duration duration">0.264</span>

</div>
















      </div>
  </div>
</div>





  </div>
</div>


<div class="element">


<div class="tags indention">
    <b>Tags:</b>
       <a href="report-tag_1319840436.html">@Test25</a>
</div>


  <span class="lead-duration duration">33.848</span>


  <span data-toggle="collapse" class=" collapsed  collapsable-control" data-target="#element-57">

<div class="brief passed">
  <span class="keyword indention">Scenario</span>
  <span class="name">Verify whether status dropdown is working and a status can be selected</span>


     <i class="chevron fa fa-fw"></i>
</div>

  </span>
  <div class="description indention"></div>

  <div id="element-57" class="collapse collapsable-details ">





<div class="steps inner-level">
  <div data-toggle="collapse" class=" collapsed  collapsable-control" data-target="#steps-58">

<div class="brief passed">
  <span class="keyword indention">Steps</span>
  <span class="name"></span>


     <i class="chevron fa fa-fw"></i>
</div>

  </div>

  <div id="steps-58" class="inner-level collapse collapsable-details ">
      <div class="step">


<div class="brief step-name-Given passed">
  <span class="keyword indention">Given</span>
  <span class="name">User invokes webbrowser</span>

  <span class="lead-duration duration">11.021</span>

</div>
















      </div>
      <div class="step">


<div class="brief step-name-When passed">
  <span class="keyword indention">When</span>
  <span class="name">The user navigates to the user list page</span>

  <span class="lead-duration duration">14.884</span>

</div>
















      </div>
      <div class="step">


<div class="brief step-name-Then passed">
  <span class="keyword indention">Then</span>
  <span class="name">Verify whether status dropdown is working and a status can be selected</span>

  <span class="lead-duration duration">7.942</span>

</div>
















      </div>
  </div>
</div>





  </div>
</div>


<div class="element">


<div class="tags indention">
    <b>Tags:</b>
       <a href="report-tag_1319840437.html">@Test26</a>
</div>


  <span class="lead-duration duration">33.128</span>


  <span data-toggle="collapse" class=" collapsed  collapsable-control" data-target="#element-59">

<div class="brief passed">
  <span class="keyword indention">Scenario</span>
  <span class="name">Verify whether location dropdown is working and a location can be selected</span>


     <i class="chevron fa fa-fw"></i>
</div>

  </span>
  <div class="description indention"></div>

  <div id="element-59" class="collapse collapsable-details ">





<div class="steps inner-level">
  <div data-toggle="collapse" class=" collapsed  collapsable-control" data-target="#steps-60">

<div class="brief passed">
  <span class="keyword indention">Steps</span>
  <span class="name"></span>


     <i class="chevron fa fa-fw"></i>
</div>

  </div>

  <div id="steps-60" class="inner-level collapse collapsable-details ">
      <div class="step">


<div class="brief step-name-Given passed">
  <span class="keyword indention">Given</span>
  <span class="name">User invokes web browser</span>

  <span class="lead-duration duration">10.267</span>

</div>
















      </div>
      <div class="step">


<div class="brief step-name-When passed">
  <span class="keyword indention">When</span>
  <span class="name">The user navigates to users list page</span>

  <span class="lead-duration duration">15.173</span>

</div>
















      </div>
      <div class="step">


<div class="brief step-name-Then passed">
  <span class="keyword indention">Then</span>
  <span class="name">Verify whether location dropdown is working and a location can be selected</span>

  <span class="lead-duration duration">7.688</span>

</div>
















      </div>
  </div>
</div>





  </div>
</div>


<div class="element">


<div class="tags indention">
    <b>Tags:</b>
       <a href="report-tag_1319840438.html">@Test27</a>
</div>


  <span class="lead-duration duration">36.588</span>


  <span data-toggle="collapse" class=" collapsed  collapsable-control" data-target="#element-61">

<div class="brief passed">
  <span class="keyword indention">Scenario</span>
  <span class="name">Verify whether department dropdown is working and a department can be selected</span>


     <i class="chevron fa fa-fw"></i>
</div>

  </span>
  <div class="description indention"></div>

  <div id="element-61" class="collapse collapsable-details ">





<div class="steps inner-level">
  <div data-toggle="collapse" class=" collapsed  collapsable-control" data-target="#steps-62">

<div class="brief passed">
  <span class="keyword indention">Steps</span>
  <span class="name"></span>


     <i class="chevron fa fa-fw"></i>
</div>

  </div>

  <div id="steps-62" class="inner-level collapse collapsable-details ">
      <div class="step">


<div class="brief step-name-Given passed">
  <span class="keyword indention">Given</span>
  <span class="name">The user invokes web browser</span>

  <span class="lead-duration duration">10.109</span>

</div>
















      </div>
      <div class="step">


<div class="brief step-name-When passed">
  <span class="keyword indention">When</span>
  <span class="name">The user navigates to the users list page</span>

  <span class="lead-duration duration">14.672</span>

</div>
















      </div>
      <div class="step">


<div class="brief step-name-Then passed">
  <span class="keyword indention">Then</span>
  <span class="name">Verify whether department dropdown is working and a department can be selected</span>

  <span class="lead-duration duration">11.806</span>

</div>
















      </div>
  </div>
</div>





  </div>
</div>


<div class="element">


<div class="tags indention">
    <b>Tags:</b>
       <a href="report-tag_1319840439.html">@Test28</a>
</div>


  <span class="lead-duration duration">37.323</span>


  <span data-toggle="collapse" class=" collapsed  collapsable-control" data-target="#element-63">

<div class="brief passed">
  <span class="keyword indention">Scenario</span>
  <span class="name">Verify whether role dropdown is working and a role can be selected</span>


     <i class="chevron fa fa-fw"></i>
</div>

  </span>
  <div class="description indention"></div>

  <div id="element-63" class="collapse collapsable-details ">





<div class="steps inner-level">
  <div data-toggle="collapse" class=" collapsed  collapsable-control" data-target="#steps-64">

<div class="brief passed">
  <span class="keyword indention">Steps</span>
  <span class="name"></span>


     <i class="chevron fa fa-fw"></i>
</div>

  </div>

  <div id="steps-64" class="inner-level collapse collapsable-details ">
      <div class="step">


<div class="brief step-name-Given passed">
  <span class="keyword indention">Given</span>
  <span class="name">The user invokes webbrowser</span>

  <span class="lead-duration duration">13.625</span>

</div>
















      </div>
      <div class="step">


<div class="brief step-name-When passed">
  <span class="keyword indention">When</span>
  <span class="name">The user navigates to the users list screen</span>

  <span class="lead-duration duration">15.099</span>

</div>
















      </div>
      <div class="step">


<div class="brief step-name-Then passed">
  <span class="keyword indention">Then</span>
  <span class="name">Verify whether role dropdown is working and a role can be selected</span>

  <span class="lead-duration duration">8.599</span>

</div>
















      </div>
  </div>
</div>





  </div>
</div>


<div class="element">


<div class="tags indention">
    <b>Tags:</b>
       <a href="report-tag_1319840440.html">@Test29</a>
</div>


  <span class="lead-duration duration">33.075</span>


  <span data-toggle="collapse" class=" collapsed  collapsable-control" data-target="#element-65">

<div class="brief passed">
  <span class="keyword indention">Scenario</span>
  <span class="name">Verify whether level dropdown is working and a level can be selected</span>


     <i class="chevron fa fa-fw"></i>
</div>

  </span>
  <div class="description indention"></div>

  <div id="element-65" class="collapse collapsable-details ">





<div class="steps inner-level">
  <div data-toggle="collapse" class=" collapsed  collapsable-control" data-target="#steps-66">

<div class="brief passed">
  <span class="keyword indention">Steps</span>
  <span class="name"></span>


     <i class="chevron fa fa-fw"></i>
</div>

  </div>

  <div id="steps-66" class="inner-level collapse collapsable-details ">
      <div class="step">


<div class="brief step-name-Given passed">
  <span class="keyword indention">Given</span>
  <span class="name">Web browser is loaded</span>

  <span class="lead-duration duration">10.500</span>

</div>
















      </div>
      <div class="step">


<div class="brief step-name-When passed">
  <span class="keyword indention">When</span>
  <span class="name">The users logs in to the users list page</span>

  <span class="lead-duration duration">14.903</span>

</div>
















      </div>
      <div class="step">


<div class="brief step-name-Then passed">
  <span class="keyword indention">Then</span>
  <span class="name">Verify whether level dropdown is working and a level can be selected</span>

  <span class="lead-duration duration">7.671</span>

</div>
















      </div>
  </div>
</div>





  </div>
</div>


<div class="element">


<div class="tags indention">
    <b>Tags:</b>
       <a href="report-tag_1319840462.html">@Test30</a>
</div>


  <span class="lead-duration duration">36.889</span>


  <span data-toggle="collapse" class=" collapsed  collapsable-control" data-target="#element-67">

<div class="brief passed">
  <span class="keyword indention">Scenario</span>
  <span class="name">Verify whether language dropdown is working and a language can be selected</span>


     <i class="chevron fa fa-fw"></i>
</div>

  </span>
  <div class="description indention"></div>

  <div id="element-67" class="collapse collapsable-details ">





<div class="steps inner-level">
  <div data-toggle="collapse" class=" collapsed  collapsable-control" data-target="#steps-68">

<div class="brief passed">
  <span class="keyword indention">Steps</span>
  <span class="name"></span>


     <i class="chevron fa fa-fw"></i>
</div>

  </div>

  <div id="steps-68" class="inner-level collapse collapsable-details ">
      <div class="step">


<div class="brief step-name-Given passed">
  <span class="keyword indention">Given</span>
  <span class="name">Web browser is loaded by the user</span>

  <span class="lead-duration duration">10.203</span>

</div>
















      </div>
      <div class="step">


<div class="brief step-name-When passed">
  <span class="keyword indention">When</span>
  <span class="name">The user logs into the users list page</span>

  <span class="lead-duration duration">14.903</span>

</div>
















      </div>
      <div class="step">


<div class="brief step-name-Then passed">
  <span class="keyword indention">Then</span>
  <span class="name">Verify whether language dropdown is working and a language can be selected</span>

  <span class="lead-duration duration">11.782</span>

</div>
















      </div>
  </div>
</div>





  </div>
</div>

        </div>

      </div>
    </div>
  </div>
</div>


<div class="container-fluid">
  <div class="row">
    <div class="col-md-1 col-md-offset-10">
      <i class="fa fa-chevron-circle-down fa-2x collapsable-control"
        onClick="javascript:$('#report .collapsable-details').collapse('show')"></i>
      <i class="fa fa-chevron-circle-up fa-2x collapsable-control"
        onClick="javascript:$('#report .collapsable-details').collapse('hide')"></i>
    </div>
  </div>
</div>

<br/>

<nav class="navbar navbar-default" id="footer">
  <div class="container-fluid">
    <p class="navbar-text navbar-right">
        <small>generate Cucumber HTML reports via:&nbsp;</small>
        <a class="navbar-link" href="https://github.com/jenkinsci/cucumber-reports-plugin">Jenkins Plugin</a> |
        <a class="navbar-link" href="https://github.com/damianszczepanik/cucumber-reporting">Standalone</a> |
        <a class="navbar-link" href="https://github.com/damianszczepanik/cucumber-sandwich">Sandwich</a> |
        <a class="navbar-link" href="https://github.com/damianszczepanik/maven-cucumber-reporting">Maven</a>
        &nbsp;&nbsp;
    </p>
  </div>
</nav>

</body>
</html>
