<?xml version="1.0" encoding="UTF-8"?>
<!-- Generated by org.testng.reporters.JUnitXMLReporter -->
<testsuite ignored="4" hostname="PearlLT66" failures="23" tests="48" name="LoginPage_Test" time="1616.828" errors="0" timestamp="2022-12-21T11:14:46 IST">
  <testcase classname="pearl.SmartER.TestCases.LoginPage_TestCases" name="tc01_valid_login" time="7.221"/>
  <testcase classname="pearl.SmartER.TestCases.LoginPage_TestCases" name="tc02_invalid_login" time="12.642">
    <failure type="org.openqa.selenium.NoSuchElementException" message="no such element: Unable to locate element: {&amp;quot;method&amp;quot;:&amp;quot;xpath&amp;quot;,&amp;quot;selector&amp;quot;:&amp;quot;//div[normalize-space()=&amp;apos;Invalid User&amp;apos;]&amp;quot;}
  (Session info: chrome=108.0.5359.125)
For documentation on this error, please visit: https://selenium.dev/exceptions/#no_such_element
Build info: version: &amp;apos;4.6.0&amp;apos;, revision: &amp;apos;79f1c02ae20&amp;apos;
System info: os.name: &amp;apos;Windows 11&amp;apos;, os.arch: &amp;apos;amd64&amp;apos;, os.version: &amp;apos;10.0&amp;apos;, java.version: &amp;apos;19.0.1&amp;apos;
Driver info: org.openqa.selenium.chrome.ChromeDriver
Command: [9b112a0192c44883f19aa5d35b4cd673, findElement {using=xpath, value=//div[normalize-space()=&amp;apos;Invalid User&amp;apos;]}]
Capabilities {acceptInsecureCerts: false, browserName: chrome, browserVersion: 108.0.5359.125, chrome: {chromedriverVersion: 108.0.5359.71 (1e0e3868ee06..., userDataDir: C:\Users\pearl\AppData\Loca...}, goog:chromeOptions: {debuggerAddress: localhost:50836}, networkConnectionEnabled: false, pageLoadStrategy: normal, platformName: WINDOWS, proxy: Proxy(), se:cdp: ws://localhost:50836/devtoo..., se:cdpVersion: 108.0.5359.125, setWindowRect: true, strictFileInteractability: false, timeouts: {implicit: 0, pageLoad: 300000, script: 30000}, unhandledPromptBehavior: dismiss and notify, webauthn:extension:credBlob: true, webauthn:extension:largeBlob: true, webauthn:virtualAuthenticators: true}
Session ID: 9b112a0192c44883f19aa5d35b4cd673">
      <![CDATA[org.openqa.selenium.NoSuchElementException: no such element: Unable to locate element: {"method":"xpath","selector":"//div[normalize-space()='Invalid User']"}
  (Session info: chrome=108.0.5359.125)
For documentation on this error, please visit: https://selenium.dev/exceptions/#no_such_element
Build info: version: '4.6.0', revision: '79f1c02ae20'
System info: os.name: 'Windows 11', os.arch: 'amd64', os.version: '10.0', java.version: '19.0.1'
Driver info: org.openqa.selenium.chrome.ChromeDriver
Command: [9b112a0192c44883f19aa5d35b4cd673, findElement {using=xpath, value=//div[normalize-space()='Invalid User']}]
Capabilities {acceptInsecureCerts: false, browserName: chrome, browserVersion: 108.0.5359.125, chrome: {chromedriverVersion: 108.0.5359.71 (1e0e3868ee06..., userDataDir: C:\Users\pearl\AppData\Loca...}, goog:chromeOptions: {debuggerAddress: localhost:50836}, networkConnectionEnabled: false, pageLoadStrategy: normal, platformName: WINDOWS, proxy: Proxy(), se:cdp: ws://localhost:50836/devtoo..., se:cdpVersion: 108.0.5359.125, setWindowRect: true, strictFileInteractability: false, timeouts: {implicit: 0, pageLoad: 300000, script: 30000}, unhandledPromptBehavior: dismiss and notify, webauthn:extension:credBlob: true, webauthn:extension:largeBlob: true, webauthn:virtualAuthenticators: true}
Session ID: 9b112a0192c44883f19aa5d35b4cd673
at org.openqa.selenium.remote.codec.w3c.W3CHttpResponseCodec.createException(W3CHttpResponseCodec.java:200)
at org.openqa.selenium.remote.codec.w3c.W3CHttpResponseCodec.decode(W3CHttpResponseCodec.java:133)
at org.openqa.selenium.remote.codec.w3c.W3CHttpResponseCodec.decode(W3CHttpResponseCodec.java:53)
at org.openqa.selenium.remote.HttpCommandExecutor.execute(HttpCommandExecutor.java:184)
at org.openqa.selenium.remote.service.DriverCommandExecutor.invokeExecute(DriverCommandExecutor.java:167)
at org.openqa.selenium.remote.service.DriverCommandExecutor.execute(DriverCommandExecutor.java:142)
at org.openqa.selenium.remote.RemoteWebDriver.execute(RemoteWebDriver.java:541)
at org.openqa.selenium.remote.ElementLocation$ElementFinder$2.findElement(ElementLocation.java:162)
at org.openqa.selenium.remote.ElementLocation.findElement(ElementLocation.java:60)
at org.openqa.selenium.remote.RemoteWebDriver.findElement(RemoteWebDriver.java:365)
at org.openqa.selenium.remote.RemoteWebDriver.findElement(RemoteWebDriver.java:357)
at pearl.SmartER.PageObjects.LoginPage_Objects.invalid_user_msg(LoginPage_Objects.java:75)
at pearl.SmartER.TestMethods.LoginPage_TestMethods.tc02_invalid_login(LoginPage_TestMethods.java:73)
at pearl.SmartER.TestCases.LoginPage_TestCases.tc02_invalid_login(LoginPage_TestCases.java:74)
at java.base/java.util.ArrayList.forEach(ArrayList.java:1511)
... Removed 28 stack frames]]>
    </failure>
  </testcase> <!-- tc02_invalid_login -->
  <testcase classname="pearl.SmartER.TestCases.LoginPage_TestCases" name="tc03_valid_username_and_invalid_password" time="6.933"/>
  <testcase classname="pearl.SmartER.TestCases.LoginPage_TestCases" name="tc04_invalid_username_and_valid_password" time="6.706"/>
  <testcase classname="pearl.SmartER.TestCases.LoginPage_TestCases" name="tc05_verify_createOrChangePwdWithValidData" time="9.121"/>
  <testcase classname="pearl.SmartER.TestCases.LoginPage_TestCases" name="tc05_verify_superUser_Login" time="0.007">
    <failure type="java.lang.NullPointerException" message="Cannot invoke &amp;quot;org.openqa.selenium.WebDriver.findElement(org.openqa.selenium.By)&amp;quot; because &amp;quot;pearl.SmartER.PageObjects.LoginPage_Objects.driver&amp;quot; is null">
      <![CDATA[java.lang.NullPointerException: Cannot invoke "org.openqa.selenium.WebDriver.findElement(org.openqa.selenium.By)" because "pearl.SmartER.PageObjects.LoginPage_Objects.driver" is null
at pearl.SmartER.PageObjects.LoginPage_Objects.enter_UserName(LoginPage_Objects.java:50)
at pearl.SmartER.Data.SuperAdminLoginTest.superAdmin_login(SuperAdminLoginTest.java:36)
at pearl.SmartER.TestMethods.LoginPage_TestMethods.tc06_superUser_Login(LoginPage_TestMethods.java:113)
at pearl.SmartER.TestCases.LoginPage_TestCases.tc05_verify_superUser_Login(LoginPage_TestCases.java:121)
at java.base/java.util.ArrayList.forEach(ArrayList.java:1511)
... Removed 25 stack frames]]>
    </failure>
  </testcase> <!-- tc05_verify_superUser_Login -->
  <testcase classname="pearl.SmartER.TestCases.LoginPage_TestCases" name="tc05_verify_superUser_Logout" time="18.63"/>
  <testcase classname="pearl.SmartER.TestCases.LocationPage_TestCases" name="tc01_verify_create_location_button_enabled" time="14.87"/>
  <testcase classname="pearl.SmartER.TestCases.LocationPage_TestCases" name="tc02_verify_create_location_page_displayed" time="16.252"/>
  <testcase classname="pearl.SmartER.TestCases.LocationPage_TestCases" name="tc03_verify_create_location_with_valid_details" time="18.852">
    <failure type="org.openqa.selenium.InvalidArgumentException" message="invalid argument: File not found : E:\\christmas.jpg
  (Session info: chrome=108.0.5359.125)
Build info: version: &amp;apos;4.6.0&amp;apos;, revision: &amp;apos;79f1c02ae20&amp;apos;
System info: os.name: &amp;apos;Windows 11&amp;apos;, os.arch: &amp;apos;amd64&amp;apos;, os.version: &amp;apos;10.0&amp;apos;, java.version: &amp;apos;19.0.1&amp;apos;
Driver info: org.openqa.selenium.chrome.ChromeDriver
Command: [8742e0770df65bbdd5b70963e85f6051, sendKeysToElement {id=e0edf491-ceb1-451a-a19b-0676a19d783b, value=[Ljava.lang.CharSequence;@3528740f}]
Capabilities {acceptInsecureCerts: false, browserName: chrome, browserVersion: 108.0.5359.125, chrome: {chromedriverVersion: 108.0.5359.71 (1e0e3868ee06..., userDataDir: C:\Users\pearl\AppData\Loca...}, goog:chromeOptions: {debuggerAddress: localhost:51144}, networkConnectionEnabled: false, pageLoadStrategy: normal, platformName: WINDOWS, proxy: Proxy(), se:cdp: ws://localhost:51144/devtoo..., se:cdpVersion: 108.0.5359.125, setWindowRect: true, strictFileInteractability: false, timeouts: {implicit: 0, pageLoad: 300000, script: 30000}, unhandledPromptBehavior: dismiss and notify, webauthn:extension:credBlob: true, webauthn:extension:largeBlob: true, webauthn:virtualAuthenticators: true}
Element: [[ChromeDriver: chrome on WINDOWS (8742e0770df65bbdd5b70963e85f6051)] -&amp;gt; xpath: //input[@name=&amp;apos;...&amp;apos;]]
Session ID: 8742e0770df65bbdd5b70963e85f6051">
      <![CDATA[org.openqa.selenium.InvalidArgumentException: invalid argument: File not found : E:\\christmas.jpg
  (Session info: chrome=108.0.5359.125)
Build info: version: '4.6.0', revision: '79f1c02ae20'
System info: os.name: 'Windows 11', os.arch: 'amd64', os.version: '10.0', java.version: '19.0.1'
Driver info: org.openqa.selenium.chrome.ChromeDriver
Command: [8742e0770df65bbdd5b70963e85f6051, sendKeysToElement {id=e0edf491-ceb1-451a-a19b-0676a19d783b, value=[Ljava.lang.CharSequence;@3528740f}]
Capabilities {acceptInsecureCerts: false, browserName: chrome, browserVersion: 108.0.5359.125, chrome: {chromedriverVersion: 108.0.5359.71 (1e0e3868ee06..., userDataDir: C:\Users\pearl\AppData\Loca...}, goog:chromeOptions: {debuggerAddress: localhost:51144}, networkConnectionEnabled: false, pageLoadStrategy: normal, platformName: WINDOWS, proxy: Proxy(), se:cdp: ws://localhost:51144/devtoo..., se:cdpVersion: 108.0.5359.125, setWindowRect: true, strictFileInteractability: false, timeouts: {implicit: 0, pageLoad: 300000, script: 30000}, unhandledPromptBehavior: dismiss and notify, webauthn:extension:credBlob: true, webauthn:extension:largeBlob: true, webauthn:virtualAuthenticators: true}
Element: [[ChromeDriver: chrome on WINDOWS (8742e0770df65bbdd5b70963e85f6051)] -> xpath: //input[@name='...']]
Session ID: 8742e0770df65bbdd5b70963e85f6051
at org.openqa.selenium.remote.codec.w3c.W3CHttpResponseCodec.createException(W3CHttpResponseCodec.java:200)
at org.openqa.selenium.remote.codec.w3c.W3CHttpResponseCodec.decode(W3CHttpResponseCodec.java:133)
at org.openqa.selenium.remote.codec.w3c.W3CHttpResponseCodec.decode(W3CHttpResponseCodec.java:53)
at org.openqa.selenium.remote.HttpCommandExecutor.execute(HttpCommandExecutor.java:184)
at org.openqa.selenium.remote.service.DriverCommandExecutor.invokeExecute(DriverCommandExecutor.java:167)
at org.openqa.selenium.remote.service.DriverCommandExecutor.execute(DriverCommandExecutor.java:142)
at org.openqa.selenium.remote.RemoteWebDriver.execute(RemoteWebDriver.java:541)
at org.openqa.selenium.remote.RemoteWebElement.execute(RemoteWebElement.java:257)
at org.openqa.selenium.remote.RemoteWebElement.sendKeys(RemoteWebElement.java:113)
at pearl.SmartER.PageObjects.LocationPage_Objects.logo_image_upload(LocationPage_Objects.java:190)
at pearl.SmartER.TestMethods.LocationPage_TestMethods.create_location_with_valid_details(LocationPage_TestMethods.java:146)
at pearl.SmartER.TestCases.LocationPage_TestCases.tc03_verify_create_location_with_valid_details(LocationPage_TestCases.java:64)
at java.base/java.util.ArrayList.forEach(ArrayList.java:1511)
... Removed 28 stack frames]]>
    </failure>
  </testcase> <!-- tc03_verify_create_location_with_valid_details -->
  <testcase classname="pearl.SmartER.TestCases.LocationPage_TestCases" name="tc04_verify_data_populated_using_clone_dropDown" time="28.05"/>
  <testcase classname="pearl.SmartER.TestCases.LocationPage_TestCases" name="tc05_verify_country_list_displayed" time="25.147"/>
  <testcase classname="pearl.SmartER.TestCases.LocationPage_TestCases" name="tc06_verify_data_populated_in_state_dropdown_after_selecting_country" time="22.041"/>
  <testcase classname="pearl.SmartER.TestCases.LocationPage_TestCases" name="tc07_verify_country_list_is_sorted" time="24.21"/>
  <testcase classname="pearl.SmartER.TestCases.LocationPage_TestCases" name="tc08_verify_user_can_upload_logo" time="21.339">
    <failure type="org.openqa.selenium.InvalidArgumentException" message="invalid argument: File not found : E:\\christmas.jpg
  (Session info: chrome=108.0.5359.125)
Build info: version: &amp;apos;4.6.0&amp;apos;, revision: &amp;apos;79f1c02ae20&amp;apos;
System info: os.name: &amp;apos;Windows 11&amp;apos;, os.arch: &amp;apos;amd64&amp;apos;, os.version: &amp;apos;10.0&amp;apos;, java.version: &amp;apos;19.0.1&amp;apos;
Driver info: org.openqa.selenium.chrome.ChromeDriver
Command: [3ecf3c0aaf14721b53308b59408899be, sendKeysToElement {id=d54b9bf4-1dda-4fca-a8a0-bddd6455147e, value=[Ljava.lang.CharSequence;@a674645}]
Capabilities {acceptInsecureCerts: false, browserName: chrome, browserVersion: 108.0.5359.125, chrome: {chromedriverVersion: 108.0.5359.71 (1e0e3868ee06..., userDataDir: C:\Users\pearl\AppData\Loca...}, goog:chromeOptions: {debuggerAddress: localhost:51403}, networkConnectionEnabled: false, pageLoadStrategy: normal, platformName: WINDOWS, proxy: Proxy(), se:cdp: ws://localhost:51403/devtoo..., se:cdpVersion: 108.0.5359.125, setWindowRect: true, strictFileInteractability: false, timeouts: {implicit: 0, pageLoad: 300000, script: 30000}, unhandledPromptBehavior: dismiss and notify, webauthn:extension:credBlob: true, webauthn:extension:largeBlob: true, webauthn:virtualAuthenticators: true}
Element: [[ChromeDriver: chrome on WINDOWS (3ecf3c0aaf14721b53308b59408899be)] -&amp;gt; xpath: //input[@name=&amp;apos;...&amp;apos;]]
Session ID: 3ecf3c0aaf14721b53308b59408899be">
      <![CDATA[org.openqa.selenium.InvalidArgumentException: invalid argument: File not found : E:\\christmas.jpg
  (Session info: chrome=108.0.5359.125)
Build info: version: '4.6.0', revision: '79f1c02ae20'
System info: os.name: 'Windows 11', os.arch: 'amd64', os.version: '10.0', java.version: '19.0.1'
Driver info: org.openqa.selenium.chrome.ChromeDriver
Command: [3ecf3c0aaf14721b53308b59408899be, sendKeysToElement {id=d54b9bf4-1dda-4fca-a8a0-bddd6455147e, value=[Ljava.lang.CharSequence;@a674645}]
Capabilities {acceptInsecureCerts: false, browserName: chrome, browserVersion: 108.0.5359.125, chrome: {chromedriverVersion: 108.0.5359.71 (1e0e3868ee06..., userDataDir: C:\Users\pearl\AppData\Loca...}, goog:chromeOptions: {debuggerAddress: localhost:51403}, networkConnectionEnabled: false, pageLoadStrategy: normal, platformName: WINDOWS, proxy: Proxy(), se:cdp: ws://localhost:51403/devtoo..., se:cdpVersion: 108.0.5359.125, setWindowRect: true, strictFileInteractability: false, timeouts: {implicit: 0, pageLoad: 300000, script: 30000}, unhandledPromptBehavior: dismiss and notify, webauthn:extension:credBlob: true, webauthn:extension:largeBlob: true, webauthn:virtualAuthenticators: true}
Element: [[ChromeDriver: chrome on WINDOWS (3ecf3c0aaf14721b53308b59408899be)] -> xpath: //input[@name='...']]
Session ID: 3ecf3c0aaf14721b53308b59408899be
at org.openqa.selenium.remote.codec.w3c.W3CHttpResponseCodec.createException(W3CHttpResponseCodec.java:200)
at org.openqa.selenium.remote.codec.w3c.W3CHttpResponseCodec.decode(W3CHttpResponseCodec.java:133)
at org.openqa.selenium.remote.codec.w3c.W3CHttpResponseCodec.decode(W3CHttpResponseCodec.java:53)
at org.openqa.selenium.remote.HttpCommandExecutor.execute(HttpCommandExecutor.java:184)
at org.openqa.selenium.remote.service.DriverCommandExecutor.invokeExecute(DriverCommandExecutor.java:167)
at org.openqa.selenium.remote.service.DriverCommandExecutor.execute(DriverCommandExecutor.java:142)
at org.openqa.selenium.remote.RemoteWebDriver.execute(RemoteWebDriver.java:541)
at org.openqa.selenium.remote.RemoteWebElement.execute(RemoteWebElement.java:257)
at org.openqa.selenium.remote.RemoteWebElement.sendKeys(RemoteWebElement.java:113)
at pearl.SmartER.PageObjects.LocationPage_Objects.upload_logo(LocationPage_Objects.java:155)
at pearl.SmartER.TestMethods.LocationPage_TestMethods.verify_user_can_upload_logo(LocationPage_TestMethods.java:1271)
at pearl.SmartER.TestCases.LocationPage_TestCases.tc08_verify_user_can_upload_logo(LocationPage_TestCases.java:115)
at java.base/java.util.ArrayList.forEach(ArrayList.java:1511)
... Removed 28 stack frames]]>
    </failure>
  </testcase> <!-- tc08_verify_user_can_upload_logo -->
  <testcase classname="pearl.SmartER.TestCases.LocationPage_TestCases" name="tc09_validating_phone_number_field" time="15.565">
    <failure type="java.lang.AssertionError" message="expected [true] but found [false]">
      <![CDATA[java.lang.AssertionError: expected [true] but found [false]
at pearl.SmartER.PageObjects.LocationPage_Objects.phone_num_validation(LocationPage_Objects.java:148)
at pearl.SmartER.TestMethods.LocationPage_TestMethods.validating_phone_number_field(LocationPage_TestMethods.java:1057)
at pearl.SmartER.TestCases.LocationPage_TestCases.tc09_validating_phone_number_field(LocationPage_TestCases.java:125)
at java.base/java.util.ArrayList.forEach(ArrayList.java:1511)
... Removed 29 stack frames]]>
    </failure>
  </testcase> <!-- tc09_validating_phone_number_field -->
  <testcase classname="pearl.SmartER.TestCases.LocationPage_TestCases" name="tc10_email_validation" time="15.701"/>
  <testcase classname="pearl.SmartER.TestCases.LocationPage_TestCases" name="tc11_character_length_of_name_field" time="18.018"/>
  <testcase classname="pearl.SmartER.TestCases.LocationPage_TestCases" name="tc12_startTime_format_validation" time="17.758"/>
  <testcase classname="pearl.SmartER.TestCases.LocationPage_TestCases" name="tc13_endTime_format_validation" time="19.474"/>
  <testcase classname="pearl.SmartER.TestCases.LocationPage_TestCases" name="tc14_verify_back_button_navigates_to_locationPage" time="21.066"/>
  <testcase classname="pearl.SmartER.TestCases.LocationPage_TestCases" name="tc15_verify_client_drpdwn__isEnabled" time="14.196"/>
  <testcase classname="pearl.SmartER.TestCases.LocationPage_TestCases" name="tc16_verify_view_department_Icon_redirects_to_department_page" time="23.927"/>
  <testcase classname="pearl.SmartER.TestCases.LocationPage_TestCases" name="tc17_verify_edit_button_redirects_to_updateHospital_page" time="21.383"/>
  <testcase classname="pearl.SmartER.TestCases.LocationPage_TestCases" name="tc18_verify_delete_confirmation_dialogbox_displayed" time="19.373"/>
  <testcase classname="pearl.SmartER.TestCases.LocationPage_TestCases" name="tc19_verify_user_can_edit_location_name" time="51.751">
    <failure type="org.openqa.selenium.NoSuchElementException" message="no such element: Unable to locate element: {&amp;quot;method&amp;quot;:&amp;quot;xpath&amp;quot;,&amp;quot;selector&amp;quot;:&amp;quot;//select[@id=&amp;apos;select-number&amp;apos;]&amp;quot;}
  (Session info: chrome=108.0.5359.125)
For documentation on this error, please visit: https://selenium.dev/exceptions/#no_such_element
Build info: version: &amp;apos;4.6.0&amp;apos;, revision: &amp;apos;79f1c02ae20&amp;apos;
System info: os.name: &amp;apos;Windows 11&amp;apos;, os.arch: &amp;apos;amd64&amp;apos;, os.version: &amp;apos;10.0&amp;apos;, java.version: &amp;apos;19.0.1&amp;apos;
Driver info: org.openqa.selenium.chrome.ChromeDriver
Command: [68be669035d10952e959194ae3de02c1, findElement {using=xpath, value=//select[@id=&amp;apos;select-number&amp;apos;]}]
Capabilities {acceptInsecureCerts: false, browserName: chrome, browserVersion: 108.0.5359.125, chrome: {chromedriverVersion: 108.0.5359.71 (1e0e3868ee06..., userDataDir: C:\Users\pearl\AppData\Loca...}, goog:chromeOptions: {debuggerAddress: localhost:51951}, networkConnectionEnabled: false, pageLoadStrategy: normal, platformName: WINDOWS, proxy: Proxy(), se:cdp: ws://localhost:51951/devtoo..., se:cdpVersion: 108.0.5359.125, setWindowRect: true, strictFileInteractability: false, timeouts: {implicit: 0, pageLoad: 300000, script: 30000}, unhandledPromptBehavior: dismiss and notify, webauthn:extension:credBlob: true, webauthn:extension:largeBlob: true, webauthn:virtualAuthenticators: true}
Session ID: 68be669035d10952e959194ae3de02c1">
      <![CDATA[org.openqa.selenium.NoSuchElementException: no such element: Unable to locate element: {"method":"xpath","selector":"//select[@id='select-number']"}
  (Session info: chrome=108.0.5359.125)
For documentation on this error, please visit: https://selenium.dev/exceptions/#no_such_element
Build info: version: '4.6.0', revision: '79f1c02ae20'
System info: os.name: 'Windows 11', os.arch: 'amd64', os.version: '10.0', java.version: '19.0.1'
Driver info: org.openqa.selenium.chrome.ChromeDriver
Command: [68be669035d10952e959194ae3de02c1, findElement {using=xpath, value=//select[@id='select-number']}]
Capabilities {acceptInsecureCerts: false, browserName: chrome, browserVersion: 108.0.5359.125, chrome: {chromedriverVersion: 108.0.5359.71 (1e0e3868ee06..., userDataDir: C:\Users\pearl\AppData\Loca...}, goog:chromeOptions: {debuggerAddress: localhost:51951}, networkConnectionEnabled: false, pageLoadStrategy: normal, platformName: WINDOWS, proxy: Proxy(), se:cdp: ws://localhost:51951/devtoo..., se:cdpVersion: 108.0.5359.125, setWindowRect: true, strictFileInteractability: false, timeouts: {implicit: 0, pageLoad: 300000, script: 30000}, unhandledPromptBehavior: dismiss and notify, webauthn:extension:credBlob: true, webauthn:extension:largeBlob: true, webauthn:virtualAuthenticators: true}
Session ID: 68be669035d10952e959194ae3de02c1
at org.openqa.selenium.remote.codec.w3c.W3CHttpResponseCodec.createException(W3CHttpResponseCodec.java:200)
at org.openqa.selenium.remote.codec.w3c.W3CHttpResponseCodec.decode(W3CHttpResponseCodec.java:133)
at org.openqa.selenium.remote.codec.w3c.W3CHttpResponseCodec.decode(W3CHttpResponseCodec.java:53)
at org.openqa.selenium.remote.HttpCommandExecutor.execute(HttpCommandExecutor.java:184)
at org.openqa.selenium.remote.service.DriverCommandExecutor.invokeExecute(DriverCommandExecutor.java:167)
at org.openqa.selenium.remote.service.DriverCommandExecutor.execute(DriverCommandExecutor.java:142)
at org.openqa.selenium.remote.RemoteWebDriver.execute(RemoteWebDriver.java:541)
at org.openqa.selenium.remote.ElementLocation$ElementFinder$2.findElement(ElementLocation.java:162)
at org.openqa.selenium.remote.ElementLocation.findElement(ElementLocation.java:60)
at org.openqa.selenium.remote.RemoteWebDriver.findElement(RemoteWebDriver.java:365)
at org.openqa.selenium.remote.RemoteWebDriver.findElement(RemoteWebDriver.java:357)
at pearl.SmartER.PageObjects.LocationPage_Objects.select_page_count(LocationPage_Objects.java:195)
at pearl.SmartER.TestMethods.LocationPage_TestMethods.verify_user_can_edit_location_name(LocationPage_TestMethods.java:1342)
at pearl.SmartER.TestCases.LocationPage_TestCases.tc19_verify_user_can_edit_location_name(LocationPage_TestCases.java:224)
at java.base/java.util.ArrayList.forEach(ArrayList.java:1511)
... Removed 28 stack frames]]>
    </failure>
  </testcase> <!-- tc19_verify_user_can_edit_location_name -->
  <testcase classname="pearl.SmartER.TestCases.LocationPage_TestCases" name="tc20_verify_user_can_edit_contact_person_name" time="38.096">
    <failure type="org.openqa.selenium.NoSuchElementException" message="no such element: Unable to locate element: {&amp;quot;method&amp;quot;:&amp;quot;xpath&amp;quot;,&amp;quot;selector&amp;quot;:&amp;quot;(//a[@title=&amp;apos;Edit&amp;apos;])[1]&amp;quot;}
  (Session info: chrome=108.0.5359.125)
For documentation on this error, please visit: https://selenium.dev/exceptions/#no_such_element
Build info: version: &amp;apos;4.6.0&amp;apos;, revision: &amp;apos;79f1c02ae20&amp;apos;
System info: os.name: &amp;apos;Windows 11&amp;apos;, os.arch: &amp;apos;amd64&amp;apos;, os.version: &amp;apos;10.0&amp;apos;, java.version: &amp;apos;19.0.1&amp;apos;
Driver info: org.openqa.selenium.chrome.ChromeDriver
Command: [9e3d9cad9a412c62c5c4557f7d91ea11, findElement {using=xpath, value=(//a[@title=&amp;apos;Edit&amp;apos;])[1]}]
Capabilities {acceptInsecureCerts: false, browserName: chrome, browserVersion: 108.0.5359.125, chrome: {chromedriverVersion: 108.0.5359.71 (1e0e3868ee06..., userDataDir: C:\Users\pearl\AppData\Loca...}, goog:chromeOptions: {debuggerAddress: localhost:52023}, networkConnectionEnabled: false, pageLoadStrategy: normal, platformName: WINDOWS, proxy: Proxy(), se:cdp: ws://localhost:52023/devtoo..., se:cdpVersion: 108.0.5359.125, setWindowRect: true, strictFileInteractability: false, timeouts: {implicit: 0, pageLoad: 300000, script: 30000}, unhandledPromptBehavior: dismiss and notify, webauthn:extension:credBlob: true, webauthn:extension:largeBlob: true, webauthn:virtualAuthenticators: true}
Session ID: 9e3d9cad9a412c62c5c4557f7d91ea11">
      <![CDATA[org.openqa.selenium.NoSuchElementException: no such element: Unable to locate element: {"method":"xpath","selector":"(//a[@title='Edit'])[1]"}
  (Session info: chrome=108.0.5359.125)
For documentation on this error, please visit: https://selenium.dev/exceptions/#no_such_element
Build info: version: '4.6.0', revision: '79f1c02ae20'
System info: os.name: 'Windows 11', os.arch: 'amd64', os.version: '10.0', java.version: '19.0.1'
Driver info: org.openqa.selenium.chrome.ChromeDriver
Command: [9e3d9cad9a412c62c5c4557f7d91ea11, findElement {using=xpath, value=(//a[@title='Edit'])[1]}]
Capabilities {acceptInsecureCerts: false, browserName: chrome, browserVersion: 108.0.5359.125, chrome: {chromedriverVersion: 108.0.5359.71 (1e0e3868ee06..., userDataDir: C:\Users\pearl\AppData\Loca...}, goog:chromeOptions: {debuggerAddress: localhost:52023}, networkConnectionEnabled: false, pageLoadStrategy: normal, platformName: WINDOWS, proxy: Proxy(), se:cdp: ws://localhost:52023/devtoo..., se:cdpVersion: 108.0.5359.125, setWindowRect: true, strictFileInteractability: false, timeouts: {implicit: 0, pageLoad: 300000, script: 30000}, unhandledPromptBehavior: dismiss and notify, webauthn:extension:credBlob: true, webauthn:extension:largeBlob: true, webauthn:virtualAuthenticators: true}
Session ID: 9e3d9cad9a412c62c5c4557f7d91ea11
at org.openqa.selenium.remote.codec.w3c.W3CHttpResponseCodec.createException(W3CHttpResponseCodec.java:200)
at org.openqa.selenium.remote.codec.w3c.W3CHttpResponseCodec.decode(W3CHttpResponseCodec.java:133)
at org.openqa.selenium.remote.codec.w3c.W3CHttpResponseCodec.decode(W3CHttpResponseCodec.java:53)
at org.openqa.selenium.remote.HttpCommandExecutor.execute(HttpCommandExecutor.java:184)
at org.openqa.selenium.remote.service.DriverCommandExecutor.invokeExecute(DriverCommandExecutor.java:167)
at org.openqa.selenium.remote.service.DriverCommandExecutor.execute(DriverCommandExecutor.java:142)
at org.openqa.selenium.remote.RemoteWebDriver.execute(RemoteWebDriver.java:541)
at org.openqa.selenium.remote.ElementLocation$ElementFinder$2.findElement(ElementLocation.java:162)
at org.openqa.selenium.remote.ElementLocation.findElement(ElementLocation.java:60)
at org.openqa.selenium.remote.RemoteWebDriver.findElement(RemoteWebDriver.java:365)
at org.openqa.selenium.remote.RemoteWebDriver.findElement(RemoteWebDriver.java:357)
at pearl.SmartER.PageObjects.LocationPage_Objects.edit_icon_click(LocationPage_Objects.java:383)
at pearl.SmartER.TestMethods.LocationPage_TestMethods.verify_user_can_edit_contact_person_name(LocationPage_TestMethods.java:1365)
at pearl.SmartER.TestCases.LocationPage_TestCases.tc20_verify_user_can_edit_contact_person_name(LocationPage_TestCases.java:233)
at java.base/java.util.ArrayList.forEach(ArrayList.java:1511)
... Removed 28 stack frames]]>
    </failure>
  </testcase> <!-- tc20_verify_user_can_edit_contact_person_name -->
  <testcase classname="pearl.SmartER.TestCases.LocationPage_TestCases" name="tc21_verify_user_can_edit_phoneNumber" time="40.074">
    <failure type="org.openqa.selenium.NoSuchElementException" message="no such element: Unable to locate element: {&amp;quot;method&amp;quot;:&amp;quot;xpath&amp;quot;,&amp;quot;selector&amp;quot;:&amp;quot;(//a[@title=&amp;apos;Edit&amp;apos;])[1]&amp;quot;}
  (Session info: chrome=108.0.5359.125)
For documentation on this error, please visit: https://selenium.dev/exceptions/#no_such_element
Build info: version: &amp;apos;4.6.0&amp;apos;, revision: &amp;apos;79f1c02ae20&amp;apos;
System info: os.name: &amp;apos;Windows 11&amp;apos;, os.arch: &amp;apos;amd64&amp;apos;, os.version: &amp;apos;10.0&amp;apos;, java.version: &amp;apos;19.0.1&amp;apos;
Driver info: org.openqa.selenium.chrome.ChromeDriver
Command: [9f7e9475f15a85a9ecbd38fb7e378f7f, findElement {using=xpath, value=(//a[@title=&amp;apos;Edit&amp;apos;])[1]}]
Capabilities {acceptInsecureCerts: false, browserName: chrome, browserVersion: 108.0.5359.125, chrome: {chromedriverVersion: 108.0.5359.71 (1e0e3868ee06..., userDataDir: C:\Users\pearl\AppData\Loca...}, goog:chromeOptions: {debuggerAddress: localhost:52083}, networkConnectionEnabled: false, pageLoadStrategy: normal, platformName: WINDOWS, proxy: Proxy(), se:cdp: ws://localhost:52083/devtoo..., se:cdpVersion: 108.0.5359.125, setWindowRect: true, strictFileInteractability: false, timeouts: {implicit: 0, pageLoad: 300000, script: 30000}, unhandledPromptBehavior: dismiss and notify, webauthn:extension:credBlob: true, webauthn:extension:largeBlob: true, webauthn:virtualAuthenticators: true}
Session ID: 9f7e9475f15a85a9ecbd38fb7e378f7f">
      <![CDATA[org.openqa.selenium.NoSuchElementException: no such element: Unable to locate element: {"method":"xpath","selector":"(//a[@title='Edit'])[1]"}
  (Session info: chrome=108.0.5359.125)
For documentation on this error, please visit: https://selenium.dev/exceptions/#no_such_element
Build info: version: '4.6.0', revision: '79f1c02ae20'
System info: os.name: 'Windows 11', os.arch: 'amd64', os.version: '10.0', java.version: '19.0.1'
Driver info: org.openqa.selenium.chrome.ChromeDriver
Command: [9f7e9475f15a85a9ecbd38fb7e378f7f, findElement {using=xpath, value=(//a[@title='Edit'])[1]}]
Capabilities {acceptInsecureCerts: false, browserName: chrome, browserVersion: 108.0.5359.125, chrome: {chromedriverVersion: 108.0.5359.71 (1e0e3868ee06..., userDataDir: C:\Users\pearl\AppData\Loca...}, goog:chromeOptions: {debuggerAddress: localhost:52083}, networkConnectionEnabled: false, pageLoadStrategy: normal, platformName: WINDOWS, proxy: Proxy(), se:cdp: ws://localhost:52083/devtoo..., se:cdpVersion: 108.0.5359.125, setWindowRect: true, strictFileInteractability: false, timeouts: {implicit: 0, pageLoad: 300000, script: 30000}, unhandledPromptBehavior: dismiss and notify, webauthn:extension:credBlob: true, webauthn:extension:largeBlob: true, webauthn:virtualAuthenticators: true}
Session ID: 9f7e9475f15a85a9ecbd38fb7e378f7f
at org.openqa.selenium.remote.codec.w3c.W3CHttpResponseCodec.createException(W3CHttpResponseCodec.java:200)
at org.openqa.selenium.remote.codec.w3c.W3CHttpResponseCodec.decode(W3CHttpResponseCodec.java:133)
at org.openqa.selenium.remote.codec.w3c.W3CHttpResponseCodec.decode(W3CHttpResponseCodec.java:53)
at org.openqa.selenium.remote.HttpCommandExecutor.execute(HttpCommandExecutor.java:184)
at org.openqa.selenium.remote.service.DriverCommandExecutor.invokeExecute(DriverCommandExecutor.java:167)
at org.openqa.selenium.remote.service.DriverCommandExecutor.execute(DriverCommandExecutor.java:142)
at org.openqa.selenium.remote.RemoteWebDriver.execute(RemoteWebDriver.java:541)
at org.openqa.selenium.remote.ElementLocation$ElementFinder$2.findElement(ElementLocation.java:162)
at org.openqa.selenium.remote.ElementLocation.findElement(ElementLocation.java:60)
at org.openqa.selenium.remote.RemoteWebDriver.findElement(RemoteWebDriver.java:365)
at org.openqa.selenium.remote.RemoteWebDriver.findElement(RemoteWebDriver.java:357)
at pearl.SmartER.PageObjects.LocationPage_Objects.edit_icon_click(LocationPage_Objects.java:383)
at pearl.SmartER.TestMethods.LocationPage_TestMethods.verify_user_can_edit_phoneNumber(LocationPage_TestMethods.java:1391)
at pearl.SmartER.TestCases.LocationPage_TestCases.tc21_verify_user_can_edit_phoneNumber(LocationPage_TestCases.java:243)
at java.base/java.util.ArrayList.forEach(ArrayList.java:1511)
... Removed 28 stack frames]]>
    </failure>
  </testcase> <!-- tc21_verify_user_can_edit_phoneNumber -->
  <testcase classname="pearl.SmartER.TestCases.LocationPage_TestCases" name="tc22_verify_user_can_edit_email" time="40.477">
    <failure type="org.openqa.selenium.NoSuchElementException" message="no such element: Unable to locate element: {&amp;quot;method&amp;quot;:&amp;quot;xpath&amp;quot;,&amp;quot;selector&amp;quot;:&amp;quot;(//a[@title=&amp;apos;Edit&amp;apos;])[1]&amp;quot;}
  (Session info: chrome=108.0.5359.125)
For documentation on this error, please visit: https://selenium.dev/exceptions/#no_such_element
Build info: version: &amp;apos;4.6.0&amp;apos;, revision: &amp;apos;79f1c02ae20&amp;apos;
System info: os.name: &amp;apos;Windows 11&amp;apos;, os.arch: &amp;apos;amd64&amp;apos;, os.version: &amp;apos;10.0&amp;apos;, java.version: &amp;apos;19.0.1&amp;apos;
Driver info: org.openqa.selenium.chrome.ChromeDriver
Command: [256116d11cde78234b3d002b04dc9002, findElement {using=xpath, value=(//a[@title=&amp;apos;Edit&amp;apos;])[1]}]
Capabilities {acceptInsecureCerts: false, browserName: chrome, browserVersion: 108.0.5359.125, chrome: {chromedriverVersion: 108.0.5359.71 (1e0e3868ee06..., userDataDir: C:\Users\pearl\AppData\Loca...}, goog:chromeOptions: {debuggerAddress: localhost:52144}, networkConnectionEnabled: false, pageLoadStrategy: normal, platformName: WINDOWS, proxy: Proxy(), se:cdp: ws://localhost:52144/devtoo..., se:cdpVersion: 108.0.5359.125, setWindowRect: true, strictFileInteractability: false, timeouts: {implicit: 0, pageLoad: 300000, script: 30000}, unhandledPromptBehavior: dismiss and notify, webauthn:extension:credBlob: true, webauthn:extension:largeBlob: true, webauthn:virtualAuthenticators: true}
Session ID: 256116d11cde78234b3d002b04dc9002">
      <![CDATA[org.openqa.selenium.NoSuchElementException: no such element: Unable to locate element: {"method":"xpath","selector":"(//a[@title='Edit'])[1]"}
  (Session info: chrome=108.0.5359.125)
For documentation on this error, please visit: https://selenium.dev/exceptions/#no_such_element
Build info: version: '4.6.0', revision: '79f1c02ae20'
System info: os.name: 'Windows 11', os.arch: 'amd64', os.version: '10.0', java.version: '19.0.1'
Driver info: org.openqa.selenium.chrome.ChromeDriver
Command: [256116d11cde78234b3d002b04dc9002, findElement {using=xpath, value=(//a[@title='Edit'])[1]}]
Capabilities {acceptInsecureCerts: false, browserName: chrome, browserVersion: 108.0.5359.125, chrome: {chromedriverVersion: 108.0.5359.71 (1e0e3868ee06..., userDataDir: C:\Users\pearl\AppData\Loca...}, goog:chromeOptions: {debuggerAddress: localhost:52144}, networkConnectionEnabled: false, pageLoadStrategy: normal, platformName: WINDOWS, proxy: Proxy(), se:cdp: ws://localhost:52144/devtoo..., se:cdpVersion: 108.0.5359.125, setWindowRect: true, strictFileInteractability: false, timeouts: {implicit: 0, pageLoad: 300000, script: 30000}, unhandledPromptBehavior: dismiss and notify, webauthn:extension:credBlob: true, webauthn:extension:largeBlob: true, webauthn:virtualAuthenticators: true}
Session ID: 256116d11cde78234b3d002b04dc9002
at org.openqa.selenium.remote.codec.w3c.W3CHttpResponseCodec.createException(W3CHttpResponseCodec.java:200)
at org.openqa.selenium.remote.codec.w3c.W3CHttpResponseCodec.decode(W3CHttpResponseCodec.java:133)
at org.openqa.selenium.remote.codec.w3c.W3CHttpResponseCodec.decode(W3CHttpResponseCodec.java:53)
at org.openqa.selenium.remote.HttpCommandExecutor.execute(HttpCommandExecutor.java:184)
at org.openqa.selenium.remote.service.DriverCommandExecutor.invokeExecute(DriverCommandExecutor.java:167)
at org.openqa.selenium.remote.service.DriverCommandExecutor.execute(DriverCommandExecutor.java:142)
at org.openqa.selenium.remote.RemoteWebDriver.execute(RemoteWebDriver.java:541)
at org.openqa.selenium.remote.ElementLocation$ElementFinder$2.findElement(ElementLocation.java:162)
at org.openqa.selenium.remote.ElementLocation.findElement(ElementLocation.java:60)
at org.openqa.selenium.remote.RemoteWebDriver.findElement(RemoteWebDriver.java:365)
at org.openqa.selenium.remote.RemoteWebDriver.findElement(RemoteWebDriver.java:357)
at pearl.SmartER.PageObjects.LocationPage_Objects.edit_icon_click(LocationPage_Objects.java:383)
at pearl.SmartER.TestMethods.LocationPage_TestMethods.verify_user_can_edit_email(LocationPage_TestMethods.java:1416)
at pearl.SmartER.TestCases.LocationPage_TestCases.tc22_verify_user_can_edit_email(LocationPage_TestCases.java:253)
at java.base/java.util.ArrayList.forEach(ArrayList.java:1511)
... Removed 28 stack frames]]>
    </failure>
  </testcase> <!-- tc22_verify_user_can_edit_email -->
  <testcase classname="pearl.SmartER.TestCases.LocationPage_TestCases" name="tc23_verify_search_field_functionality" time="31.217"/>
  <testcase classname="pearl.SmartER.TestCases.LocationPage_TestCases" name="tc24_verify_create_location_with_optional_field_blank" time="27.189"/>
  <testcase classname="pearl.SmartER.TestCases.LocationPage_TestCases" name="tc25_verify_create_location_without_name" time="19.955">
    <failure type="org.openqa.selenium.InvalidArgumentException" message="invalid argument: File not found : E:\\christmas.jpg
  (Session info: chrome=108.0.5359.125)
Build info: version: &amp;apos;4.6.0&amp;apos;, revision: &amp;apos;79f1c02ae20&amp;apos;
System info: os.name: &amp;apos;Windows 11&amp;apos;, os.arch: &amp;apos;amd64&amp;apos;, os.version: &amp;apos;10.0&amp;apos;, java.version: &amp;apos;19.0.1&amp;apos;
Driver info: org.openqa.selenium.chrome.ChromeDriver
Command: [93b5b4662874b7a3d56054b2e0b38834, sendKeysToElement {id=668ff486-c7a8-4f91-ab04-a9d40c48cfc0, value=[Ljava.lang.CharSequence;@4054397}]
Capabilities {acceptInsecureCerts: false, browserName: chrome, browserVersion: 108.0.5359.125, chrome: {chromedriverVersion: 108.0.5359.71 (1e0e3868ee06..., userDataDir: C:\Users\pearl\AppData\Loca...}, goog:chromeOptions: {debuggerAddress: localhost:52323}, networkConnectionEnabled: false, pageLoadStrategy: normal, platformName: WINDOWS, proxy: Proxy(), se:cdp: ws://localhost:52323/devtoo..., se:cdpVersion: 108.0.5359.125, setWindowRect: true, strictFileInteractability: false, timeouts: {implicit: 0, pageLoad: 300000, script: 30000}, unhandledPromptBehavior: dismiss and notify, webauthn:extension:credBlob: true, webauthn:extension:largeBlob: true, webauthn:virtualAuthenticators: true}
Element: [[ChromeDriver: chrome on WINDOWS (93b5b4662874b7a3d56054b2e0b38834)] -&amp;gt; xpath: //input[@name=&amp;apos;...&amp;apos;]]
Session ID: 93b5b4662874b7a3d56054b2e0b38834">
      <![CDATA[org.openqa.selenium.InvalidArgumentException: invalid argument: File not found : E:\\christmas.jpg
  (Session info: chrome=108.0.5359.125)
Build info: version: '4.6.0', revision: '79f1c02ae20'
System info: os.name: 'Windows 11', os.arch: 'amd64', os.version: '10.0', java.version: '19.0.1'
Driver info: org.openqa.selenium.chrome.ChromeDriver
Command: [93b5b4662874b7a3d56054b2e0b38834, sendKeysToElement {id=668ff486-c7a8-4f91-ab04-a9d40c48cfc0, value=[Ljava.lang.CharSequence;@4054397}]
Capabilities {acceptInsecureCerts: false, browserName: chrome, browserVersion: 108.0.5359.125, chrome: {chromedriverVersion: 108.0.5359.71 (1e0e3868ee06..., userDataDir: C:\Users\pearl\AppData\Loca...}, goog:chromeOptions: {debuggerAddress: localhost:52323}, networkConnectionEnabled: false, pageLoadStrategy: normal, platformName: WINDOWS, proxy: Proxy(), se:cdp: ws://localhost:52323/devtoo..., se:cdpVersion: 108.0.5359.125, setWindowRect: true, strictFileInteractability: false, timeouts: {implicit: 0, pageLoad: 300000, script: 30000}, unhandledPromptBehavior: dismiss and notify, webauthn:extension:credBlob: true, webauthn:extension:largeBlob: true, webauthn:virtualAuthenticators: true}
Element: [[ChromeDriver: chrome on WINDOWS (93b5b4662874b7a3d56054b2e0b38834)] -> xpath: //input[@name='...']]
Session ID: 93b5b4662874b7a3d56054b2e0b38834
at org.openqa.selenium.remote.codec.w3c.W3CHttpResponseCodec.createException(W3CHttpResponseCodec.java:200)
at org.openqa.selenium.remote.codec.w3c.W3CHttpResponseCodec.decode(W3CHttpResponseCodec.java:133)
at org.openqa.selenium.remote.codec.w3c.W3CHttpResponseCodec.decode(W3CHttpResponseCodec.java:53)
at org.openqa.selenium.remote.HttpCommandExecutor.execute(HttpCommandExecutor.java:184)
at org.openqa.selenium.remote.service.DriverCommandExecutor.invokeExecute(DriverCommandExecutor.java:167)
at org.openqa.selenium.remote.service.DriverCommandExecutor.execute(DriverCommandExecutor.java:142)
at org.openqa.selenium.remote.RemoteWebDriver.execute(RemoteWebDriver.java:541)
at org.openqa.selenium.remote.RemoteWebElement.execute(RemoteWebElement.java:257)
at org.openqa.selenium.remote.RemoteWebElement.sendKeys(RemoteWebElement.java:113)
at pearl.SmartER.PageObjects.LocationPage_Objects.logo_image_upload(LocationPage_Objects.java:190)
at pearl.SmartER.TestMethods.LocationPage_TestMethods.create_location_without_providing_name(LocationPage_TestMethods.java:213)
at pearl.SmartER.TestCases.LocationPage_TestCases.tc25_verify_create_location_without_name(LocationPage_TestCases.java:283)
at java.base/java.util.ArrayList.forEach(ArrayList.java:1511)
... Removed 28 stack frames]]>
    </failure>
  </testcase> <!-- tc25_verify_create_location_without_name -->
  <testcase classname="pearl.SmartER.TestCases.LocationPage_TestCases" name="tc26_verify_create_location_without_valid_email" time="19.139">
    <failure type="org.openqa.selenium.InvalidArgumentException" message="invalid argument: File not found : E:\\christmas.jpg
  (Session info: chrome=108.0.5359.125)
Build info: version: &amp;apos;4.6.0&amp;apos;, revision: &amp;apos;79f1c02ae20&amp;apos;
System info: os.name: &amp;apos;Windows 11&amp;apos;, os.arch: &amp;apos;amd64&amp;apos;, os.version: &amp;apos;10.0&amp;apos;, java.version: &amp;apos;19.0.1&amp;apos;
Driver info: org.openqa.selenium.chrome.ChromeDriver
Command: [73c1ab88c5bb7f0ae0803d79d40d08ac, sendKeysToElement {id=922c8f35-434f-465e-8541-f4457f011de7, value=[Ljava.lang.CharSequence;@56f809e5}]
Capabilities {acceptInsecureCerts: false, browserName: chrome, browserVersion: 108.0.5359.125, chrome: {chromedriverVersion: 108.0.5359.71 (1e0e3868ee06..., userDataDir: C:\Users\pearl\AppData\Loca...}, goog:chromeOptions: {debuggerAddress: localhost:52376}, networkConnectionEnabled: false, pageLoadStrategy: normal, platformName: WINDOWS, proxy: Proxy(), se:cdp: ws://localhost:52376/devtoo..., se:cdpVersion: 108.0.5359.125, setWindowRect: true, strictFileInteractability: false, timeouts: {implicit: 0, pageLoad: 300000, script: 30000}, unhandledPromptBehavior: dismiss and notify, webauthn:extension:credBlob: true, webauthn:extension:largeBlob: true, webauthn:virtualAuthenticators: true}
Element: [[ChromeDriver: chrome on WINDOWS (73c1ab88c5bb7f0ae0803d79d40d08ac)] -&amp;gt; xpath: //input[@name=&amp;apos;...&amp;apos;]]
Session ID: 73c1ab88c5bb7f0ae0803d79d40d08ac">
      <![CDATA[org.openqa.selenium.InvalidArgumentException: invalid argument: File not found : E:\\christmas.jpg
  (Session info: chrome=108.0.5359.125)
Build info: version: '4.6.0', revision: '79f1c02ae20'
System info: os.name: 'Windows 11', os.arch: 'amd64', os.version: '10.0', java.version: '19.0.1'
Driver info: org.openqa.selenium.chrome.ChromeDriver
Command: [73c1ab88c5bb7f0ae0803d79d40d08ac, sendKeysToElement {id=922c8f35-434f-465e-8541-f4457f011de7, value=[Ljava.lang.CharSequence;@56f809e5}]
Capabilities {acceptInsecureCerts: false, browserName: chrome, browserVersion: 108.0.5359.125, chrome: {chromedriverVersion: 108.0.5359.71 (1e0e3868ee06..., userDataDir: C:\Users\pearl\AppData\Loca...}, goog:chromeOptions: {debuggerAddress: localhost:52376}, networkConnectionEnabled: false, pageLoadStrategy: normal, platformName: WINDOWS, proxy: Proxy(), se:cdp: ws://localhost:52376/devtoo..., se:cdpVersion: 108.0.5359.125, setWindowRect: true, strictFileInteractability: false, timeouts: {implicit: 0, pageLoad: 300000, script: 30000}, unhandledPromptBehavior: dismiss and notify, webauthn:extension:credBlob: true, webauthn:extension:largeBlob: true, webauthn:virtualAuthenticators: true}
Element: [[ChromeDriver: chrome on WINDOWS (73c1ab88c5bb7f0ae0803d79d40d08ac)] -> xpath: //input[@name='...']]
Session ID: 73c1ab88c5bb7f0ae0803d79d40d08ac
at org.openqa.selenium.remote.codec.w3c.W3CHttpResponseCodec.createException(W3CHttpResponseCodec.java:200)
at org.openqa.selenium.remote.codec.w3c.W3CHttpResponseCodec.decode(W3CHttpResponseCodec.java:133)
at org.openqa.selenium.remote.codec.w3c.W3CHttpResponseCodec.decode(W3CHttpResponseCodec.java:53)
at org.openqa.selenium.remote.HttpCommandExecutor.execute(HttpCommandExecutor.java:184)
at org.openqa.selenium.remote.service.DriverCommandExecutor.invokeExecute(DriverCommandExecutor.java:167)
at org.openqa.selenium.remote.service.DriverCommandExecutor.execute(DriverCommandExecutor.java:142)
at org.openqa.selenium.remote.RemoteWebDriver.execute(RemoteWebDriver.java:541)
at org.openqa.selenium.remote.RemoteWebElement.execute(RemoteWebElement.java:257)
at org.openqa.selenium.remote.RemoteWebElement.sendKeys(RemoteWebElement.java:113)
at pearl.SmartER.PageObjects.LocationPage_Objects.logo_image_upload(LocationPage_Objects.java:190)
at pearl.SmartER.TestMethods.LocationPage_TestMethods.create_location_without_providing_valid_email(LocationPage_TestMethods.java:272)
at pearl.SmartER.TestCases.LocationPage_TestCases.tc26_verify_create_location_without_valid_email(LocationPage_TestCases.java:293)
at java.base/java.util.ArrayList.forEach(ArrayList.java:1511)
... Removed 28 stack frames]]>
    </failure>
  </testcase> <!-- tc26_verify_create_location_without_valid_email -->
  <testcase classname="pearl.SmartER.TestCases.LocationPage_TestCases" name="tc27_verify_create_location_without_contactPerson_field" time="19.767">
    <failure type="org.openqa.selenium.InvalidArgumentException" message="invalid argument: File not found : E:\\christmas.jpg
  (Session info: chrome=108.0.5359.125)
Build info: version: &amp;apos;4.6.0&amp;apos;, revision: &amp;apos;79f1c02ae20&amp;apos;
System info: os.name: &amp;apos;Windows 11&amp;apos;, os.arch: &amp;apos;amd64&amp;apos;, os.version: &amp;apos;10.0&amp;apos;, java.version: &amp;apos;19.0.1&amp;apos;
Driver info: org.openqa.selenium.chrome.ChromeDriver
Command: [0733b5dc43f8f3246f23052470a6266d, sendKeysToElement {id=9c9554a8-5478-42c2-a8a1-1b18852eac71, value=[Ljava.lang.CharSequence;@77c3507}]
Capabilities {acceptInsecureCerts: false, browserName: chrome, browserVersion: 108.0.5359.125, chrome: {chromedriverVersion: 108.0.5359.71 (1e0e3868ee06..., userDataDir: C:\Users\pearl\AppData\Loca...}, goog:chromeOptions: {debuggerAddress: localhost:52417}, networkConnectionEnabled: false, pageLoadStrategy: normal, platformName: WINDOWS, proxy: Proxy(), se:cdp: ws://localhost:52417/devtoo..., se:cdpVersion: 108.0.5359.125, setWindowRect: true, strictFileInteractability: false, timeouts: {implicit: 0, pageLoad: 300000, script: 30000}, unhandledPromptBehavior: dismiss and notify, webauthn:extension:credBlob: true, webauthn:extension:largeBlob: true, webauthn:virtualAuthenticators: true}
Element: [[ChromeDriver: chrome on WINDOWS (0733b5dc43f8f3246f23052470a6266d)] -&amp;gt; xpath: //input[@name=&amp;apos;...&amp;apos;]]
Session ID: 0733b5dc43f8f3246f23052470a6266d">
      <![CDATA[org.openqa.selenium.InvalidArgumentException: invalid argument: File not found : E:\\christmas.jpg
  (Session info: chrome=108.0.5359.125)
Build info: version: '4.6.0', revision: '79f1c02ae20'
System info: os.name: 'Windows 11', os.arch: 'amd64', os.version: '10.0', java.version: '19.0.1'
Driver info: org.openqa.selenium.chrome.ChromeDriver
Command: [0733b5dc43f8f3246f23052470a6266d, sendKeysToElement {id=9c9554a8-5478-42c2-a8a1-1b18852eac71, value=[Ljava.lang.CharSequence;@77c3507}]
Capabilities {acceptInsecureCerts: false, browserName: chrome, browserVersion: 108.0.5359.125, chrome: {chromedriverVersion: 108.0.5359.71 (1e0e3868ee06..., userDataDir: C:\Users\pearl\AppData\Loca...}, goog:chromeOptions: {debuggerAddress: localhost:52417}, networkConnectionEnabled: false, pageLoadStrategy: normal, platformName: WINDOWS, proxy: Proxy(), se:cdp: ws://localhost:52417/devtoo..., se:cdpVersion: 108.0.5359.125, setWindowRect: true, strictFileInteractability: false, timeouts: {implicit: 0, pageLoad: 300000, script: 30000}, unhandledPromptBehavior: dismiss and notify, webauthn:extension:credBlob: true, webauthn:extension:largeBlob: true, webauthn:virtualAuthenticators: true}
Element: [[ChromeDriver: chrome on WINDOWS (0733b5dc43f8f3246f23052470a6266d)] -> xpath: //input[@name='...']]
Session ID: 0733b5dc43f8f3246f23052470a6266d
at org.openqa.selenium.remote.codec.w3c.W3CHttpResponseCodec.createException(W3CHttpResponseCodec.java:200)
at org.openqa.selenium.remote.codec.w3c.W3CHttpResponseCodec.decode(W3CHttpResponseCodec.java:133)
at org.openqa.selenium.remote.codec.w3c.W3CHttpResponseCodec.decode(W3CHttpResponseCodec.java:53)
at org.openqa.selenium.remote.HttpCommandExecutor.execute(HttpCommandExecutor.java:184)
at org.openqa.selenium.remote.service.DriverCommandExecutor.invokeExecute(DriverCommandExecutor.java:167)
at org.openqa.selenium.remote.service.DriverCommandExecutor.execute(DriverCommandExecutor.java:142)
at org.openqa.selenium.remote.RemoteWebDriver.execute(RemoteWebDriver.java:541)
at org.openqa.selenium.remote.RemoteWebElement.execute(RemoteWebElement.java:257)
at org.openqa.selenium.remote.RemoteWebElement.sendKeys(RemoteWebElement.java:113)
at pearl.SmartER.PageObjects.LocationPage_Objects.logo_image_upload(LocationPage_Objects.java:190)
at pearl.SmartER.TestMethods.LocationPage_TestMethods.create_location_without_providing_contact_person(LocationPage_TestMethods.java:330)
at pearl.SmartER.TestCases.LocationPage_TestCases.tc27_verify_create_location_without_contactPerson_field(LocationPage_TestCases.java:303)
at java.base/java.util.ArrayList.forEach(ArrayList.java:1511)
... Removed 28 stack frames]]>
    </failure>
  </testcase> <!-- tc27_verify_create_location_without_contactPerson_field -->
  <testcase classname="pearl.SmartER.TestCases.LocationPage_TestCases" name="tc28_verify_create_location_without_phoneNumber_field" time="20.844">
    <failure type="org.openqa.selenium.InvalidArgumentException" message="invalid argument: File not found : E:\\christmas.jpg
  (Session info: chrome=108.0.5359.125)
Build info: version: &amp;apos;4.6.0&amp;apos;, revision: &amp;apos;79f1c02ae20&amp;apos;
System info: os.name: &amp;apos;Windows 11&amp;apos;, os.arch: &amp;apos;amd64&amp;apos;, os.version: &amp;apos;10.0&amp;apos;, java.version: &amp;apos;19.0.1&amp;apos;
Driver info: org.openqa.selenium.chrome.ChromeDriver
Command: [a8b550c890f5dd91483773a720bb3220, sendKeysToElement {id=1382c41e-95e1-4f6b-983a-1e9b32aff048, value=[Ljava.lang.CharSequence;@40a0c58c}]
Capabilities {acceptInsecureCerts: false, browserName: chrome, browserVersion: 108.0.5359.125, chrome: {chromedriverVersion: 108.0.5359.71 (1e0e3868ee06..., userDataDir: C:\Users\pearl\AppData\Loca...}, goog:chromeOptions: {debuggerAddress: localhost:52466}, networkConnectionEnabled: false, pageLoadStrategy: normal, platformName: WINDOWS, proxy: Proxy(), se:cdp: ws://localhost:52466/devtoo..., se:cdpVersion: 108.0.5359.125, setWindowRect: true, strictFileInteractability: false, timeouts: {implicit: 0, pageLoad: 300000, script: 30000}, unhandledPromptBehavior: dismiss and notify, webauthn:extension:credBlob: true, webauthn:extension:largeBlob: true, webauthn:virtualAuthenticators: true}
Element: [[ChromeDriver: chrome on WINDOWS (a8b550c890f5dd91483773a720bb3220)] -&amp;gt; xpath: //input[@name=&amp;apos;...&amp;apos;]]
Session ID: a8b550c890f5dd91483773a720bb3220">
      <![CDATA[org.openqa.selenium.InvalidArgumentException: invalid argument: File not found : E:\\christmas.jpg
  (Session info: chrome=108.0.5359.125)
Build info: version: '4.6.0', revision: '79f1c02ae20'
System info: os.name: 'Windows 11', os.arch: 'amd64', os.version: '10.0', java.version: '19.0.1'
Driver info: org.openqa.selenium.chrome.ChromeDriver
Command: [a8b550c890f5dd91483773a720bb3220, sendKeysToElement {id=1382c41e-95e1-4f6b-983a-1e9b32aff048, value=[Ljava.lang.CharSequence;@40a0c58c}]
Capabilities {acceptInsecureCerts: false, browserName: chrome, browserVersion: 108.0.5359.125, chrome: {chromedriverVersion: 108.0.5359.71 (1e0e3868ee06..., userDataDir: C:\Users\pearl\AppData\Loca...}, goog:chromeOptions: {debuggerAddress: localhost:52466}, networkConnectionEnabled: false, pageLoadStrategy: normal, platformName: WINDOWS, proxy: Proxy(), se:cdp: ws://localhost:52466/devtoo..., se:cdpVersion: 108.0.5359.125, setWindowRect: true, strictFileInteractability: false, timeouts: {implicit: 0, pageLoad: 300000, script: 30000}, unhandledPromptBehavior: dismiss and notify, webauthn:extension:credBlob: true, webauthn:extension:largeBlob: true, webauthn:virtualAuthenticators: true}
Element: [[ChromeDriver: chrome on WINDOWS (a8b550c890f5dd91483773a720bb3220)] -> xpath: //input[@name='...']]
Session ID: a8b550c890f5dd91483773a720bb3220
at org.openqa.selenium.remote.codec.w3c.W3CHttpResponseCodec.createException(W3CHttpResponseCodec.java:200)
at org.openqa.selenium.remote.codec.w3c.W3CHttpResponseCodec.decode(W3CHttpResponseCodec.java:133)
at org.openqa.selenium.remote.codec.w3c.W3CHttpResponseCodec.decode(W3CHttpResponseCodec.java:53)
at org.openqa.selenium.remote.HttpCommandExecutor.execute(HttpCommandExecutor.java:184)
at org.openqa.selenium.remote.service.DriverCommandExecutor.invokeExecute(DriverCommandExecutor.java:167)
at org.openqa.selenium.remote.service.DriverCommandExecutor.execute(DriverCommandExecutor.java:142)
at org.openqa.selenium.remote.RemoteWebDriver.execute(RemoteWebDriver.java:541)
at org.openqa.selenium.remote.RemoteWebElement.execute(RemoteWebElement.java:257)
at org.openqa.selenium.remote.RemoteWebElement.sendKeys(RemoteWebElement.java:113)
at pearl.SmartER.PageObjects.LocationPage_Objects.logo_image_upload(LocationPage_Objects.java:190)
at pearl.SmartER.TestMethods.LocationPage_TestMethods.create_location_without_providing_phoneNumber_field(LocationPage_TestMethods.java:390)
at pearl.SmartER.TestCases.LocationPage_TestCases.tc28_verify_create_location_without_phoneNumber_field(LocationPage_TestCases.java:313)
at java.base/java.util.ArrayList.forEach(ArrayList.java:1511)
... Removed 28 stack frames]]>
    </failure>
  </testcase> <!-- tc28_verify_create_location_without_phoneNumber_field -->
  <testcase classname="pearl.SmartER.TestCases.LocationPage_TestCases" name="tc29_verify_create_location_without_city_field" time="19.668">
    <failure type="org.openqa.selenium.InvalidArgumentException" message="invalid argument: File not found : E:\\christmas.jpg
  (Session info: chrome=108.0.5359.125)
Build info: version: &amp;apos;4.6.0&amp;apos;, revision: &amp;apos;79f1c02ae20&amp;apos;
System info: os.name: &amp;apos;Windows 11&amp;apos;, os.arch: &amp;apos;amd64&amp;apos;, os.version: &amp;apos;10.0&amp;apos;, java.version: &amp;apos;19.0.1&amp;apos;
Driver info: org.openqa.selenium.chrome.ChromeDriver
Command: [0272c7cf68ca1b4bfc5bf3c57d9a6287, sendKeysToElement {id=3b4bcb7e-680a-4801-a468-c943e112a092, value=[Ljava.lang.CharSequence;@30a7f22e}]
Capabilities {acceptInsecureCerts: false, browserName: chrome, browserVersion: 108.0.5359.125, chrome: {chromedriverVersion: 108.0.5359.71 (1e0e3868ee06..., userDataDir: C:\Users\pearl\AppData\Loca...}, goog:chromeOptions: {debuggerAddress: localhost:52516}, networkConnectionEnabled: false, pageLoadStrategy: normal, platformName: WINDOWS, proxy: Proxy(), se:cdp: ws://localhost:52516/devtoo..., se:cdpVersion: 108.0.5359.125, setWindowRect: true, strictFileInteractability: false, timeouts: {implicit: 0, pageLoad: 300000, script: 30000}, unhandledPromptBehavior: dismiss and notify, webauthn:extension:credBlob: true, webauthn:extension:largeBlob: true, webauthn:virtualAuthenticators: true}
Element: [[ChromeDriver: chrome on WINDOWS (0272c7cf68ca1b4bfc5bf3c57d9a6287)] -&amp;gt; xpath: //input[@name=&amp;apos;...&amp;apos;]]
Session ID: 0272c7cf68ca1b4bfc5bf3c57d9a6287">
      <![CDATA[org.openqa.selenium.InvalidArgumentException: invalid argument: File not found : E:\\christmas.jpg
  (Session info: chrome=108.0.5359.125)
Build info: version: '4.6.0', revision: '79f1c02ae20'
System info: os.name: 'Windows 11', os.arch: 'amd64', os.version: '10.0', java.version: '19.0.1'
Driver info: org.openqa.selenium.chrome.ChromeDriver
Command: [0272c7cf68ca1b4bfc5bf3c57d9a6287, sendKeysToElement {id=3b4bcb7e-680a-4801-a468-c943e112a092, value=[Ljava.lang.CharSequence;@30a7f22e}]
Capabilities {acceptInsecureCerts: false, browserName: chrome, browserVersion: 108.0.5359.125, chrome: {chromedriverVersion: 108.0.5359.71 (1e0e3868ee06..., userDataDir: C:\Users\pearl\AppData\Loca...}, goog:chromeOptions: {debuggerAddress: localhost:52516}, networkConnectionEnabled: false, pageLoadStrategy: normal, platformName: WINDOWS, proxy: Proxy(), se:cdp: ws://localhost:52516/devtoo..., se:cdpVersion: 108.0.5359.125, setWindowRect: true, strictFileInteractability: false, timeouts: {implicit: 0, pageLoad: 300000, script: 30000}, unhandledPromptBehavior: dismiss and notify, webauthn:extension:credBlob: true, webauthn:extension:largeBlob: true, webauthn:virtualAuthenticators: true}
Element: [[ChromeDriver: chrome on WINDOWS (0272c7cf68ca1b4bfc5bf3c57d9a6287)] -> xpath: //input[@name='...']]
Session ID: 0272c7cf68ca1b4bfc5bf3c57d9a6287
at org.openqa.selenium.remote.codec.w3c.W3CHttpResponseCodec.createException(W3CHttpResponseCodec.java:200)
at org.openqa.selenium.remote.codec.w3c.W3CHttpResponseCodec.decode(W3CHttpResponseCodec.java:133)
at org.openqa.selenium.remote.codec.w3c.W3CHttpResponseCodec.decode(W3CHttpResponseCodec.java:53)
at org.openqa.selenium.remote.HttpCommandExecutor.execute(HttpCommandExecutor.java:184)
at org.openqa.selenium.remote.service.DriverCommandExecutor.invokeExecute(DriverCommandExecutor.java:167)
at org.openqa.selenium.remote.service.DriverCommandExecutor.execute(DriverCommandExecutor.java:142)
at org.openqa.selenium.remote.RemoteWebDriver.execute(RemoteWebDriver.java:541)
at org.openqa.selenium.remote.RemoteWebElement.execute(RemoteWebElement.java:257)
at org.openqa.selenium.remote.RemoteWebElement.sendKeys(RemoteWebElement.java:113)
at pearl.SmartER.PageObjects.LocationPage_Objects.logo_image_upload(LocationPage_Objects.java:190)
at pearl.SmartER.TestMethods.LocationPage_TestMethods.create_location_without_providing_city_field(LocationPage_TestMethods.java:449)
at pearl.SmartER.TestCases.LocationPage_TestCases.tc29_verify_create_location_without_city_field(LocationPage_TestCases.java:323)
at java.base/java.util.ArrayList.forEach(ArrayList.java:1511)
... Removed 28 stack frames]]>
    </failure>
  </testcase> <!-- tc29_verify_create_location_without_city_field -->
  <testcase classname="pearl.SmartER.TestCases.LocationPage_TestCases" name="tc30_verify_create_location_without_website_field" time="18.858">
    <failure type="org.openqa.selenium.InvalidArgumentException" message="invalid argument: File not found : E:\\christmas.jpg
  (Session info: chrome=108.0.5359.125)
Build info: version: &amp;apos;4.6.0&amp;apos;, revision: &amp;apos;79f1c02ae20&amp;apos;
System info: os.name: &amp;apos;Windows 11&amp;apos;, os.arch: &amp;apos;amd64&amp;apos;, os.version: &amp;apos;10.0&amp;apos;, java.version: &amp;apos;19.0.1&amp;apos;
Driver info: org.openqa.selenium.chrome.ChromeDriver
Command: [b8919f6fe346e47bfda47cadb89f4c2f, sendKeysToElement {id=8ce9ba84-dfac-4058-92af-b2ea62d39c2e, value=[Ljava.lang.CharSequence;@12b4dc17}]
Capabilities {acceptInsecureCerts: false, browserName: chrome, browserVersion: 108.0.5359.125, chrome: {chromedriverVersion: 108.0.5359.71 (1e0e3868ee06..., userDataDir: C:\Users\pearl\AppData\Loca...}, goog:chromeOptions: {debuggerAddress: localhost:52559}, networkConnectionEnabled: false, pageLoadStrategy: normal, platformName: WINDOWS, proxy: Proxy(), se:cdp: ws://localhost:52559/devtoo..., se:cdpVersion: 108.0.5359.125, setWindowRect: true, strictFileInteractability: false, timeouts: {implicit: 0, pageLoad: 300000, script: 30000}, unhandledPromptBehavior: dismiss and notify, webauthn:extension:credBlob: true, webauthn:extension:largeBlob: true, webauthn:virtualAuthenticators: true}
Element: [[ChromeDriver: chrome on WINDOWS (b8919f6fe346e47bfda47cadb89f4c2f)] -&amp;gt; xpath: //input[@name=&amp;apos;...&amp;apos;]]
Session ID: b8919f6fe346e47bfda47cadb89f4c2f">
      <![CDATA[org.openqa.selenium.InvalidArgumentException: invalid argument: File not found : E:\\christmas.jpg
  (Session info: chrome=108.0.5359.125)
Build info: version: '4.6.0', revision: '79f1c02ae20'
System info: os.name: 'Windows 11', os.arch: 'amd64', os.version: '10.0', java.version: '19.0.1'
Driver info: org.openqa.selenium.chrome.ChromeDriver
Command: [b8919f6fe346e47bfda47cadb89f4c2f, sendKeysToElement {id=8ce9ba84-dfac-4058-92af-b2ea62d39c2e, value=[Ljava.lang.CharSequence;@12b4dc17}]
Capabilities {acceptInsecureCerts: false, browserName: chrome, browserVersion: 108.0.5359.125, chrome: {chromedriverVersion: 108.0.5359.71 (1e0e3868ee06..., userDataDir: C:\Users\pearl\AppData\Loca...}, goog:chromeOptions: {debuggerAddress: localhost:52559}, networkConnectionEnabled: false, pageLoadStrategy: normal, platformName: WINDOWS, proxy: Proxy(), se:cdp: ws://localhost:52559/devtoo..., se:cdpVersion: 108.0.5359.125, setWindowRect: true, strictFileInteractability: false, timeouts: {implicit: 0, pageLoad: 300000, script: 30000}, unhandledPromptBehavior: dismiss and notify, webauthn:extension:credBlob: true, webauthn:extension:largeBlob: true, webauthn:virtualAuthenticators: true}
Element: [[ChromeDriver: chrome on WINDOWS (b8919f6fe346e47bfda47cadb89f4c2f)] -> xpath: //input[@name='...']]
Session ID: b8919f6fe346e47bfda47cadb89f4c2f
at org.openqa.selenium.remote.codec.w3c.W3CHttpResponseCodec.createException(W3CHttpResponseCodec.java:200)
at org.openqa.selenium.remote.codec.w3c.W3CHttpResponseCodec.decode(W3CHttpResponseCodec.java:133)
at org.openqa.selenium.remote.codec.w3c.W3CHttpResponseCodec.decode(W3CHttpResponseCodec.java:53)
at org.openqa.selenium.remote.HttpCommandExecutor.execute(HttpCommandExecutor.java:184)
at org.openqa.selenium.remote.service.DriverCommandExecutor.invokeExecute(DriverCommandExecutor.java:167)
at org.openqa.selenium.remote.service.DriverCommandExecutor.execute(DriverCommandExecutor.java:142)
at org.openqa.selenium.remote.RemoteWebDriver.execute(RemoteWebDriver.java:541)
at org.openqa.selenium.remote.RemoteWebElement.execute(RemoteWebElement.java:257)
at org.openqa.selenium.remote.RemoteWebElement.sendKeys(RemoteWebElement.java:113)
at pearl.SmartER.PageObjects.LocationPage_Objects.logo_image_upload(LocationPage_Objects.java:190)
at pearl.SmartER.TestMethods.LocationPage_TestMethods.create_location_without_providing_website_field(LocationPage_TestMethods.java:508)
at pearl.SmartER.TestCases.LocationPage_TestCases.tc30_verify_create_location_without_website_field(LocationPage_TestCases.java:333)
at java.base/java.util.ArrayList.forEach(ArrayList.java:1511)
... Removed 28 stack frames]]>
    </failure>
  </testcase> <!-- tc30_verify_create_location_without_website_field -->
  <testcase classname="pearl.SmartER.TestCases.LocationPage_TestCases" name="tc31_verify_create_location_without_subunit_field" time="18.315">
    <failure type="org.openqa.selenium.InvalidArgumentException" message="invalid argument: File not found : E:\\christmas.jpg
  (Session info: chrome=108.0.5359.125)
Build info: version: &amp;apos;4.6.0&amp;apos;, revision: &amp;apos;79f1c02ae20&amp;apos;
System info: os.name: &amp;apos;Windows 11&amp;apos;, os.arch: &amp;apos;amd64&amp;apos;, os.version: &amp;apos;10.0&amp;apos;, java.version: &amp;apos;19.0.1&amp;apos;
Driver info: org.openqa.selenium.chrome.ChromeDriver
Command: [17daaba70c22622c88b41e82830f75c2, sendKeysToElement {id=34a1c514-10fd-4f9c-bb9b-f943c67d3f77, value=[Ljava.lang.CharSequence;@2495d489}]
Capabilities {acceptInsecureCerts: false, browserName: chrome, browserVersion: 108.0.5359.125, chrome: {chromedriverVersion: 108.0.5359.71 (1e0e3868ee06..., userDataDir: C:\Users\pearl\AppData\Loca...}, goog:chromeOptions: {debuggerAddress: localhost:52600}, networkConnectionEnabled: false, pageLoadStrategy: normal, platformName: WINDOWS, proxy: Proxy(), se:cdp: ws://localhost:52600/devtoo..., se:cdpVersion: 108.0.5359.125, setWindowRect: true, strictFileInteractability: false, timeouts: {implicit: 0, pageLoad: 300000, script: 30000}, unhandledPromptBehavior: dismiss and notify, webauthn:extension:credBlob: true, webauthn:extension:largeBlob: true, webauthn:virtualAuthenticators: true}
Element: [[ChromeDriver: chrome on WINDOWS (17daaba70c22622c88b41e82830f75c2)] -&amp;gt; xpath: //input[@name=&amp;apos;...&amp;apos;]]
Session ID: 17daaba70c22622c88b41e82830f75c2">
      <![CDATA[org.openqa.selenium.InvalidArgumentException: invalid argument: File not found : E:\\christmas.jpg
  (Session info: chrome=108.0.5359.125)
Build info: version: '4.6.0', revision: '79f1c02ae20'
System info: os.name: 'Windows 11', os.arch: 'amd64', os.version: '10.0', java.version: '19.0.1'
Driver info: org.openqa.selenium.chrome.ChromeDriver
Command: [17daaba70c22622c88b41e82830f75c2, sendKeysToElement {id=34a1c514-10fd-4f9c-bb9b-f943c67d3f77, value=[Ljava.lang.CharSequence;@2495d489}]
Capabilities {acceptInsecureCerts: false, browserName: chrome, browserVersion: 108.0.5359.125, chrome: {chromedriverVersion: 108.0.5359.71 (1e0e3868ee06..., userDataDir: C:\Users\pearl\AppData\Loca...}, goog:chromeOptions: {debuggerAddress: localhost:52600}, networkConnectionEnabled: false, pageLoadStrategy: normal, platformName: WINDOWS, proxy: Proxy(), se:cdp: ws://localhost:52600/devtoo..., se:cdpVersion: 108.0.5359.125, setWindowRect: true, strictFileInteractability: false, timeouts: {implicit: 0, pageLoad: 300000, script: 30000}, unhandledPromptBehavior: dismiss and notify, webauthn:extension:credBlob: true, webauthn:extension:largeBlob: true, webauthn:virtualAuthenticators: true}
Element: [[ChromeDriver: chrome on WINDOWS (17daaba70c22622c88b41e82830f75c2)] -> xpath: //input[@name='...']]
Session ID: 17daaba70c22622c88b41e82830f75c2
at org.openqa.selenium.remote.codec.w3c.W3CHttpResponseCodec.createException(W3CHttpResponseCodec.java:200)
at org.openqa.selenium.remote.codec.w3c.W3CHttpResponseCodec.decode(W3CHttpResponseCodec.java:133)
at org.openqa.selenium.remote.codec.w3c.W3CHttpResponseCodec.decode(W3CHttpResponseCodec.java:53)
at org.openqa.selenium.remote.HttpCommandExecutor.execute(HttpCommandExecutor.java:184)
at org.openqa.selenium.remote.service.DriverCommandExecutor.invokeExecute(DriverCommandExecutor.java:167)
at org.openqa.selenium.remote.service.DriverCommandExecutor.execute(DriverCommandExecutor.java:142)
at org.openqa.selenium.remote.RemoteWebDriver.execute(RemoteWebDriver.java:541)
at org.openqa.selenium.remote.RemoteWebElement.execute(RemoteWebElement.java:257)
at org.openqa.selenium.remote.RemoteWebElement.sendKeys(RemoteWebElement.java:113)
at pearl.SmartER.PageObjects.LocationPage_Objects.logo_image_upload(LocationPage_Objects.java:190)
at pearl.SmartER.TestMethods.LocationPage_TestMethods.create_location_without_providing_subunit_field(LocationPage_TestMethods.java:568)
at pearl.SmartER.TestCases.LocationPage_TestCases.tc31_verify_create_location_without_subunit_field(LocationPage_TestCases.java:343)
at java.base/java.util.ArrayList.forEach(ArrayList.java:1511)
... Removed 28 stack frames]]>
    </failure>
  </testcase> <!-- tc31_verify_create_location_without_subunit_field -->
  <testcase classname="pearl.SmartER.TestCases.LocationPage_TestCases" name="tc32_verify_create_location_without_contactAddress_field" time="19.786">
    <failure type="org.openqa.selenium.InvalidArgumentException" message="invalid argument: File not found : E:\\christmas.jpg
  (Session info: chrome=108.0.5359.125)
Build info: version: &amp;apos;4.6.0&amp;apos;, revision: &amp;apos;79f1c02ae20&amp;apos;
System info: os.name: &amp;apos;Windows 11&amp;apos;, os.arch: &amp;apos;amd64&amp;apos;, os.version: &amp;apos;10.0&amp;apos;, java.version: &amp;apos;19.0.1&amp;apos;
Driver info: org.openqa.selenium.chrome.ChromeDriver
Command: [881186a734576ba617935c235630c23d, sendKeysToElement {id=d8190657-21cf-4ba7-9980-5a473c2e0462, value=[Ljava.lang.CharSequence;@549e0088}]
Capabilities {acceptInsecureCerts: false, browserName: chrome, browserVersion: 108.0.5359.125, chrome: {chromedriverVersion: 108.0.5359.71 (1e0e3868ee06..., userDataDir: C:\Users\pearl\AppData\Loca...}, goog:chromeOptions: {debuggerAddress: localhost:52646}, networkConnectionEnabled: false, pageLoadStrategy: normal, platformName: WINDOWS, proxy: Proxy(), se:cdp: ws://localhost:52646/devtoo..., se:cdpVersion: 108.0.5359.125, setWindowRect: true, strictFileInteractability: false, timeouts: {implicit: 0, pageLoad: 300000, script: 30000}, unhandledPromptBehavior: dismiss and notify, webauthn:extension:credBlob: true, webauthn:extension:largeBlob: true, webauthn:virtualAuthenticators: true}
Element: [[ChromeDriver: chrome on WINDOWS (881186a734576ba617935c235630c23d)] -&amp;gt; xpath: //input[@name=&amp;apos;...&amp;apos;]]
Session ID: 881186a734576ba617935c235630c23d">
      <![CDATA[org.openqa.selenium.InvalidArgumentException: invalid argument: File not found : E:\\christmas.jpg
  (Session info: chrome=108.0.5359.125)
Build info: version: '4.6.0', revision: '79f1c02ae20'
System info: os.name: 'Windows 11', os.arch: 'amd64', os.version: '10.0', java.version: '19.0.1'
Driver info: org.openqa.selenium.chrome.ChromeDriver
Command: [881186a734576ba617935c235630c23d, sendKeysToElement {id=d8190657-21cf-4ba7-9980-5a473c2e0462, value=[Ljava.lang.CharSequence;@549e0088}]
Capabilities {acceptInsecureCerts: false, browserName: chrome, browserVersion: 108.0.5359.125, chrome: {chromedriverVersion: 108.0.5359.71 (1e0e3868ee06..., userDataDir: C:\Users\pearl\AppData\Loca...}, goog:chromeOptions: {debuggerAddress: localhost:52646}, networkConnectionEnabled: false, pageLoadStrategy: normal, platformName: WINDOWS, proxy: Proxy(), se:cdp: ws://localhost:52646/devtoo..., se:cdpVersion: 108.0.5359.125, setWindowRect: true, strictFileInteractability: false, timeouts: {implicit: 0, pageLoad: 300000, script: 30000}, unhandledPromptBehavior: dismiss and notify, webauthn:extension:credBlob: true, webauthn:extension:largeBlob: true, webauthn:virtualAuthenticators: true}
Element: [[ChromeDriver: chrome on WINDOWS (881186a734576ba617935c235630c23d)] -> xpath: //input[@name='...']]
Session ID: 881186a734576ba617935c235630c23d
at org.openqa.selenium.remote.codec.w3c.W3CHttpResponseCodec.createException(W3CHttpResponseCodec.java:200)
at org.openqa.selenium.remote.codec.w3c.W3CHttpResponseCodec.decode(W3CHttpResponseCodec.java:133)
at org.openqa.selenium.remote.codec.w3c.W3CHttpResponseCodec.decode(W3CHttpResponseCodec.java:53)
at org.openqa.selenium.remote.HttpCommandExecutor.execute(HttpCommandExecutor.java:184)
at org.openqa.selenium.remote.service.DriverCommandExecutor.invokeExecute(DriverCommandExecutor.java:167)
at org.openqa.selenium.remote.service.DriverCommandExecutor.execute(DriverCommandExecutor.java:142)
at org.openqa.selenium.remote.RemoteWebDriver.execute(RemoteWebDriver.java:541)
at org.openqa.selenium.remote.RemoteWebElement.execute(RemoteWebElement.java:257)
at org.openqa.selenium.remote.RemoteWebElement.sendKeys(RemoteWebElement.java:113)
at pearl.SmartER.PageObjects.LocationPage_Objects.logo_image_upload(LocationPage_Objects.java:190)
at pearl.SmartER.TestMethods.LocationPage_TestMethods.create_location_without_providing_contactAddress_field(LocationPage_TestMethods.java:627)
at pearl.SmartER.TestCases.LocationPage_TestCases.tc32_verify_create_location_without_contactAddress_field(LocationPage_TestCases.java:353)
at java.base/java.util.ArrayList.forEach(ArrayList.java:1511)
... Removed 28 stack frames]]>
    </failure>
  </testcase> <!-- tc32_verify_create_location_without_contactAddress_field -->
  <testcase classname="pearl.SmartER.TestCases.LocationPage_TestCases" name="tc33_verify_create_location_without_country_dropdown" time="19.747">
    <failure type="org.openqa.selenium.InvalidArgumentException" message="invalid argument: File not found : E:\\christmas.jpg
  (Session info: chrome=108.0.5359.125)
Build info: version: &amp;apos;4.6.0&amp;apos;, revision: &amp;apos;79f1c02ae20&amp;apos;
System info: os.name: &amp;apos;Windows 11&amp;apos;, os.arch: &amp;apos;amd64&amp;apos;, os.version: &amp;apos;10.0&amp;apos;, java.version: &amp;apos;19.0.1&amp;apos;
Driver info: org.openqa.selenium.chrome.ChromeDriver
Command: [f02c0053bc09fe488e11c8f0b407b793, sendKeysToElement {id=cd8f6706-146e-434f-bf3c-b3775230cb3b, value=[Ljava.lang.CharSequence;@6a35ab2e}]
Capabilities {acceptInsecureCerts: false, browserName: chrome, browserVersion: 108.0.5359.125, chrome: {chromedriverVersion: 108.0.5359.71 (1e0e3868ee06..., userDataDir: C:\Users\pearl\AppData\Loca...}, goog:chromeOptions: {debuggerAddress: localhost:52688}, networkConnectionEnabled: false, pageLoadStrategy: normal, platformName: WINDOWS, proxy: Proxy(), se:cdp: ws://localhost:52688/devtoo..., se:cdpVersion: 108.0.5359.125, setWindowRect: true, strictFileInteractability: false, timeouts: {implicit: 0, pageLoad: 300000, script: 30000}, unhandledPromptBehavior: dismiss and notify, webauthn:extension:credBlob: true, webauthn:extension:largeBlob: true, webauthn:virtualAuthenticators: true}
Element: [[ChromeDriver: chrome on WINDOWS (f02c0053bc09fe488e11c8f0b407b793)] -&amp;gt; xpath: //input[@name=&amp;apos;...&amp;apos;]]
Session ID: f02c0053bc09fe488e11c8f0b407b793">
      <![CDATA[org.openqa.selenium.InvalidArgumentException: invalid argument: File not found : E:\\christmas.jpg
  (Session info: chrome=108.0.5359.125)
Build info: version: '4.6.0', revision: '79f1c02ae20'
System info: os.name: 'Windows 11', os.arch: 'amd64', os.version: '10.0', java.version: '19.0.1'
Driver info: org.openqa.selenium.chrome.ChromeDriver
Command: [f02c0053bc09fe488e11c8f0b407b793, sendKeysToElement {id=cd8f6706-146e-434f-bf3c-b3775230cb3b, value=[Ljava.lang.CharSequence;@6a35ab2e}]
Capabilities {acceptInsecureCerts: false, browserName: chrome, browserVersion: 108.0.5359.125, chrome: {chromedriverVersion: 108.0.5359.71 (1e0e3868ee06..., userDataDir: C:\Users\pearl\AppData\Loca...}, goog:chromeOptions: {debuggerAddress: localhost:52688}, networkConnectionEnabled: false, pageLoadStrategy: normal, platformName: WINDOWS, proxy: Proxy(), se:cdp: ws://localhost:52688/devtoo..., se:cdpVersion: 108.0.5359.125, setWindowRect: true, strictFileInteractability: false, timeouts: {implicit: 0, pageLoad: 300000, script: 30000}, unhandledPromptBehavior: dismiss and notify, webauthn:extension:credBlob: true, webauthn:extension:largeBlob: true, webauthn:virtualAuthenticators: true}
Element: [[ChromeDriver: chrome on WINDOWS (f02c0053bc09fe488e11c8f0b407b793)] -> xpath: //input[@name='...']]
Session ID: f02c0053bc09fe488e11c8f0b407b793
at org.openqa.selenium.remote.codec.w3c.W3CHttpResponseCodec.createException(W3CHttpResponseCodec.java:200)
at org.openqa.selenium.remote.codec.w3c.W3CHttpResponseCodec.decode(W3CHttpResponseCodec.java:133)
at org.openqa.selenium.remote.codec.w3c.W3CHttpResponseCodec.decode(W3CHttpResponseCodec.java:53)
at org.openqa.selenium.remote.HttpCommandExecutor.execute(HttpCommandExecutor.java:184)
at org.openqa.selenium.remote.service.DriverCommandExecutor.invokeExecute(DriverCommandExecutor.java:167)
at org.openqa.selenium.remote.service.DriverCommandExecutor.execute(DriverCommandExecutor.java:142)
at org.openqa.selenium.remote.RemoteWebDriver.execute(RemoteWebDriver.java:541)
at org.openqa.selenium.remote.RemoteWebElement.execute(RemoteWebElement.java:257)
at org.openqa.selenium.remote.RemoteWebElement.sendKeys(RemoteWebElement.java:113)
at pearl.SmartER.PageObjects.LocationPage_Objects.logo_image_upload(LocationPage_Objects.java:190)
at pearl.SmartER.TestMethods.LocationPage_TestMethods.create_location_without_selecting_country_dropdown(LocationPage_TestMethods.java:686)
at pearl.SmartER.TestCases.LocationPage_TestCases.tc33_verify_create_location_without_country_dropdown(LocationPage_TestCases.java:363)
at java.base/java.util.ArrayList.forEach(ArrayList.java:1511)
... Removed 28 stack frames]]>
    </failure>
  </testcase> <!-- tc33_verify_create_location_without_country_dropdown -->
  <testcase classname="pearl.SmartER.TestCases.LocationPage_TestCases" name="tc34_verify_create_location_without_state_dropdown" time="18.983">
    <failure type="org.openqa.selenium.InvalidArgumentException" message="invalid argument: File not found : E:\\christmas.jpg
  (Session info: chrome=108.0.5359.125)
Build info: version: &amp;apos;4.6.0&amp;apos;, revision: &amp;apos;79f1c02ae20&amp;apos;
System info: os.name: &amp;apos;Windows 11&amp;apos;, os.arch: &amp;apos;amd64&amp;apos;, os.version: &amp;apos;10.0&amp;apos;, java.version: &amp;apos;19.0.1&amp;apos;
Driver info: org.openqa.selenium.chrome.ChromeDriver
Command: [c0713a480b03dd73409ddd7c4edbcd84, sendKeysToElement {id=89a5c9e2-5bf4-4293-a51e-0ae59a66c182, value=[Ljava.lang.CharSequence;@3128baef}]
Capabilities {acceptInsecureCerts: false, browserName: chrome, browserVersion: 108.0.5359.125, chrome: {chromedriverVersion: 108.0.5359.71 (1e0e3868ee06..., userDataDir: C:\Users\pearl\AppData\Loca...}, goog:chromeOptions: {debuggerAddress: localhost:52728}, networkConnectionEnabled: false, pageLoadStrategy: normal, platformName: WINDOWS, proxy: Proxy(), se:cdp: ws://localhost:52728/devtoo..., se:cdpVersion: 108.0.5359.125, setWindowRect: true, strictFileInteractability: false, timeouts: {implicit: 0, pageLoad: 300000, script: 30000}, unhandledPromptBehavior: dismiss and notify, webauthn:extension:credBlob: true, webauthn:extension:largeBlob: true, webauthn:virtualAuthenticators: true}
Element: [[ChromeDriver: chrome on WINDOWS (c0713a480b03dd73409ddd7c4edbcd84)] -&amp;gt; xpath: //input[@name=&amp;apos;...&amp;apos;]]
Session ID: c0713a480b03dd73409ddd7c4edbcd84">
      <![CDATA[org.openqa.selenium.InvalidArgumentException: invalid argument: File not found : E:\\christmas.jpg
  (Session info: chrome=108.0.5359.125)
Build info: version: '4.6.0', revision: '79f1c02ae20'
System info: os.name: 'Windows 11', os.arch: 'amd64', os.version: '10.0', java.version: '19.0.1'
Driver info: org.openqa.selenium.chrome.ChromeDriver
Command: [c0713a480b03dd73409ddd7c4edbcd84, sendKeysToElement {id=89a5c9e2-5bf4-4293-a51e-0ae59a66c182, value=[Ljava.lang.CharSequence;@3128baef}]
Capabilities {acceptInsecureCerts: false, browserName: chrome, browserVersion: 108.0.5359.125, chrome: {chromedriverVersion: 108.0.5359.71 (1e0e3868ee06..., userDataDir: C:\Users\pearl\AppData\Loca...}, goog:chromeOptions: {debuggerAddress: localhost:52728}, networkConnectionEnabled: false, pageLoadStrategy: normal, platformName: WINDOWS, proxy: Proxy(), se:cdp: ws://localhost:52728/devtoo..., se:cdpVersion: 108.0.5359.125, setWindowRect: true, strictFileInteractability: false, timeouts: {implicit: 0, pageLoad: 300000, script: 30000}, unhandledPromptBehavior: dismiss and notify, webauthn:extension:credBlob: true, webauthn:extension:largeBlob: true, webauthn:virtualAuthenticators: true}
Element: [[ChromeDriver: chrome on WINDOWS (c0713a480b03dd73409ddd7c4edbcd84)] -> xpath: //input[@name='...']]
Session ID: c0713a480b03dd73409ddd7c4edbcd84
at org.openqa.selenium.remote.codec.w3c.W3CHttpResponseCodec.createException(W3CHttpResponseCodec.java:200)
at org.openqa.selenium.remote.codec.w3c.W3CHttpResponseCodec.decode(W3CHttpResponseCodec.java:133)
at org.openqa.selenium.remote.codec.w3c.W3CHttpResponseCodec.decode(W3CHttpResponseCodec.java:53)
at org.openqa.selenium.remote.HttpCommandExecutor.execute(HttpCommandExecutor.java:184)
at org.openqa.selenium.remote.service.DriverCommandExecutor.invokeExecute(DriverCommandExecutor.java:167)
at org.openqa.selenium.remote.service.DriverCommandExecutor.execute(DriverCommandExecutor.java:142)
at org.openqa.selenium.remote.RemoteWebDriver.execute(RemoteWebDriver.java:541)
at org.openqa.selenium.remote.RemoteWebElement.execute(RemoteWebElement.java:257)
at org.openqa.selenium.remote.RemoteWebElement.sendKeys(RemoteWebElement.java:113)
at pearl.SmartER.PageObjects.LocationPage_Objects.logo_image_upload(LocationPage_Objects.java:190)
at pearl.SmartER.TestMethods.LocationPage_TestMethods.create_location_without_selecting_state_dropdown(LocationPage_TestMethods.java:745)
at pearl.SmartER.TestCases.LocationPage_TestCases.tc34_verify_create_location_without_state_dropdown(LocationPage_TestCases.java:373)
at java.base/java.util.ArrayList.forEach(ArrayList.java:1511)
... Removed 28 stack frames]]>
    </failure>
  </testcase> <!-- tc34_verify_create_location_without_state_dropdown -->
  <testcase classname="pearl.SmartER.TestCases.LocationPage_TestCases" name="tc35_verify_create_location_without_preferedDateFormat_dropdown" time="17.986">
    <failure type="org.openqa.selenium.InvalidArgumentException" message="invalid argument: File not found : E:\\christmas.jpg
  (Session info: chrome=108.0.5359.125)
Build info: version: &amp;apos;4.6.0&amp;apos;, revision: &amp;apos;79f1c02ae20&amp;apos;
System info: os.name: &amp;apos;Windows 11&amp;apos;, os.arch: &amp;apos;amd64&amp;apos;, os.version: &amp;apos;10.0&amp;apos;, java.version: &amp;apos;19.0.1&amp;apos;
Driver info: org.openqa.selenium.chrome.ChromeDriver
Command: [ee844e5ffd051b4ef80430f4d3487efe, sendKeysToElement {id=ee555c0f-cb81-4743-b1a7-5df859da04bd, value=[Ljava.lang.CharSequence;@abc67a}]
Capabilities {acceptInsecureCerts: false, browserName: chrome, browserVersion: 108.0.5359.125, chrome: {chromedriverVersion: 108.0.5359.71 (1e0e3868ee06..., userDataDir: C:\Users\pearl\AppData\Loca...}, goog:chromeOptions: {debuggerAddress: localhost:52775}, networkConnectionEnabled: false, pageLoadStrategy: normal, platformName: WINDOWS, proxy: Proxy(), se:cdp: ws://localhost:52775/devtoo..., se:cdpVersion: 108.0.5359.125, setWindowRect: true, strictFileInteractability: false, timeouts: {implicit: 0, pageLoad: 300000, script: 30000}, unhandledPromptBehavior: dismiss and notify, webauthn:extension:credBlob: true, webauthn:extension:largeBlob: true, webauthn:virtualAuthenticators: true}
Element: [[ChromeDriver: chrome on WINDOWS (ee844e5ffd051b4ef80430f4d3487efe)] -&amp;gt; xpath: //input[@name=&amp;apos;...&amp;apos;]]
Session ID: ee844e5ffd051b4ef80430f4d3487efe">
      <![CDATA[org.openqa.selenium.InvalidArgumentException: invalid argument: File not found : E:\\christmas.jpg
  (Session info: chrome=108.0.5359.125)
Build info: version: '4.6.0', revision: '79f1c02ae20'
System info: os.name: 'Windows 11', os.arch: 'amd64', os.version: '10.0', java.version: '19.0.1'
Driver info: org.openqa.selenium.chrome.ChromeDriver
Command: [ee844e5ffd051b4ef80430f4d3487efe, sendKeysToElement {id=ee555c0f-cb81-4743-b1a7-5df859da04bd, value=[Ljava.lang.CharSequence;@abc67a}]
Capabilities {acceptInsecureCerts: false, browserName: chrome, browserVersion: 108.0.5359.125, chrome: {chromedriverVersion: 108.0.5359.71 (1e0e3868ee06..., userDataDir: C:\Users\pearl\AppData\Loca...}, goog:chromeOptions: {debuggerAddress: localhost:52775}, networkConnectionEnabled: false, pageLoadStrategy: normal, platformName: WINDOWS, proxy: Proxy(), se:cdp: ws://localhost:52775/devtoo..., se:cdpVersion: 108.0.5359.125, setWindowRect: true, strictFileInteractability: false, timeouts: {implicit: 0, pageLoad: 300000, script: 30000}, unhandledPromptBehavior: dismiss and notify, webauthn:extension:credBlob: true, webauthn:extension:largeBlob: true, webauthn:virtualAuthenticators: true}
Element: [[ChromeDriver: chrome on WINDOWS (ee844e5ffd051b4ef80430f4d3487efe)] -> xpath: //input[@name='...']]
Session ID: ee844e5ffd051b4ef80430f4d3487efe
at org.openqa.selenium.remote.codec.w3c.W3CHttpResponseCodec.createException(W3CHttpResponseCodec.java:200)
at org.openqa.selenium.remote.codec.w3c.W3CHttpResponseCodec.decode(W3CHttpResponseCodec.java:133)
at org.openqa.selenium.remote.codec.w3c.W3CHttpResponseCodec.decode(W3CHttpResponseCodec.java:53)
at org.openqa.selenium.remote.HttpCommandExecutor.execute(HttpCommandExecutor.java:184)
at org.openqa.selenium.remote.service.DriverCommandExecutor.invokeExecute(DriverCommandExecutor.java:167)
at org.openqa.selenium.remote.service.DriverCommandExecutor.execute(DriverCommandExecutor.java:142)
at org.openqa.selenium.remote.RemoteWebDriver.execute(RemoteWebDriver.java:541)
at org.openqa.selenium.remote.RemoteWebElement.execute(RemoteWebElement.java:257)
at org.openqa.selenium.remote.RemoteWebElement.sendKeys(RemoteWebElement.java:113)
at pearl.SmartER.PageObjects.LocationPage_Objects.logo_image_upload(LocationPage_Objects.java:190)
at pearl.SmartER.TestMethods.LocationPage_TestMethods.create_location_without_selecting_preferedDateFormat_dropdown(LocationPage_TestMethods.java:804)
at pearl.SmartER.TestCases.LocationPage_TestCases.tc35_verify_create_location_without_preferedDateFormat_dropdown(LocationPage_TestCases.java:383)
at java.base/java.util.ArrayList.forEach(ArrayList.java:1511)
... Removed 28 stack frames]]>
    </failure>
  </testcase> <!-- tc35_verify_create_location_without_preferedDateFormat_dropdown -->
  <testcase classname="pearl.SmartER.TestCases.LocationPage_TestCases" name="tc36_verify_create_location_without_timeZone_dropdown" time="19.105">
    <failure type="org.openqa.selenium.InvalidArgumentException" message="invalid argument: File not found : E:\\christmas.jpg
  (Session info: chrome=108.0.5359.125)
Build info: version: &amp;apos;4.6.0&amp;apos;, revision: &amp;apos;79f1c02ae20&amp;apos;
System info: os.name: &amp;apos;Windows 11&amp;apos;, os.arch: &amp;apos;amd64&amp;apos;, os.version: &amp;apos;10.0&amp;apos;, java.version: &amp;apos;19.0.1&amp;apos;
Driver info: org.openqa.selenium.chrome.ChromeDriver
Command: [cda4f86be0908b31189175511ccfc6de, sendKeysToElement {id=9c3cd646-e91b-4461-9026-a1eea1e11580, value=[Ljava.lang.CharSequence;@6fd2acf6}]
Capabilities {acceptInsecureCerts: false, browserName: chrome, browserVersion: 108.0.5359.125, chrome: {chromedriverVersion: 108.0.5359.71 (1e0e3868ee06..., userDataDir: C:\Users\pearl\AppData\Loca...}, goog:chromeOptions: {debuggerAddress: localhost:52815}, networkConnectionEnabled: false, pageLoadStrategy: normal, platformName: WINDOWS, proxy: Proxy(), se:cdp: ws://localhost:52815/devtoo..., se:cdpVersion: 108.0.5359.125, setWindowRect: true, strictFileInteractability: false, timeouts: {implicit: 0, pageLoad: 300000, script: 30000}, unhandledPromptBehavior: dismiss and notify, webauthn:extension:credBlob: true, webauthn:extension:largeBlob: true, webauthn:virtualAuthenticators: true}
Element: [[ChromeDriver: chrome on WINDOWS (cda4f86be0908b31189175511ccfc6de)] -&amp;gt; xpath: //input[@name=&amp;apos;...&amp;apos;]]
Session ID: cda4f86be0908b31189175511ccfc6de">
      <![CDATA[org.openqa.selenium.InvalidArgumentException: invalid argument: File not found : E:\\christmas.jpg
  (Session info: chrome=108.0.5359.125)
Build info: version: '4.6.0', revision: '79f1c02ae20'
System info: os.name: 'Windows 11', os.arch: 'amd64', os.version: '10.0', java.version: '19.0.1'
Driver info: org.openqa.selenium.chrome.ChromeDriver
Command: [cda4f86be0908b31189175511ccfc6de, sendKeysToElement {id=9c3cd646-e91b-4461-9026-a1eea1e11580, value=[Ljava.lang.CharSequence;@6fd2acf6}]
Capabilities {acceptInsecureCerts: false, browserName: chrome, browserVersion: 108.0.5359.125, chrome: {chromedriverVersion: 108.0.5359.71 (1e0e3868ee06..., userDataDir: C:\Users\pearl\AppData\Loca...}, goog:chromeOptions: {debuggerAddress: localhost:52815}, networkConnectionEnabled: false, pageLoadStrategy: normal, platformName: WINDOWS, proxy: Proxy(), se:cdp: ws://localhost:52815/devtoo..., se:cdpVersion: 108.0.5359.125, setWindowRect: true, strictFileInteractability: false, timeouts: {implicit: 0, pageLoad: 300000, script: 30000}, unhandledPromptBehavior: dismiss and notify, webauthn:extension:credBlob: true, webauthn:extension:largeBlob: true, webauthn:virtualAuthenticators: true}
Element: [[ChromeDriver: chrome on WINDOWS (cda4f86be0908b31189175511ccfc6de)] -> xpath: //input[@name='...']]
Session ID: cda4f86be0908b31189175511ccfc6de
at org.openqa.selenium.remote.codec.w3c.W3CHttpResponseCodec.createException(W3CHttpResponseCodec.java:200)
at org.openqa.selenium.remote.codec.w3c.W3CHttpResponseCodec.decode(W3CHttpResponseCodec.java:133)
at org.openqa.selenium.remote.codec.w3c.W3CHttpResponseCodec.decode(W3CHttpResponseCodec.java:53)
at org.openqa.selenium.remote.HttpCommandExecutor.execute(HttpCommandExecutor.java:184)
at org.openqa.selenium.remote.service.DriverCommandExecutor.invokeExecute(DriverCommandExecutor.java:167)
at org.openqa.selenium.remote.service.DriverCommandExecutor.execute(DriverCommandExecutor.java:142)
at org.openqa.selenium.remote.RemoteWebDriver.execute(RemoteWebDriver.java:541)
at org.openqa.selenium.remote.RemoteWebElement.execute(RemoteWebElement.java:257)
at org.openqa.selenium.remote.RemoteWebElement.sendKeys(RemoteWebElement.java:113)
at pearl.SmartER.PageObjects.LocationPage_Objects.logo_image_upload(LocationPage_Objects.java:190)
at pearl.SmartER.TestMethods.LocationPage_TestMethods.create_location_without_selecting_timeZone_dropdown(LocationPage_TestMethods.java:863)
at pearl.SmartER.TestCases.LocationPage_TestCases.tc36_verify_create_location_without_timeZone_dropdown(LocationPage_TestCases.java:393)
at java.base/java.util.ArrayList.forEach(ArrayList.java:1511)
... Removed 28 stack frames]]>
    </failure>
  </testcase> <!-- tc36_verify_create_location_without_timeZone_dropdown -->
  <testcase classname="pearl.SmartER.TestCases.LocationPage_TestCases" name="tc37_verify_create_location_with_already_existing_name" time="20.529">
    <failure type="org.openqa.selenium.InvalidArgumentException" message="invalid argument: File not found : E:\\christmas.jpg
  (Session info: chrome=108.0.5359.125)
Build info: version: &amp;apos;4.6.0&amp;apos;, revision: &amp;apos;79f1c02ae20&amp;apos;
System info: os.name: &amp;apos;Windows 11&amp;apos;, os.arch: &amp;apos;amd64&amp;apos;, os.version: &amp;apos;10.0&amp;apos;, java.version: &amp;apos;19.0.1&amp;apos;
Driver info: org.openqa.selenium.chrome.ChromeDriver
Command: [6b072988d6bae0862041ffbbc643eeac, sendKeysToElement {id=d7d1e301-ec3a-4e0a-a6f8-e3b67b8c96b8, value=[Ljava.lang.CharSequence;@80ac698}]
Capabilities {acceptInsecureCerts: false, browserName: chrome, browserVersion: 108.0.5359.125, chrome: {chromedriverVersion: 108.0.5359.71 (1e0e3868ee06..., userDataDir: C:\Users\pearl\AppData\Loca...}, goog:chromeOptions: {debuggerAddress: localhost:52858}, networkConnectionEnabled: false, pageLoadStrategy: normal, platformName: WINDOWS, proxy: Proxy(), se:cdp: ws://localhost:52858/devtoo..., se:cdpVersion: 108.0.5359.125, setWindowRect: true, strictFileInteractability: false, timeouts: {implicit: 0, pageLoad: 300000, script: 30000}, unhandledPromptBehavior: dismiss and notify, webauthn:extension:credBlob: true, webauthn:extension:largeBlob: true, webauthn:virtualAuthenticators: true}
Element: [[ChromeDriver: chrome on WINDOWS (6b072988d6bae0862041ffbbc643eeac)] -&amp;gt; xpath: //input[@name=&amp;apos;...&amp;apos;]]
Session ID: 6b072988d6bae0862041ffbbc643eeac">
      <![CDATA[org.openqa.selenium.InvalidArgumentException: invalid argument: File not found : E:\\christmas.jpg
  (Session info: chrome=108.0.5359.125)
Build info: version: '4.6.0', revision: '79f1c02ae20'
System info: os.name: 'Windows 11', os.arch: 'amd64', os.version: '10.0', java.version: '19.0.1'
Driver info: org.openqa.selenium.chrome.ChromeDriver
Command: [6b072988d6bae0862041ffbbc643eeac, sendKeysToElement {id=d7d1e301-ec3a-4e0a-a6f8-e3b67b8c96b8, value=[Ljava.lang.CharSequence;@80ac698}]
Capabilities {acceptInsecureCerts: false, browserName: chrome, browserVersion: 108.0.5359.125, chrome: {chromedriverVersion: 108.0.5359.71 (1e0e3868ee06..., userDataDir: C:\Users\pearl\AppData\Loca...}, goog:chromeOptions: {debuggerAddress: localhost:52858}, networkConnectionEnabled: false, pageLoadStrategy: normal, platformName: WINDOWS, proxy: Proxy(), se:cdp: ws://localhost:52858/devtoo..., se:cdpVersion: 108.0.5359.125, setWindowRect: true, strictFileInteractability: false, timeouts: {implicit: 0, pageLoad: 300000, script: 30000}, unhandledPromptBehavior: dismiss and notify, webauthn:extension:credBlob: true, webauthn:extension:largeBlob: true, webauthn:virtualAuthenticators: true}
Element: [[ChromeDriver: chrome on WINDOWS (6b072988d6bae0862041ffbbc643eeac)] -> xpath: //input[@name='...']]
Session ID: 6b072988d6bae0862041ffbbc643eeac
at org.openqa.selenium.remote.codec.w3c.W3CHttpResponseCodec.createException(W3CHttpResponseCodec.java:200)
at org.openqa.selenium.remote.codec.w3c.W3CHttpResponseCodec.decode(W3CHttpResponseCodec.java:133)
at org.openqa.selenium.remote.codec.w3c.W3CHttpResponseCodec.decode(W3CHttpResponseCodec.java:53)
at org.openqa.selenium.remote.HttpCommandExecutor.execute(HttpCommandExecutor.java:184)
at org.openqa.selenium.remote.service.DriverCommandExecutor.invokeExecute(DriverCommandExecutor.java:167)
at org.openqa.selenium.remote.service.DriverCommandExecutor.execute(DriverCommandExecutor.java:142)
at org.openqa.selenium.remote.RemoteWebDriver.execute(RemoteWebDriver.java:541)
at org.openqa.selenium.remote.RemoteWebElement.execute(RemoteWebElement.java:257)
at org.openqa.selenium.remote.RemoteWebElement.sendKeys(RemoteWebElement.java:113)
at pearl.SmartER.PageObjects.LocationPage_Objects.logo_image_upload(LocationPage_Objects.java:190)
at pearl.SmartER.TestMethods.LocationPage_TestMethods.create_location_with_already_existing_name(LocationPage_TestMethods.java:923)
at pearl.SmartER.TestCases.LocationPage_TestCases.tc37_verify_create_location_with_already_existing_name(LocationPage_TestCases.java:403)
at java.base/java.util.ArrayList.forEach(ArrayList.java:1511)
... Removed 28 stack frames]]>
    </failure>
  </testcase> <!-- tc37_verify_create_location_with_already_existing_name -->
  <testcase classname="pearl.SmartER.TestCases.LocationPage_TestCases" name="tc38_verify_create_location_with_blankData" time="19.653"/>
  <testcase classname="pearl.SmartER.TestCases.LocationPage_TestCases" name="tc39_verify_website_field_validation" time="16.107"/>
  <testcase classname="pearl.SmartER.TestCases.LocationPage_TestCases" name="tc40_verify_delete_functionality" time="37.301">
    <failure type="org.openqa.selenium.NoSuchElementException" message="no such element: Unable to locate element: {&amp;quot;method&amp;quot;:&amp;quot;xpath&amp;quot;,&amp;quot;selector&amp;quot;:&amp;quot;(//a[@title=&amp;apos;Delete&amp;apos;])[1]&amp;quot;}
  (Session info: chrome=108.0.5359.125)
For documentation on this error, please visit: https://selenium.dev/exceptions/#no_such_element
Build info: version: &amp;apos;4.6.0&amp;apos;, revision: &amp;apos;79f1c02ae20&amp;apos;
System info: os.name: &amp;apos;Windows 11&amp;apos;, os.arch: &amp;apos;amd64&amp;apos;, os.version: &amp;apos;10.0&amp;apos;, java.version: &amp;apos;19.0.1&amp;apos;
Driver info: org.openqa.selenium.chrome.ChromeDriver
Command: [48aae110c463f327bfbaf8b94edd6dc8, findElement {using=xpath, value=(//a[@title=&amp;apos;Delete&amp;apos;])[1]}]
Capabilities {acceptInsecureCerts: false, browserName: chrome, browserVersion: 108.0.5359.125, chrome: {chromedriverVersion: 108.0.5359.71 (1e0e3868ee06..., userDataDir: C:\Users\pearl\AppData\Loca...}, goog:chromeOptions: {debuggerAddress: localhost:52996}, networkConnectionEnabled: false, pageLoadStrategy: normal, platformName: WINDOWS, proxy: Proxy(), se:cdp: ws://localhost:52996/devtoo..., se:cdpVersion: 108.0.5359.125, setWindowRect: true, strictFileInteractability: false, timeouts: {implicit: 0, pageLoad: 300000, script: 30000}, unhandledPromptBehavior: dismiss and notify, webauthn:extension:credBlob: true, webauthn:extension:largeBlob: true, webauthn:virtualAuthenticators: true}
Session ID: 48aae110c463f327bfbaf8b94edd6dc8">
      <![CDATA[org.openqa.selenium.NoSuchElementException: no such element: Unable to locate element: {"method":"xpath","selector":"(//a[@title='Delete'])[1]"}
  (Session info: chrome=108.0.5359.125)
For documentation on this error, please visit: https://selenium.dev/exceptions/#no_such_element
Build info: version: '4.6.0', revision: '79f1c02ae20'
System info: os.name: 'Windows 11', os.arch: 'amd64', os.version: '10.0', java.version: '19.0.1'
Driver info: org.openqa.selenium.chrome.ChromeDriver
Command: [48aae110c463f327bfbaf8b94edd6dc8, findElement {using=xpath, value=(//a[@title='Delete'])[1]}]
Capabilities {acceptInsecureCerts: false, browserName: chrome, browserVersion: 108.0.5359.125, chrome: {chromedriverVersion: 108.0.5359.71 (1e0e3868ee06..., userDataDir: C:\Users\pearl\AppData\Loca...}, goog:chromeOptions: {debuggerAddress: localhost:52996}, networkConnectionEnabled: false, pageLoadStrategy: normal, platformName: WINDOWS, proxy: Proxy(), se:cdp: ws://localhost:52996/devtoo..., se:cdpVersion: 108.0.5359.125, setWindowRect: true, strictFileInteractability: false, timeouts: {implicit: 0, pageLoad: 300000, script: 30000}, unhandledPromptBehavior: dismiss and notify, webauthn:extension:credBlob: true, webauthn:extension:largeBlob: true, webauthn:virtualAuthenticators: true}
Session ID: 48aae110c463f327bfbaf8b94edd6dc8
at org.openqa.selenium.remote.codec.w3c.W3CHttpResponseCodec.createException(W3CHttpResponseCodec.java:200)
at org.openqa.selenium.remote.codec.w3c.W3CHttpResponseCodec.decode(W3CHttpResponseCodec.java:133)
at org.openqa.selenium.remote.codec.w3c.W3CHttpResponseCodec.decode(W3CHttpResponseCodec.java:53)
at org.openqa.selenium.remote.HttpCommandExecutor.execute(HttpCommandExecutor.java:184)
at org.openqa.selenium.remote.service.DriverCommandExecutor.invokeExecute(DriverCommandExecutor.java:167)
at org.openqa.selenium.remote.service.DriverCommandExecutor.execute(DriverCommandExecutor.java:142)
at org.openqa.selenium.remote.RemoteWebDriver.execute(RemoteWebDriver.java:541)
at org.openqa.selenium.remote.ElementLocation$ElementFinder$2.findElement(ElementLocation.java:162)
at org.openqa.selenium.remote.ElementLocation.findElement(ElementLocation.java:60)
at org.openqa.selenium.remote.RemoteWebDriver.findElement(RemoteWebDriver.java:365)
at org.openqa.selenium.remote.RemoteWebDriver.findElement(RemoteWebDriver.java:357)
at pearl.SmartER.PageObjects.LocationPage_Objects.delete_icon_click(LocationPage_Objects.java:394)
at pearl.SmartER.TestMethods.LocationPage_TestMethods.verify_delete_functionality(LocationPage_TestMethods.java:1462)
at pearl.SmartER.TestCases.LocationPage_TestCases.tc40_verify_delete_functionality(LocationPage_TestCases.java:431)
at java.base/java.util.ArrayList.forEach(ArrayList.java:1511)
... Removed 28 stack frames]]>
    </failure>
  </testcase> <!-- tc40_verify_delete_functionality -->
  <testcase classname="pearl.SmartER.TestCases.LocationPage_TestCases" name="tc41_verify_status_dropdown_functionality" time="43.709"/>
  <testcase classname="pearl.SmartER.TestMethods.BaseClassMain" name="@AfterSuite tearDown" time="0.0">
    <ignored/>
  </testcase> <!-- @AfterSuite tearDown -->
  <testcase classname="pearl.SmartER.TestMethods.BaseClassMain" name="@BeforeTest beforetest" time="0.0">
    <ignored/>
  </testcase> <!-- @BeforeTest beforetest -->
  <testcase classname="pearl.SmartER.TestMethods.BaseClassMain" name="@BeforeSuite initialise_Driver" time="0.0">
    <ignored/>
  </testcase> <!-- @BeforeSuite initialise_Driver -->
  <testcase classname="pearl.SmartER.TestMethods.BaseClassMain" name="@AfterTest aftertest" time="0.0">
    <ignored/>
  </testcase> <!-- @AfterTest aftertest -->
</testsuite> <!-- LoginPage_Test -->
