<?xml version="1.0" encoding="UTF-8"?>
<!-- Generated by org.testng.reporters.JUnitReportReporter -->
<testsuite hostname="PearlLT66" failures="0" tests="36" name="pearl.SmartER.TestCases.UsersPage_TestCases" time="42.446" errors="1" timestamp="2022-12-19T14:09:58 IST" skipped="34">
  <testcase classname="pearl.SmartER.TestCases.UsersPage_TestCases" name="aftertest" time="16.369">
    <error message="Cannot invoke &quot;org.openqa.selenium.WebDriver.quit()&quot; because &quot;pearl.SmartER.TestMethods.BaseClassMain.driver&quot; is null" type="java.lang.NullPointerException">
      <![CDATA[java.lang.NullPointerException: Cannot invoke "org.openqa.selenium.WebDriver.quit()" because "pearl.SmartER.TestMethods.BaseClassMain.driver" is null
at pearl.SmartER.TestMethods.BaseClassMain.aftertest(BaseClassMain.java:134)
at java.base/jdk.internal.reflect.DirectMethodHandleAccessor.invoke(DirectMethodHandleAccessor.java:104)
at java.base/java.lang.reflect.Method.invoke(Method.java:578)
at org.testng.internal.invokers.MethodInvocationHelper.invokeMethod(MethodInvocationHelper.java:139)
at org.testng.internal.invokers.MethodInvocationHelper.invokeMethodConsideringTimeout(MethodInvocationHelper.java:69)
at org.testng.internal.invokers.ConfigInvoker.invokeConfigurationMethod(ConfigInvoker.java:361)
at org.testng.internal.invokers.ConfigInvoker.invokeConfigurations(ConfigInvoker.java:296)
at org.testng.TestRunner.invokeTestConfigurations(TestRunner.java:643)
at org.testng.TestRunner.afterRun(TestRunner.java:891)
at org.testng.TestRunner.run(TestRunner.java:604)
at org.testng.SuiteRunner.runTest(SuiteRunner.java:433)
at org.testng.SuiteRunner.runSequentially(SuiteRunner.java:427)
at org.testng.SuiteRunner.privateRun(SuiteRunner.java:387)
at org.testng.SuiteRunner.run(SuiteRunner.java:330)
at org.testng.SuiteRunnerWorker.runSuite(SuiteRunnerWorker.java:52)
at org.testng.SuiteRunnerWorker.run(SuiteRunnerWorker.java:95)
at org.testng.TestNG.runSuitesSequentially(TestNG.java:1256)
at org.testng.TestNG.runSuitesLocally(TestNG.java:1176)
at org.testng.TestNG.runSuites(TestNG.java:1099)
at org.testng.TestNG.run(TestNG.java:1067)
at org.testng.remote.AbstractRemoteTestNG.run(AbstractRemoteTestNG.java:115)
at org.testng.remote.RemoteTestNG.initAndRun(RemoteTestNG.java:251)
at org.testng.remote.RemoteTestNG.main(RemoteTestNG.java:77)
]]>
    </error>
  </testcase> <!-- aftertest -->
  <system-out/>
  <testcase classname="pearl.SmartER.TestCases.UsersPage_TestCases" name="tc35_Verify_Blank_Password_Change" time="26.077"/>
  <system-out/>
  <testcase classname="pearl.SmartER.TestCases.UsersPage_TestCases" name="tc03_verify_Duplicate_User_Creation">
    <skipped/>
  </testcase> <!-- tc03_verify_Duplicate_User_Creation -->
  <system-out/>
  <testcase classname="pearl.SmartER.TestCases.UsersPage_TestCases" name="tc_13_Check_Edited_Entry">
    <skipped/>
  </testcase> <!-- tc_13_Check_Edited_Entry -->
  <system-out/>
  <testcase classname="pearl.SmartER.TestCases.UsersPage_TestCases" name="tc19_Verify_Invalid_Uploaded_Image_Format">
    <skipped/>
  </testcase> <!-- tc19_Verify_Invalid_Uploaded_Image_Format -->
  <system-out/>
  <testcase classname="pearl.SmartER.TestCases.UsersPage_TestCases" name="t02_verify_User_Creation">
    <skipped/>
  </testcase> <!-- t02_verify_User_Creation -->
  <system-out/>
  <testcase classname="pearl.SmartER.TestCases.UsersPage_TestCases" name="tc16_Deletion_Status">
    <skipped/>
  </testcase> <!-- tc16_Deletion_Status -->
  <system-out/>
  <testcase classname="pearl.SmartER.TestCases.UsersPage_TestCases" name="tc18_Verify_Email_Format_Is_Valid">
    <skipped/>
  </testcase> <!-- tc18_Verify_Email_Format_Is_Valid -->
  <system-out/>
  <testcase classname="pearl.SmartER.TestCases.UsersPage_TestCases" name="tc14_Delete_Confirmation_WIndow">
    <skipped/>
  </testcase> <!-- tc14_Delete_Confirmation_WIndow -->
  <system-out/>
  <testcase classname="pearl.SmartER.TestCases.UsersPage_TestCases" name="tc29_Verify_Level_Selection_In_Create_User">
    <skipped/>
  </testcase> <!-- tc29_Verify_Level_Selection_In_Create_User -->
  <system-out/>
  <testcase classname="pearl.SmartER.TestCases.UsersPage_TestCases" name="tc32_Verify_Role_Creation_Without_Credentials">
    <skipped/>
  </testcase> <!-- tc32_Verify_Role_Creation_Without_Credentials -->
  <system-out/>
  <testcase classname="pearl.SmartER.TestCases.UsersPage_TestCases" name="tc23_Verify_Status_Dropdown_Selection">
    <skipped/>
  </testcase> <!-- tc23_Verify_Status_Dropdown_Selection -->
  <system-out/>
  <testcase classname="pearl.SmartER.TestCases.UsersPage_TestCases" name="tc_05_Create_New_User_Without_Name">
    <skipped/>
  </testcase> <!-- tc_05_Create_New_User_Without_Name -->
  <system-out/>
  <testcase classname="pearl.SmartER.TestCases.UsersPage_TestCases" name="tc31_Verify_Checkbox_Clicks">
    <skipped/>
  </testcase> <!-- tc31_Verify_Checkbox_Clicks -->
  <system-out/>
  <testcase classname="pearl.SmartER.TestCases.UsersPage_TestCases" name="tc28_Verify_Role_Selection_In_Create_User">
    <skipped/>
  </testcase> <!-- tc28_Verify_Role_Selection_In_Create_User -->
  <system-out/>
  <testcase classname="pearl.SmartER.TestCases.UsersPage_TestCases" name="tc27_Verify_Department_Selection_In_Create_User">
    <skipped/>
  </testcase> <!-- tc27_Verify_Department_Selection_In_Create_User -->
  <system-out/>
  <testcase classname="pearl.SmartER.TestCases.UsersPage_TestCases" name="tc25_Verify_Status_Dropdown_In_Create_User">
    <skipped/>
  </testcase> <!-- tc25_Verify_Status_Dropdown_In_Create_User -->
  <system-out/>
  <testcase classname="pearl.SmartER.TestCases.UsersPage_TestCases" name="tc20_verify_Level_Deselection_On_Role_Removal">
    <skipped/>
  </testcase> <!-- tc20_verify_Level_Deselection_On_Role_Removal -->
  <system-out/>
  <testcase classname="pearl.SmartER.TestCases.UsersPage_TestCases" name="tc33_Verify_Role_Creation_With_Credentials">
    <skipped/>
  </testcase> <!-- tc33_Verify_Role_Creation_With_Credentials -->
  <system-out/>
  <testcase classname="pearl.SmartER.TestCases.UsersPage_TestCases" name="tc15_Delete_User">
    <skipped/>
  </testcase> <!-- tc15_Delete_User -->
  <system-out/>
  <testcase classname="pearl.SmartER.TestCases.UsersPage_TestCases" name="tc_04_Create_New_User_Without_Username">
    <skipped/>
  </testcase> <!-- tc_04_Create_New_User_Without_Username -->
  <system-out/>
  <testcase classname="pearl.SmartER.TestCases.UsersPage_TestCases" name="tc17_verify_Uploaded_Image_Preview">
    <skipped/>
  </testcase> <!-- tc17_verify_Uploaded_Image_Preview -->
  <system-out/>
  <testcase classname="pearl.SmartER.TestCases.UsersPage_TestCases" name="tc34_Verify_Duplicate_Role_Creation">
    <skipped/>
  </testcase> <!-- tc34_Verify_Duplicate_Role_Creation -->
  <system-out/>
  <testcase classname="pearl.SmartER.TestCases.UsersPage_TestCases" name="tc30_Verify_Language_Selection_In_Create_User">
    <skipped/>
  </testcase> <!-- tc30_Verify_Language_Selection_In_Create_User -->
  <system-out/>
  <testcase classname="pearl.SmartER.TestCases.UsersPage_TestCases" name="tc21_Verify_Location_Dropdown_Selection">
    <skipped/>
  </testcase> <!-- tc21_Verify_Location_Dropdown_Selection -->
  <system-out/>
  <testcase classname="pearl.SmartER.TestCases.UsersPage_TestCases" name="tc_10_create_New_User_WIthout_Level">
    <skipped/>
  </testcase> <!-- tc_10_create_New_User_WIthout_Level -->
  <system-out/>
  <testcase classname="pearl.SmartER.TestCases.UsersPage_TestCases" name="tc_12_Edit_Existing_User">
    <skipped/>
  </testcase> <!-- tc_12_Edit_Existing_User -->
  <system-out/>
  <testcase classname="pearl.SmartER.TestCases.UsersPage_TestCases" name="tc_07_Create_New_User_Without_Email">
    <skipped/>
  </testcase> <!-- tc_07_Create_New_User_Without_Email -->
  <system-out/>
  <testcase classname="pearl.SmartER.TestCases.UsersPage_TestCases" name="tc_08_Create_New_User_Without_Phone_Number">
    <skipped/>
  </testcase> <!-- tc_08_Create_New_User_Without_Phone_Number -->
  <system-out/>
  <testcase classname="pearl.SmartER.TestCases.UsersPage_TestCases" name="tc_11_Verify_Users_Button_Enabed">
    <skipped/>
  </testcase> <!-- tc_11_Verify_Users_Button_Enabed -->
  <system-out/>
  <testcase classname="pearl.SmartER.TestCases.UsersPage_TestCases" name="t01_verify_User_Creation_Without_Credentials">
    <skipped/>
  </testcase> <!-- t01_verify_User_Creation_Without_Credentials -->
  <system-out/>
  <testcase classname="pearl.SmartER.TestCases.UsersPage_TestCases" name="tc22_Verify_Department_Dropdown_Selection">
    <skipped/>
  </testcase> <!-- tc22_Verify_Department_Dropdown_Selection -->
  <system-out/>
  <testcase classname="pearl.SmartER.TestCases.UsersPage_TestCases" name="tc_06_create_New_User_Without_Usertitle">
    <skipped/>
  </testcase> <!-- tc_06_create_New_User_Without_Usertitle -->
  <system-out/>
  <testcase classname="pearl.SmartER.TestCases.UsersPage_TestCases" name="tc24_verify_Create_User_Button_Enabled">
    <skipped/>
  </testcase> <!-- tc24_verify_Create_User_Button_Enabled -->
  <system-out/>
  <testcase classname="pearl.SmartER.TestCases.UsersPage_TestCases" name="tc26_Verify_Location_Selection_In_Create_User">
    <skipped/>
  </testcase> <!-- tc26_Verify_Location_Selection_In_Create_User -->
  <system-out/>
  <testcase classname="pearl.SmartER.TestCases.UsersPage_TestCases" name="tc_09_create_New_User_Without_Role">
    <skipped/>
  </testcase> <!-- tc_09_create_New_User_Without_Role -->
  <system-out/>
</testsuite> <!-- pearl.SmartER.TestCases.UsersPage_TestCases -->
