<?xml version="1.0" encoding="UTF-8"?>
<!-- Generated by org.testng.reporters.JUnitReportReporter -->
<testsuite hostname="DESKTOP-3GFC8UC" failures="0" tests="63" name="pearl.SmartER.TestCases.SurveyPage_TestCases" time="11.190" errors="1" timestamp="2023-06-15T17:51:52 IST" skipped="62">
  <testcase classname="pearl.SmartER.TestCases.SurveyPage_TestCases" name="initialise_Driver" time="11.180">
    <error message="Unable to establish websocket connection to http://localhost:64756/devtools/browser/837250b6-1999-4c7a-ae8f-56c409061928
Build info: version: &#039;4.6.0&#039;, revision: &#039;79f1c02ae20&#039;
System info: os.name: &#039;Windows 10&#039;, os.arch: &#039;amd64&#039;, os.version: &#039;10.0&#039;, java.version: &#039;17.0.5&#039;
Driver info: driver.version: EdgeDriver" type="org.openqa.selenium.remote.http.ConnectionFailedException">
      <![CDATA[org.openqa.selenium.remote.http.ConnectionFailedException: Unable to establish websocket connection to http://localhost:64756/devtools/browser/837250b6-1999-4c7a-ae8f-56c409061928
Build info: version: '4.6.0', revision: '79f1c02ae20'
System info: os.name: 'Windows 10', os.arch: 'amd64', os.version: '10.0', java.version: '17.0.5'
Driver info: driver.version: EdgeDriver
at org.openqa.selenium.remote.http.netty.NettyWebSocket.<init>(NettyWebSocket.java:102)
at org.openqa.selenium.remote.http.netty.NettyWebSocket.lambda$create$3(NettyWebSocket.java:128)
at org.openqa.selenium.remote.http.netty.NettyClient.openSocket(NettyClient.java:107)
at org.openqa.selenium.devtools.Connection.<init>(Connection.java:77)
at org.openqa.selenium.chromium.ChromiumDriver.lambda$new$2(ChromiumDriver.java:116)
at java.base/java.util.Optional.map(Optional.java:260)
at org.openqa.selenium.chromium.ChromiumDriver.<init>(ChromiumDriver.java:114)
at org.openqa.selenium.edge.EdgeDriver.<init>(EdgeDriver.java:54)
at org.openqa.selenium.edge.EdgeDriver.<init>(EdgeDriver.java:46)
at pearl.SmartER.TestMethods.BaseClassMain.initialise_Driver(BaseClassMain.java:106)
at java.base/jdk.internal.reflect.NativeMethodAccessorImpl.invoke0(Native Method)
at java.base/jdk.internal.reflect.NativeMethodAccessorImpl.invoke(NativeMethodAccessorImpl.java:77)
at java.base/jdk.internal.reflect.DelegatingMethodAccessorImpl.invoke(DelegatingMethodAccessorImpl.java:43)
at java.base/java.lang.reflect.Method.invoke(Method.java:568)
at org.testng.internal.invokers.MethodInvocationHelper.invokeMethod(MethodInvocationHelper.java:139)
at org.testng.internal.invokers.MethodInvocationHelper.invokeMethodConsideringTimeout(MethodInvocationHelper.java:69)
at org.testng.internal.invokers.ConfigInvoker.invokeConfigurationMethod(ConfigInvoker.java:361)
at org.testng.internal.invokers.ConfigInvoker.invokeConfigurations(ConfigInvoker.java:296)
at org.testng.SuiteRunner.privateRun(SuiteRunner.java:372)
at org.testng.SuiteRunner.run(SuiteRunner.java:330)
at org.testng.SuiteRunnerWorker.runSuite(SuiteRunnerWorker.java:52)
at org.testng.SuiteRunnerWorker.run(SuiteRunnerWorker.java:95)
at org.testng.TestNG.runSuitesSequentially(TestNG.java:1256)
at org.testng.TestNG.runSuitesLocally(TestNG.java:1176)
at org.testng.TestNG.runSuites(TestNG.java:1099)
at org.testng.TestNG.run(TestNG.java:1067)
at org.testng.remote.AbstractRemoteTestNG.run(AbstractRemoteTestNG.java:115)
at org.testng.remote.RemoteTestNG.initAndRun(RemoteTestNG.java:251)
at org.testng.remote.RemoteTestNG.main(RemoteTestNG.java:77)
]]>
    </error>
  </testcase> <!-- initialise_Driver -->
  <system-out/>
  <testcase classname="pearl.SmartER.TestCases.SurveyPage_TestCases" name="tc01_verifySuveyButtonIsVisible" time="0.000">
    <skipped/>
  </testcase> <!-- tc01_verifySuveyButtonIsVisible -->
  <system-out/>
  <testcase classname="pearl.SmartER.TestCases.SurveyPage_TestCases" name="tc02_verifyUserIsAbleToEnterQuestionBank" time="0.000">
    <skipped/>
  </testcase> <!-- tc02_verifyUserIsAbleToEnterQuestionBank -->
  <system-out/>
  <testcase classname="pearl.SmartER.TestCases.SurveyPage_TestCases" name="tc03_verifyUserIsAbleToEnterWarehouse" time="0.000">
    <skipped/>
  </testcase> <!-- tc03_verifyUserIsAbleToEnterWarehouse -->
  <system-out/>
  <testcase classname="pearl.SmartER.TestCases.SurveyPage_TestCases" name="tc04_verifyUserIsAbleToCreateANewQuestion" time="0.000">
    <skipped/>
  </testcase> <!-- tc04_verifyUserIsAbleToCreateANewQuestion -->
  <system-out/>
  <testcase classname="pearl.SmartER.TestCases.SurveyPage_TestCases" name="tc05_verifyUserIsNotAbleToCreateANewQuestionWithoutFillingAnyData" time="0.000">
    <skipped/>
  </testcase> <!-- tc05_verifyUserIsNotAbleToCreateANewQuestionWithoutFillingAnyData -->
  <system-out/>
  <testcase classname="pearl.SmartER.TestCases.SurveyPage_TestCases" name="tc62_verifyUserIsAbleToCreateANewQuestionAndAddIntoTheWareHouse" time="0.000">
    <skipped/>
  </testcase> <!-- tc62_verifyUserIsAbleToCreateANewQuestionAndAddIntoTheWareHouse -->
  <system-out/>
  <testcase classname="pearl.SmartER.TestCases.SurveyPage_TestCases" name="tc06_verifyUserIsAbleToRetrunTheQuestionBank" time="0.000">
    <skipped/>
  </testcase> <!-- tc06_verifyUserIsAbleToRetrunTheQuestionBank -->
  <system-out/>
  <testcase classname="pearl.SmartER.TestCases.SurveyPage_TestCases" name="tc07_verifyUserIsAbleToSearchAQuestionWithQuestionName" time="0.000">
    <skipped/>
  </testcase> <!-- tc07_verifyUserIsAbleToSearchAQuestionWithQuestionName -->
  <system-out/>
  <testcase classname="pearl.SmartER.TestCases.SurveyPage_TestCases" name="tc08_verifyUserIsAbleToDeleteAQuestionInTheQuestionBank" time="0.000">
    <skipped/>
  </testcase> <!-- tc08_verifyUserIsAbleToDeleteAQuestionInTheQuestionBank -->
  <system-out/>
  <testcase classname="pearl.SmartER.TestCases.SurveyPage_TestCases" name="tc09_verifyUserIsAbleToEnterCurrentSurveys" time="0.000">
    <skipped/>
  </testcase> <!-- tc09_verifyUserIsAbleToEnterCurrentSurveys -->
  <system-out/>
  <testcase classname="pearl.SmartER.TestCases.SurveyPage_TestCases" name="tc10_verifyUserIsAbleToViewCreateSurvey" time="0.000">
    <skipped/>
  </testcase> <!-- tc10_verifyUserIsAbleToViewCreateSurvey -->
  <system-out/>
  <testcase classname="pearl.SmartER.TestCases.SurveyPage_TestCases" name="tc11_verifyUserIsAllowToCreateANewSurvey" time="0.001">
    <skipped/>
  </testcase> <!-- tc11_verifyUserIsAllowToCreateANewSurvey -->
  <system-out/>
  <testcase classname="pearl.SmartER.TestCases.SurveyPage_TestCases" name="tc12_verifyUserIsAllowToCreateANewSurveyWithExistingData" time="0.001">
    <skipped/>
  </testcase> <!-- tc12_verifyUserIsAllowToCreateANewSurveyWithExistingData -->
  <system-out/>
  <testcase classname="pearl.SmartER.TestCases.SurveyPage_TestCases" name="tc13_verifyUserIsAllowToMoveSurveyIntoASurveyDefinition" time="0.000">
    <skipped/>
  </testcase> <!-- tc13_verifyUserIsAllowToMoveSurveyIntoASurveyDefinition -->
  <system-out/>
  <testcase classname="pearl.SmartER.TestCases.SurveyPage_TestCases" name="tc14_verifyUserIsNotAllowToGoSurveyDefinitionFormWithoutFillingAnyDataInSurveyForm" time="0.001">
    <skipped/>
  </testcase> <!-- tc14_verifyUserIsNotAllowToGoSurveyDefinitionFormWithoutFillingAnyDataInSurveyForm -->
  <system-out/>
  <testcase classname="pearl.SmartER.TestCases.SurveyPage_TestCases" name="tc15_verifyUserIsAllowToGoSurveyDefinitionFormIntoResponseDefinitionForm" time="0.000">
    <skipped/>
  </testcase> <!-- tc15_verifyUserIsAllowToGoSurveyDefinitionFormIntoResponseDefinitionForm -->
  <system-out/>
  <testcase classname="pearl.SmartER.TestCases.SurveyPage_TestCases" name="tc16_verifyUserIsNotAllowToGoResponseDefinitionFormWithoutFillingAnyDataInSurveyDefinitionForm" time="0.000">
    <skipped/>
  </testcase> <!-- tc16_verifyUserIsNotAllowToGoResponseDefinitionFormWithoutFillingAnyDataInSurveyDefinitionForm -->
  <system-out/>
  <testcase classname="pearl.SmartER.TestCases.SurveyPage_TestCases" name="t17_verifyUserIsAllowToGoResponseDefinitionFormIntoAlertDefinitionForm" time="0.006">
    <skipped/>
  </testcase> <!-- t17_verifyUserIsAllowToGoResponseDefinitionFormIntoAlertDefinitionForm -->
  <system-out/>
  <testcase classname="pearl.SmartER.TestCases.SurveyPage_TestCases" name="t18_verifyUserIsNotAllowToGoAlertDefinitionFormWithoutFillingAnyDataInResponseDefinitionForm" time="0.000">
    <skipped/>
  </testcase> <!-- t18_verifyUserIsNotAllowToGoAlertDefinitionFormWithoutFillingAnyDataInResponseDefinitionForm -->
  <system-out/>
  <testcase classname="pearl.SmartER.TestCases.SurveyPage_TestCases" name="tc19_verifyUserIsNotAllowToCreateANewSurveyWithoutFillingAnyDataIntoTheAlertDefinitionForm" time="0.000">
    <skipped/>
  </testcase> <!-- tc19_verifyUserIsNotAllowToCreateANewSurveyWithoutFillingAnyDataIntoTheAlertDefinitionForm -->
  <system-out/>
  <testcase classname="pearl.SmartER.TestCases.SurveyPage_TestCases" name="tc20_verifyUserIsAbleToRetrunTheQuestionBank" time="0.000">
    <skipped/>
  </testcase> <!-- tc20_verifyUserIsAbleToRetrunTheQuestionBank -->
  <system-out/>
  <testcase classname="pearl.SmartER.TestCases.SurveyPage_TestCases" name="tc21_verifyUserIsAbleToSearchASurvey" time="0.000">
    <skipped/>
  </testcase> <!-- tc21_verifyUserIsAbleToSearchASurvey -->
  <system-out/>
  <testcase classname="pearl.SmartER.TestCases.SurveyPage_TestCases" name="tc22_verifyUserIsAbleToSearchASurveyWithLocation" time="0.000">
    <skipped/>
  </testcase> <!-- tc22_verifyUserIsAbleToSearchASurveyWithLocation -->
  <system-out/>
  <testcase classname="pearl.SmartER.TestCases.SurveyPage_TestCases" name="tc23_verifyUserIsAbleToSearchASurveyWithDepartment" time="0.000">
    <skipped/>
  </testcase> <!-- tc23_verifyUserIsAbleToSearchASurveyWithDepartment -->
  <system-out/>
  <testcase classname="pearl.SmartER.TestCases.SurveyPage_TestCases" name="tc24_verifyUserIsAbleToSearchASurveyWithSurveyType" time="0.000">
    <skipped/>
  </testcase> <!-- tc24_verifyUserIsAbleToSearchASurveyWithSurveyType -->
  <system-out/>
  <testcase classname="pearl.SmartER.TestCases.SurveyPage_TestCases" name="tc25_verifyUserIsAbleToSearchASurveyWithLocationDepartmentAndSurveyType" time="0.001">
    <skipped/>
  </testcase> <!-- tc25_verifyUserIsAbleToSearchASurveyWithLocationDepartmentAndSurveyType -->
  <system-out/>
  <testcase classname="pearl.SmartER.TestCases.SurveyPage_TestCases" name="tc26_verifyUserIsAbleToEditASurvey" time="0.000">
    <skipped/>
  </testcase> <!-- tc26_verifyUserIsAbleToEditASurvey -->
  <system-out/>
  <testcase classname="pearl.SmartER.TestCases.SurveyPage_TestCases" name="tc28_verifyUserIsAbleToEnterASettingInTheSurvey" time="0.000">
    <skipped/>
  </testcase> <!-- tc28_verifyUserIsAbleToEnterASettingInTheSurvey -->
  <system-out/>
  <testcase classname="pearl.SmartER.TestCases.SurveyPage_TestCases" name="tc29_verifyUserIsAbleToEditSettingInTheSurvey" time="0.000">
    <skipped/>
  </testcase> <!-- tc29_verifyUserIsAbleToEditSettingInTheSurvey -->
  <system-out/>
  <testcase classname="pearl.SmartER.TestCases.SurveyPage_TestCases" name="tc30_verifyUserIsAbleToReturnASurveyPage" time="0.000">
    <skipped/>
  </testcase> <!-- tc30_verifyUserIsAbleToReturnASurveyPage -->
  <system-out/>
  <testcase classname="pearl.SmartER.TestCases.SurveyPage_TestCases" name="tc31_verifyUserIsAllowToEnterAWarehouse" time="0.000">
    <skipped/>
  </testcase> <!-- tc31_verifyUserIsAllowToEnterAWarehouse -->
  <system-out/>
  <testcase classname="pearl.SmartER.TestCases.SurveyPage_TestCases" name="tc32_verifyUserIsAbleToSearchAQuestionInWarehouse" time="0.000">
    <skipped/>
  </testcase> <!-- tc32_verifyUserIsAbleToSearchAQuestionInWarehouse -->
  <system-out/>
  <testcase classname="pearl.SmartER.TestCases.SurveyPage_TestCases" name="tc33_verifyUserIsAbleToSearchAQuestionWithGroups" time="0.000">
    <skipped/>
  </testcase> <!-- tc33_verifyUserIsAbleToSearchAQuestionWithGroups -->
  <system-out/>
  <testcase classname="pearl.SmartER.TestCases.SurveyPage_TestCases" name="tc34_verifyUserIsAbleToSearchAQuestionWithCategory" time="0.000">
    <skipped/>
  </testcase> <!-- tc34_verifyUserIsAbleToSearchAQuestionWithCategory -->
  <system-out/>
  <testcase classname="pearl.SmartER.TestCases.SurveyPage_TestCases" name="tc35_verifyUserIsAbleToSearchAQuestionWithLanguage" time="0.000">
    <skipped/>
  </testcase> <!-- tc35_verifyUserIsAbleToSearchAQuestionWithLanguage -->
  <system-out/>
  <testcase classname="pearl.SmartER.TestCases.SurveyPage_TestCases" name="tc36_verifyUserIsAbleToSearchAQuestionWithGroupsAndCategoryAndLanguage" time="0.000">
    <skipped/>
  </testcase> <!-- tc36_verifyUserIsAbleToSearchAQuestionWithGroupsAndCategoryAndLanguage -->
  <system-out/>
  <testcase classname="pearl.SmartER.TestCases.SurveyPage_TestCases" name="tc37_verifyUserIsAbleToEditQuestion" time="0.000">
    <skipped/>
  </testcase> <!-- tc37_verifyUserIsAbleToEditQuestion -->
  <system-out/>
  <testcase classname="pearl.SmartER.TestCases.SurveyPage_TestCases" name="tc38_verifyUserIsAbleToDeleteAQuestion" time="0.000">
    <skipped/>
  </testcase> <!-- tc38_verifyUserIsAbleToDeleteAQuestion -->
  <system-out/>
  <testcase classname="pearl.SmartER.TestCases.SurveyPage_TestCases" name="tc39_verifyUserIsAbleToViewAQuestionByGroupOrder" time="0.000">
    <skipped/>
  </testcase> <!-- tc39_verifyUserIsAbleToViewAQuestionByGroupOrder -->
  <system-out/>
  <testcase classname="pearl.SmartER.TestCases.SurveyPage_TestCases" name="tc40_verifyUserIsAbleToViewAQuestionByCategoryOrder" time="0.000">
    <skipped/>
  </testcase> <!-- tc40_verifyUserIsAbleToViewAQuestionByCategoryOrder -->
  <system-out/>
  <testcase classname="pearl.SmartER.TestCases.SurveyPage_TestCases" name="tc41_verifyUserIsAbleToViewAQuestionByQuestionOrder" time="0.000">
    <skipped/>
  </testcase> <!-- tc41_verifyUserIsAbleToViewAQuestionByQuestionOrder -->
  <system-out/>
  <testcase classname="pearl.SmartER.TestCases.SurveyPage_TestCases" name="tc42_verifyUserIsAbleToViewAQuestionByTypeOrder" time="0.000">
    <skipped/>
  </testcase> <!-- tc42_verifyUserIsAbleToViewAQuestionByTypeOrder -->
  <system-out/>
  <testcase classname="pearl.SmartER.TestCases.SurveyPage_TestCases" name="tc43_verifyUserIsAbleToViewAQuestionByLanguageOrder" time="0.000">
    <skipped/>
  </testcase> <!-- tc43_verifyUserIsAbleToViewAQuestionByLanguageOrder -->
  <system-out/>
  <testcase classname="pearl.SmartER.TestCases.SurveyPage_TestCases" name="tc44_verifyUserIsAbleToEnterAResults" time="0.000">
    <skipped/>
  </testcase> <!-- tc44_verifyUserIsAbleToEnterAResults -->
  <system-out/>
  <testcase classname="pearl.SmartER.TestCases.SurveyPage_TestCases" name="tc45_verifyUserIsAbleToSearchASurveyWithLocationInTheResults" time="0.000">
    <skipped/>
  </testcase> <!-- tc45_verifyUserIsAbleToSearchASurveyWithLocationInTheResults -->
  <system-out/>
  <testcase classname="pearl.SmartER.TestCases.SurveyPage_TestCases" name="tc46_verifyUserIsAbleToSearchASurveyWithDepartmentInTheResults" time="0.000">
    <skipped/>
  </testcase> <!-- tc46_verifyUserIsAbleToSearchASurveyWithDepartmentInTheResults -->
  <system-out/>
  <testcase classname="pearl.SmartER.TestCases.SurveyPage_TestCases" name="tc47_verifyUserIsAbleToSearchASurveyWithMonthInTheResults" time="0.000">
    <skipped/>
  </testcase> <!-- tc47_verifyUserIsAbleToSearchASurveyWithMonthInTheResults -->
  <system-out/>
  <testcase classname="pearl.SmartER.TestCases.SurveyPage_TestCases" name="tc48_verifyUserIsAbleToSearchASurveyWithYearInTheResults" time="0.000">
    <skipped/>
  </testcase> <!-- tc48_verifyUserIsAbleToSearchASurveyWithYearInTheResults -->
  <system-out/>
  <testcase classname="pearl.SmartER.TestCases.SurveyPage_TestCases" name="tc49_verifyUserIsAbleToSearchASurveyWithSectionInTheResults" time="0.000">
    <skipped/>
  </testcase> <!-- tc49_verifyUserIsAbleToSearchASurveyWithSectionInTheResults -->
  <system-out/>
  <testcase classname="pearl.SmartER.TestCases.SurveyPage_TestCases" name="tc50_verifyUserIsAbleToSearchASurveyWithLocationDepartmentMonthYearAndSectionInTheResults" time="0.000">
    <skipped/>
  </testcase> <!-- tc50_verifyUserIsAbleToSearchASurveyWithLocationDepartmentMonthYearAndSectionInTheResults -->
  <system-out/>
  <testcase classname="pearl.SmartER.TestCases.SurveyPage_TestCases" name="tc51_verifyUserIsAbleToViewASurveyBySurveyName" time="0.000">
    <skipped/>
  </testcase> <!-- tc51_verifyUserIsAbleToViewASurveyBySurveyName -->
  <system-out/>
  <testcase classname="pearl.SmartER.TestCases.SurveyPage_TestCases" name="tc52_verifyWhetherUserIsAbleToViewASurveyByVersion" time="0.000">
    <skipped/>
  </testcase> <!-- tc52_verifyWhetherUserIsAbleToViewASurveyByVersion -->
  <system-out/>
  <testcase classname="pearl.SmartER.TestCases.SurveyPage_TestCases" name="tc53_verifyUserIsAbleToViewASurveyByVersionCreateDateOrder" time="0.000">
    <skipped/>
  </testcase> <!-- tc53_verifyUserIsAbleToViewASurveyByVersionCreateDateOrder -->
  <system-out/>
  <testcase classname="pearl.SmartER.TestCases.SurveyPage_TestCases" name="tc54_verifyUserIsAbleToViewASurveyByStatus" time="0.000">
    <skipped/>
  </testcase> <!-- tc54_verifyUserIsAbleToViewASurveyByStatus -->
  <system-out/>
  <testcase classname="pearl.SmartER.TestCases.SurveyPage_TestCases" name="tc55_verifyUserIsAbleToEnterASendSurvey" time="0.000">
    <skipped/>
  </testcase> <!-- tc55_verifyUserIsAbleToEnterASendSurvey -->
  <system-out/>
  <testcase classname="pearl.SmartER.TestCases.SurveyPage_TestCases" name="tc56_verifyUserIsAbleToSendASurvey" time="0.000">
    <skipped/>
  </testcase> <!-- tc56_verifyUserIsAbleToSendASurvey -->
  <system-out/>
  <testcase classname="pearl.SmartER.TestCases.SurveyPage_TestCases" name="tc57_verifyUserIsAbleToSendASurveyToEmail" time="0.000">
    <skipped/>
  </testcase> <!-- tc57_verifyUserIsAbleToSendASurveyToEmail -->
  <system-out/>
  <testcase classname="pearl.SmartER.TestCases.SurveyPage_TestCases" name="tc58_verifyUserIsAbleToSendASurveyToPhoneNumber" time="0.000">
    <skipped/>
  </testcase> <!-- tc58_verifyUserIsAbleToSendASurveyToPhoneNumber -->
  <system-out/>
  <testcase classname="pearl.SmartER.TestCases.SurveyPage_TestCases" name="tc59_verifyUserIsAbleToSendASurveyWithoutFillingAMandatoryFields" time="0.000">
    <skipped/>
  </testcase> <!-- tc59_verifyUserIsAbleToSendASurveyWithoutFillingAMandatoryFields -->
  <system-out/>
  <testcase classname="pearl.SmartER.TestCases.SurveyPage_TestCases" name="tc60_verifyUserIsAbleToSendASurveyWithInvalidEmailAndValidPhoneNumber" time="0.000">
    <skipped/>
  </testcase> <!-- tc60_verifyUserIsAbleToSendASurveyWithInvalidEmailAndValidPhoneNumber -->
  <system-out/>
  <testcase classname="pearl.SmartER.TestCases.SurveyPage_TestCases" name="tc61_verifyUserIsAbleToSendASurveyToAValidEmailandInvalidPhoneNumber" time="0.000">
    <skipped/>
  </testcase> <!-- tc61_verifyUserIsAbleToSendASurveyToAValidEmailandInvalidPhoneNumber -->
  <system-out/>
  <testcase classname="pearl.SmartER.TestCases.SurveyPage_TestCases" name="tc27_verifyUserIsAbleToDeleteASurvey" time="0.000">
    <skipped/>
  </testcase> <!-- tc27_verifyUserIsAbleToDeleteASurvey -->
  <system-out/>
</testsuite> <!-- pearl.SmartER.TestCases.SurveyPage_TestCases -->
