<!DOCTYPE html>
<html>
<head>

<meta http-equiv="Content-Type" content="text/html; charset=UTF-8" />

<script src="js/jquery.min.js"></script>
<script src="js/jquery.tablesorter.min.js"></script>
<script src="js/Chart.min.js"></script>
<script src="js/moment.min.js"></script>
<script src="js/bootstrap.min.js"></script>

<link rel="stylesheet" href="css/bootstrap.min.css" type="text/css"/>
<link rel="stylesheet" href="css/cucumber.css" type="text/css"/>
<link rel="stylesheet" href="css/font-awesome.min.css"/>
<link rel="shortcut icon" href="images/favicon.png"/>

<script>
$(document).ready(function() {
    // this will tell tablesorter to try looking for the data-value attribute
    // if present, it'll sort by that instead
    // otherwise, it'll sort by the text content of the table cell
    $("#tablesorter").tablesorter({
        textAttribute: 'data-value',
        // ignores the first row of the header, the 'scenario', 'steps', since
        // sorting those doesn't make sense
        selectorHeaders: '> thead tr:not(.dont-sort) th',
        // use a stable sort
        sortStable: true
    });
});
</script>











<title>Cucumber Reports (no 1) - Feature: Users</title>

</head>
<body>

<nav class="navbar navbar-default navbar-fixed-top" id="navigation">
  <div class="container-fluid">
    <div class="collapse navbar-collapse">
      <p class="navbar-text navbar-left">Cucumber Report</p>
      <ul class="nav navbar-nav navbar-right">
          <li role="presentation"><a href="../">Jenkins</a></li>
          <li role="presentation"><a href="../../lastCompletedBuild/cucumber-html-reports/report-feature_1_4170440856.html">Latest results</a></li>
        <li role="presentation" ><a href="overview-features.html">Features</a></li>
        <li role="presentation" ><a href="overview-tags.html">Tags</a></li>
        <li role="presentation" ><a href="overview-steps.html">Steps</a></li>
        <li role="presentation" ><a href="overview-failures.html">Failures</a></li>
      </ul>
    </div>
  </div>
</nav>


<div class="container-fluid">
  <div class="col-md-5 col-md-offset-1">

<table class="table table-bordered" id="build-info">
  <thead>
    <tr>
      <th>Project</th>
        <th>Number</th>
      <th>Date</th>
    </tr>
  </thead>
  <tbody>
    <tr class="info">
      <td>SmartContact</td>
        <td>1</td>
      <td>13 Apr 2023, 11:22</td>
    </tr>
  </tbody>
</table>

  </div>
  <div class="col-md-3 col-md-offset-2">
  </div>
</div>


<div id="report-lead" class="container-fluid">
  <div class="col-md-10 col-md-offset-1">
    <h2>Feature Report</h2>
  </div>
</div>


<div class="container-fluid" id="report">
  <div class="row">
    <div class="col-md-10 col-md-offset-1">
      <table class="stats-table">


<thead>
  <tr class="header dont-sort">
      <th></th>
    <th colspan="6">Steps</th>
    <th colspan="3">Scenarios</th>
    <th colspan="2">Features</th>
  </tr>
  <tr>
    <th>Feature</th>
    <th class="passed">Passed</th>
    <th class="failed">Failed</th>
    <th class="skipped">Skipped</th>
    <th class="pending">Pending</th>
    <th class="undefined">Undefined</th>
    <th class="total">Total</th>

    <th class="passed">Passed</th>
    <th class="failed">Failed</th>
    <th class="total">Total</th>

    <th>Duration</th>
    <th>Status</th>
  </tr>
</thead>


        <tbody>
        <tr>
          <td class="tagname">Users</td>
          <td      class="passed"    >81</td>
          <td      class="failed"    >9</td>
          <td >0</td>
          <td >0</td>
          <td >0</td>
          <td class="total">90</td>

          <td  class="passed"    >21</td>
          <td  class="failed"    >9</td>
          <td class="total">30</td>

          <td class="duration" data-value="1422184975900">23:42.184</td>
          <td class="failed">Failed</td>
        </tr>
        </tbody>

      </table>
    </div>
  </div>
</div>



<div class="container-fluid">
  <div class="row">
    <div class="col-md-1 col-md-offset-10">
      <i class="fa fa-chevron-circle-down fa-2x collapsable-control"
        onClick="javascript:$('#report .collapsable-details').collapse('show')"></i>
      <i class="fa fa-chevron-circle-up fa-2x collapsable-control"
        onClick="javascript:$('#report .collapsable-details').collapse('hide')"></i>
    </div>
  </div>
</div>


<div class="container-fluid" id="report">
  <div class="row">
    <div class="col-md-10 col-md-offset-1">
      <div class="feature">

<div class="tags indention">
</div>


<div class="brief failed">
  <span class="keyword indention">Feature</span>
  <span class="name">Users</span>


</div>

        <div class="description indention"></div>

        <div class="elements inner-level">

<div class="element">


<div class="tags indention">
    <b>Tags:</b>
       <a href="report-tag_4060448126.html">@Test1</a>
</div>


  <span class="lead-duration duration">36.346</span>


  <span data-toggle="collapse" class=" collapsable-control" data-target="#element-1">

<div class="brief failed">
  <span class="keyword indention">Scenario</span>
  <span class="name">Verify user can be created without credentials</span>


     <i class="chevron fa fa-fw"></i>
</div>

  </span>
  <div class="description indention"></div>

  <div id="element-1" class="collapse collapsable-details  in ">





<div class="steps inner-level">
  <div data-toggle="collapse" class=" collapsable-control" data-target="#steps-2">

<div class="brief failed">
  <span class="keyword indention">Steps</span>
  <span class="name"></span>


     <i class="chevron fa fa-fw"></i>
</div>

  </div>

  <div id="steps-2" class="inner-level collapse collapsable-details  in ">
      <div class="step">


<div class="brief step-name-Given passed">
  <span class="keyword indention">Given</span>
  <span class="name">Invoking the browser</span>

  <span class="lead-duration duration">9.330</span>

</div>
















      </div>
      <div class="step">


<div class="brief step-name-When passed">
  <span class="keyword indention">When</span>
  <span class="name">Navigate to Home page</span>

  <span class="lead-duration duration">26.885</span>

</div>
















      </div>
      <div class="step">


<div class="brief step-name-Then failed">
  <span class="keyword indention">Then</span>
  <span class="name">Verify user can be created without credentials</span>

  <span class="lead-duration duration">0.129</span>

</div>






  <div class="inner-level">
    <div class="message indention">
      <div data-toggle="collapse" class=" collapsable-control" data-target="#msg-3">
          <a>org.openqa.selenium.NoSuchWindowException:</a>
      </div>
      <div id="msg-3" class="collapse collapsable-details  in ">
        <pre>org.openqa.selenium.NoSuchWindowException: no such window: target window already closed
from unknown error: web view not found
  (Session info: chrome=112.0.5615.49)
Build info: version: '4.3.0', revision: 'a4995e2c09*'
System info: host: 'DESKTOP-3GFC8UC', ip: '192.168.1.62', os.name: 'Windows 10', os.arch: 'amd64', os.version: '10.0', java.version: '17.0.5'
Driver info: org.openqa.selenium.chrome.ChromeDriver
Command: [65b0c88d00eb1441834bbfafe89f1bf2, findElement {using=xpath, value=//button[normalize-space()='Create User']}]
Capabilities {acceptInsecureCerts: false, browserName: chrome, browserVersion: 112.0.5615.49, chrome: {chromedriverVersion: 112.0.5615.49 (bd2a7bcb881c..., userDataDir: C:\Users\PS\AppData\Local\T...}, goog:chromeOptions: {debuggerAddress: localhost:58642}, networkConnectionEnabled: false, pageLoadStrategy: normal, platformName: WINDOWS, proxy: Proxy(), se:cdp: ws://localhost:58642/devtoo..., se:cdpVersion: 112.0.5615.49, setWindowRect: true, strictFileInteractability: false, timeouts: {implicit: 0, pageLoad: 300000, script: 30000}, unhandledPromptBehavior: dismiss and notify, webauthn:extension:credBlob: true, webauthn:extension:largeBlob: true, webauthn:extension:minPinLength: true, webauthn:extension:prf: true, webauthn:virtualAuthenticators: true}
Session ID: 65b0c88d00eb1441834bbfafe89f1bf2
	at java.base/jdk.internal.reflect.NativeConstructorAccessorImpl.newInstance0(Native Method)
	at java.base/jdk.internal.reflect.NativeConstructorAccessorImpl.newInstance(NativeConstructorAccessorImpl.java:77)
	at java.base/jdk.internal.reflect.DelegatingConstructorAccessorImpl.newInstance(DelegatingConstructorAccessorImpl.java:45)
	at java.base/java.lang.reflect.Constructor.newInstanceWithCaller(Constructor.java:499)
	at java.base/java.lang.reflect.Constructor.newInstance(Constructor.java:480)
	at org.openqa.selenium.remote.codec.w3c.W3CHttpResponseCodec.createException(W3CHttpResponseCodec.java:200)
	at org.openqa.selenium.remote.codec.w3c.W3CHttpResponseCodec.decode(W3CHttpResponseCodec.java:133)
	at org.openqa.selenium.remote.codec.w3c.W3CHttpResponseCodec.decode(W3CHttpResponseCodec.java:53)
	at org.openqa.selenium.remote.HttpCommandExecutor.execute(HttpCommandExecutor.java:184)
	at org.openqa.selenium.remote.service.DriverCommandExecutor.invokeExecute(DriverCommandExecutor.java:167)
	at org.openqa.selenium.remote.service.DriverCommandExecutor.execute(DriverCommandExecutor.java:142)
	at org.openqa.selenium.remote.RemoteWebDriver.execute(RemoteWebDriver.java:569)
	at org.openqa.selenium.remote.ElementLocation$ElementFinder$2.findElement(ElementLocation.java:162)
	at org.openqa.selenium.remote.ElementLocation.findElement(ElementLocation.java:60)
	at org.openqa.selenium.remote.RemoteWebDriver.findElement(RemoteWebDriver.java:387)
	at org.openqa.selenium.remote.RemoteWebDriver.findElement(RemoteWebDriver.java:379)
	at pearl.SmartER.PageObjects.UsersPage_Objects.create_User_Btn_Click(UsersPage_Objects.java:190)
	at pearl.SmartER.TestMethods.UsersPage_TestMethods.verify_User_Creation_Without_Credentials(UsersPage_TestMethods.java:137)
	at pearl.SmartER.StepDefinition.UsersStepDefinition.verify_User_Can_Be_Created_Without_Credentials(UsersStepDefinition.java:34)
	at &#10045;.Verify user can be created without credentials(file:///C:/Users/PS/Desktop/Projects%20Bdd/SmartContactWebAppBdd/src/test/java/pearl/SmartER/Features/Users.feature:7)
</pre>
      </div>
    </div>
  </div>











      </div>
  </div>
</div>





  </div>
</div>


<div class="element">


<div class="tags indention">
    <b>Tags:</b>
       <a href="report-tag_4060448127.html">@Test2</a>
</div>


  <span class="lead-duration duration">1:21.096</span>


  <span data-toggle="collapse" class=" collapsable-control" data-target="#element-4">

<div class="brief failed">
  <span class="keyword indention">Scenario</span>
  <span class="name">Verify whether a new user can be created after providing all data</span>


     <i class="chevron fa fa-fw"></i>
</div>

  </span>
  <div class="description indention"></div>

  <div id="element-4" class="collapse collapsable-details  in ">





<div class="steps inner-level">
  <div data-toggle="collapse" class=" collapsable-control" data-target="#steps-5">

<div class="brief failed">
  <span class="keyword indention">Steps</span>
  <span class="name"></span>


     <i class="chevron fa fa-fw"></i>
</div>

  </div>

  <div id="steps-5" class="inner-level collapse collapsable-details  in ">
      <div class="step">


<div class="brief step-name-Given passed">
  <span class="keyword indention">Given</span>
  <span class="name">Invoking browser</span>

  <span class="lead-duration duration">9.713</span>

</div>
















      </div>
      <div class="step">


<div class="brief step-name-When passed">
  <span class="keyword indention">When</span>
  <span class="name">Navigate to the Home page</span>

  <span class="lead-duration duration">26.376</span>

</div>
















      </div>
      <div class="step">


<div class="brief step-name-Then failed">
  <span class="keyword indention">Then</span>
  <span class="name">Verify user can be created after providing all data</span>

  <span class="lead-duration duration">45.006</span>

</div>






  <div class="inner-level">
    <div class="message indention">
      <div data-toggle="collapse" class=" collapsable-control" data-target="#msg-6">
          <a>org.openqa.selenium.NoSuchElementException:</a>
      </div>
      <div id="msg-6" class="collapse collapsable-details  in ">
        <pre>org.openqa.selenium.NoSuchElementException: no such element: Unable to locate element: {&quot;method&quot;:&quot;xpath&quot;,&quot;selector&quot;:&quot;//ngb-alert[@class='alert alert-success alert-dismissible']&quot;}
  (Session info: chrome=112.0.5615.49)
For documentation on this error, please visit: https://selenium.dev/exceptions/#no_such_element
Build info: version: '4.3.0', revision: 'a4995e2c09*'
System info: host: 'DESKTOP-3GFC8UC', ip: '192.168.1.62', os.name: 'Windows 10', os.arch: 'amd64', os.version: '10.0', java.version: '17.0.5'
Driver info: org.openqa.selenium.chrome.ChromeDriver
Command: [710177909e1ec7cd6ea087204cc05f6d, findElement {using=xpath, value=//ngb-alert[@class='alert alert-success alert-dismissible']}]
Capabilities {acceptInsecureCerts: false, browserName: chrome, browserVersion: 112.0.5615.49, chrome: {chromedriverVersion: 112.0.5615.49 (bd2a7bcb881c..., userDataDir: C:\Users\PS\AppData\Local\T...}, goog:chromeOptions: {debuggerAddress: localhost:58683}, networkConnectionEnabled: false, pageLoadStrategy: normal, platformName: WINDOWS, proxy: Proxy(), se:cdp: ws://localhost:58683/devtoo..., se:cdpVersion: 112.0.5615.49, setWindowRect: true, strictFileInteractability: false, timeouts: {implicit: 0, pageLoad: 300000, script: 30000}, unhandledPromptBehavior: dismiss and notify, webauthn:extension:credBlob: true, webauthn:extension:largeBlob: true, webauthn:extension:minPinLength: true, webauthn:extension:prf: true, webauthn:virtualAuthenticators: true}
Session ID: 710177909e1ec7cd6ea087204cc05f6d
	at java.base/jdk.internal.reflect.NativeConstructorAccessorImpl.newInstance0(Native Method)
	at java.base/jdk.internal.reflect.NativeConstructorAccessorImpl.newInstance(NativeConstructorAccessorImpl.java:77)
	at java.base/jdk.internal.reflect.DelegatingConstructorAccessorImpl.newInstance(DelegatingConstructorAccessorImpl.java:45)
	at java.base/java.lang.reflect.Constructor.newInstanceWithCaller(Constructor.java:499)
	at java.base/java.lang.reflect.Constructor.newInstance(Constructor.java:480)
	at org.openqa.selenium.remote.codec.w3c.W3CHttpResponseCodec.createException(W3CHttpResponseCodec.java:200)
	at org.openqa.selenium.remote.codec.w3c.W3CHttpResponseCodec.decode(W3CHttpResponseCodec.java:133)
	at org.openqa.selenium.remote.codec.w3c.W3CHttpResponseCodec.decode(W3CHttpResponseCodec.java:53)
	at org.openqa.selenium.remote.HttpCommandExecutor.execute(HttpCommandExecutor.java:184)
	at org.openqa.selenium.remote.service.DriverCommandExecutor.invokeExecute(DriverCommandExecutor.java:167)
	at org.openqa.selenium.remote.service.DriverCommandExecutor.execute(DriverCommandExecutor.java:142)
	at org.openqa.selenium.remote.RemoteWebDriver.execute(RemoteWebDriver.java:569)
	at org.openqa.selenium.remote.ElementLocation$ElementFinder$2.findElement(ElementLocation.java:162)
	at org.openqa.selenium.remote.ElementLocation.findElement(ElementLocation.java:60)
	at org.openqa.selenium.remote.RemoteWebDriver.findElement(RemoteWebDriver.java:387)
	at org.openqa.selenium.remote.RemoteWebDriver.findElement(RemoteWebDriver.java:379)
	at pearl.SmartER.PageObjects.UsersPage_Objects.save_Validation_Message_Lbl(UsersPage_Objects.java:311)
	at pearl.SmartER.TestMethods.UsersPage_TestMethods.verify_User_Creation(UsersPage_TestMethods.java:179)
	at pearl.SmartER.StepDefinition.UsersStepDefinition.verify_User_Can_Be_Created_After_Providing_All_Data(UsersStepDefinition.java:55)
	at &#10045;.Verify user can be created after providing all data(file:///C:/Users/PS/Desktop/Projects%20Bdd/SmartContactWebAppBdd/src/test/java/pearl/SmartER/Features/Users.feature:13)
</pre>
      </div>
    </div>
  </div>











      </div>
  </div>
</div>





  </div>
</div>


<div class="element">


<div class="tags indention">
    <b>Tags:</b>
       <a href="report-tag_4060448128.html">@Test3</a>
</div>


  <span class="lead-duration duration">58.213</span>


  <span data-toggle="collapse" class=" collapsed  collapsable-control" data-target="#element-7">

<div class="brief passed">
  <span class="keyword indention">Scenario</span>
  <span class="name">Verify if a duplicate user can be created</span>


     <i class="chevron fa fa-fw"></i>
</div>

  </span>
  <div class="description indention"></div>

  <div id="element-7" class="collapse collapsable-details ">





<div class="steps inner-level">
  <div data-toggle="collapse" class=" collapsed  collapsable-control" data-target="#steps-8">

<div class="brief passed">
  <span class="keyword indention">Steps</span>
  <span class="name"></span>


     <i class="chevron fa fa-fw"></i>
</div>

  </div>

  <div id="steps-8" class="inner-level collapse collapsable-details ">
      <div class="step">


<div class="brief step-name-Given passed">
  <span class="keyword indention">Given</span>
  <span class="name">Invoking webbrowser</span>

  <span class="lead-duration duration">12.422</span>

</div>
















      </div>
      <div class="step">


<div class="brief step-name-When passed">
  <span class="keyword indention">When</span>
  <span class="name">Navigate to homepage</span>

  <span class="lead-duration duration">27.819</span>

</div>
















      </div>
      <div class="step">


<div class="brief step-name-Then passed">
  <span class="keyword indention">Then</span>
  <span class="name">Verify if a duplicate user can be created</span>

  <span class="lead-duration duration">17.972</span>

</div>
















      </div>
  </div>
</div>





  </div>
</div>


<div class="element">


<div class="tags indention">
    <b>Tags:</b>
       <a href="report-tag_4060448129.html">@Test4</a>
</div>


  <span class="lead-duration duration">51.985</span>


  <span data-toggle="collapse" class=" collapsed  collapsable-control" data-target="#element-9">

<div class="brief passed">
  <span class="keyword indention">Scenario</span>
  <span class="name">Verify whether new user can be created without giving the username</span>


     <i class="chevron fa fa-fw"></i>
</div>

  </span>
  <div class="description indention"></div>

  <div id="element-9" class="collapse collapsable-details ">





<div class="steps inner-level">
  <div data-toggle="collapse" class=" collapsed  collapsable-control" data-target="#steps-10">

<div class="brief passed">
  <span class="keyword indention">Steps</span>
  <span class="name"></span>


     <i class="chevron fa fa-fw"></i>
</div>

  </div>

  <div id="steps-10" class="inner-level collapse collapsable-details ">
      <div class="step">


<div class="brief step-name-Given passed">
  <span class="keyword indention">Given</span>
  <span class="name">Opening the browser</span>

  <span class="lead-duration duration">8.961</span>

</div>
















      </div>
      <div class="step">


<div class="brief step-name-When passed">
  <span class="keyword indention">When</span>
  <span class="name">Navigating to home page</span>

  <span class="lead-duration duration">25.555</span>

</div>
















      </div>
      <div class="step">


<div class="brief step-name-Then passed">
  <span class="keyword indention">Then</span>
  <span class="name">Verify whether new user can be created without giving the username</span>

  <span class="lead-duration duration">17.468</span>

</div>
















      </div>
  </div>
</div>





  </div>
</div>


<div class="element">


<div class="tags indention">
    <b>Tags:</b>
       <a href="report-tag_4060448130.html">@Test5</a>
</div>


  <span class="lead-duration duration">52.961</span>


  <span data-toggle="collapse" class=" collapsed  collapsable-control" data-target="#element-11">

<div class="brief passed">
  <span class="keyword indention">Scenario</span>
  <span class="name">Verify whether new user can be created without giving the name</span>


     <i class="chevron fa fa-fw"></i>
</div>

  </span>
  <div class="description indention"></div>

  <div id="element-11" class="collapse collapsable-details ">





<div class="steps inner-level">
  <div data-toggle="collapse" class=" collapsed  collapsable-control" data-target="#steps-12">

<div class="brief passed">
  <span class="keyword indention">Steps</span>
  <span class="name"></span>


     <i class="chevron fa fa-fw"></i>
</div>

  </div>

  <div id="steps-12" class="inner-level collapse collapsable-details ">
      <div class="step">


<div class="brief step-name-Given passed">
  <span class="keyword indention">Given</span>
  <span class="name">Opening the web browser</span>

  <span class="lead-duration duration">8.169</span>

</div>
















      </div>
      <div class="step">


<div class="brief step-name-When passed">
  <span class="keyword indention">When</span>
  <span class="name">Navigating to homepage</span>

  <span class="lead-duration duration">27.021</span>

</div>
















      </div>
      <div class="step">


<div class="brief step-name-Then passed">
  <span class="keyword indention">Then</span>
  <span class="name">Verify whether new user can be created without giving the name</span>

  <span class="lead-duration duration">17.770</span>

</div>
















      </div>
  </div>
</div>





  </div>
</div>


<div class="element">


<div class="tags indention">
    <b>Tags:</b>
       <a href="report-tag_4060448131.html">@Test6</a>
</div>


  <span class="lead-duration duration">52.351</span>


  <span data-toggle="collapse" class=" collapsed  collapsable-control" data-target="#element-13">

<div class="brief passed">
  <span class="keyword indention">Scenario</span>
  <span class="name">Verify whether new user can be created without giving the title</span>


     <i class="chevron fa fa-fw"></i>
</div>

  </span>
  <div class="description indention"></div>

  <div id="element-13" class="collapse collapsable-details ">





<div class="steps inner-level">
  <div data-toggle="collapse" class=" collapsed  collapsable-control" data-target="#steps-14">

<div class="brief passed">
  <span class="keyword indention">Steps</span>
  <span class="name"></span>


     <i class="chevron fa fa-fw"></i>
</div>

  </div>

  <div id="steps-14" class="inner-level collapse collapsable-details ">
      <div class="step">


<div class="brief step-name-Given passed">
  <span class="keyword indention">Given</span>
  <span class="name">Opening the webbrowser</span>

  <span class="lead-duration duration">9.224</span>

</div>
















      </div>
      <div class="step">


<div class="brief step-name-When passed">
  <span class="keyword indention">When</span>
  <span class="name">Navigating to the homepage</span>

  <span class="lead-duration duration">25.171</span>

</div>
















      </div>
      <div class="step">


<div class="brief step-name-Then passed">
  <span class="keyword indention">Then</span>
  <span class="name">Verify whether new user can be created without giving the title</span>

  <span class="lead-duration duration">17.955</span>

</div>
















      </div>
  </div>
</div>





  </div>
</div>


<div class="element">


<div class="tags indention">
    <b>Tags:</b>
       <a href="report-tag_4060448132.html">@Test7</a>
</div>


  <span class="lead-duration duration">49.603</span>


  <span data-toggle="collapse" class=" collapsed  collapsable-control" data-target="#element-15">

<div class="brief passed">
  <span class="keyword indention">Scenario</span>
  <span class="name">Verify whether new user can be created without giving the email</span>


     <i class="chevron fa fa-fw"></i>
</div>

  </span>
  <div class="description indention"></div>

  <div id="element-15" class="collapse collapsable-details ">





<div class="steps inner-level">
  <div data-toggle="collapse" class=" collapsed  collapsable-control" data-target="#steps-16">

<div class="brief passed">
  <span class="keyword indention">Steps</span>
  <span class="name"></span>


     <i class="chevron fa fa-fw"></i>
</div>

  </div>

  <div id="steps-16" class="inner-level collapse collapsable-details ">
      <div class="step">


<div class="brief step-name-Given passed">
  <span class="keyword indention">Given</span>
  <span class="name">Open the webbrowser</span>

  <span class="lead-duration duration">7.678</span>

</div>
















      </div>
      <div class="step">


<div class="brief step-name-When passed">
  <span class="keyword indention">When</span>
  <span class="name">Navigating to the home page</span>

  <span class="lead-duration duration">24.429</span>

</div>
















      </div>
      <div class="step">


<div class="brief step-name-Then passed">
  <span class="keyword indention">Then</span>
  <span class="name">Verify whether new user can be created without giving the email</span>

  <span class="lead-duration duration">17.495</span>

</div>
















      </div>
  </div>
</div>





  </div>
</div>


<div class="element">


<div class="tags indention">
    <b>Tags:</b>
       <a href="report-tag_4060448133.html">@Test8</a>
</div>


  <span class="lead-duration duration">53.419</span>


  <span data-toggle="collapse" class=" collapsed  collapsable-control" data-target="#element-17">

<div class="brief passed">
  <span class="keyword indention">Scenario</span>
  <span class="name">Verify whether new user can be created without giving the phone number</span>


     <i class="chevron fa fa-fw"></i>
</div>

  </span>
  <div class="description indention"></div>

  <div id="element-17" class="collapse collapsable-details ">





<div class="steps inner-level">
  <div data-toggle="collapse" class=" collapsed  collapsable-control" data-target="#steps-18">

<div class="brief passed">
  <span class="keyword indention">Steps</span>
  <span class="name"></span>


     <i class="chevron fa fa-fw"></i>
</div>

  </div>

  <div id="steps-18" class="inner-level collapse collapsable-details ">
      <div class="step">


<div class="brief step-name-Given passed">
  <span class="keyword indention">Given</span>
  <span class="name">Load the browser</span>

  <span class="lead-duration duration">8.458</span>

</div>
















      </div>
      <div class="step">


<div class="brief step-name-When passed">
  <span class="keyword indention">When</span>
  <span class="name">Go to home page</span>

  <span class="lead-duration duration">26.929</span>

</div>
















      </div>
      <div class="step">


<div class="brief step-name-Then passed">
  <span class="keyword indention">Then</span>
  <span class="name">Verify whether new user can be created without giving the phone number</span>

  <span class="lead-duration duration">18.031</span>

</div>
















      </div>
  </div>
</div>





  </div>
</div>


<div class="element">


<div class="tags indention">
    <b>Tags:</b>
       <a href="report-tag_4060448134.html">@Test9</a>
</div>


  <span class="lead-duration duration">52.704</span>


  <span data-toggle="collapse" class=" collapsed  collapsable-control" data-target="#element-19">

<div class="brief passed">
  <span class="keyword indention">Scenario</span>
  <span class="name">Verify whether new user can be created without giving the role</span>


     <i class="chevron fa fa-fw"></i>
</div>

  </span>
  <div class="description indention"></div>

  <div id="element-19" class="collapse collapsable-details ">





<div class="steps inner-level">
  <div data-toggle="collapse" class=" collapsed  collapsable-control" data-target="#steps-20">

<div class="brief passed">
  <span class="keyword indention">Steps</span>
  <span class="name"></span>


     <i class="chevron fa fa-fw"></i>
</div>

  </div>

  <div id="steps-20" class="inner-level collapse collapsable-details ">
      <div class="step">


<div class="brief step-name-Given passed">
  <span class="keyword indention">Given</span>
  <span class="name">Load browser</span>

  <span class="lead-duration duration">9.164</span>

</div>
















      </div>
      <div class="step">


<div class="brief step-name-When passed">
  <span class="keyword indention">When</span>
  <span class="name">Go to homepage</span>

  <span class="lead-duration duration">24.411</span>

</div>
















      </div>
      <div class="step">


<div class="brief step-name-Then passed">
  <span class="keyword indention">Then</span>
  <span class="name">Verify whether new user can be created without giving the role</span>

  <span class="lead-duration duration">19.127</span>

</div>
















      </div>
  </div>
</div>





  </div>
</div>


<div class="element">


<div class="tags indention">
    <b>Tags:</b>
       <a href="report-tag_1319840400.html">@Test10</a>
</div>


  <span class="lead-duration duration">1:21.852</span>


  <span data-toggle="collapse" class=" collapsable-control" data-target="#element-21">

<div class="brief failed">
  <span class="keyword indention">Scenario</span>
  <span class="name">Verify whether new user can be created without giving the level</span>


     <i class="chevron fa fa-fw"></i>
</div>

  </span>
  <div class="description indention"></div>

  <div id="element-21" class="collapse collapsable-details  in ">





<div class="steps inner-level">
  <div data-toggle="collapse" class=" collapsable-control" data-target="#steps-22">

<div class="brief failed">
  <span class="keyword indention">Steps</span>
  <span class="name"></span>


     <i class="chevron fa fa-fw"></i>
</div>

  </div>

  <div id="steps-22" class="inner-level collapse collapsable-details  in ">
      <div class="step">


<div class="brief step-name-Given passed">
  <span class="keyword indention">Given</span>
  <span class="name">Load the web browser</span>

  <span class="lead-duration duration">12.836</span>

</div>
















      </div>
      <div class="step">


<div class="brief step-name-When passed">
  <span class="keyword indention">When</span>
  <span class="name">Go to the home page</span>

  <span class="lead-duration duration">25.101</span>

</div>
















      </div>
      <div class="step">


<div class="brief step-name-Then failed">
  <span class="keyword indention">Then</span>
  <span class="name">Verify whether new user can be created without giving the level</span>

  <span class="lead-duration duration">43.914</span>

</div>






  <div class="inner-level">
    <div class="message indention">
      <div data-toggle="collapse" class=" collapsable-control" data-target="#msg-23">
          <a>org.openqa.selenium.NoSuchElementException:</a>
      </div>
      <div id="msg-23" class="collapse collapsable-details  in ">
        <pre>org.openqa.selenium.NoSuchElementException: no such element: Unable to locate element: {&quot;method&quot;:&quot;xpath&quot;,&quot;selector&quot;:&quot;//font[normalize-space()='Level required']&quot;}
  (Session info: chrome=112.0.5615.49)
For documentation on this error, please visit: https://selenium.dev/exceptions/#no_such_element
Build info: version: '4.3.0', revision: 'a4995e2c09*'
System info: host: 'DESKTOP-3GFC8UC', ip: '192.168.1.62', os.name: 'Windows 10', os.arch: 'amd64', os.version: '10.0', java.version: '17.0.5'
Driver info: org.openqa.selenium.chrome.ChromeDriver
Command: [113055f0bfb957759e0b54fd645a83e6, findElement {using=xpath, value=//font[normalize-space()='Level required']}]
Capabilities {acceptInsecureCerts: false, browserName: chrome, browserVersion: 112.0.5615.49, chrome: {chromedriverVersion: 112.0.5615.49 (bd2a7bcb881c..., userDataDir: C:\Users\PS\AppData\Local\T...}, goog:chromeOptions: {debuggerAddress: localhost:59062}, networkConnectionEnabled: false, pageLoadStrategy: normal, platformName: WINDOWS, proxy: Proxy(), se:cdp: ws://localhost:59062/devtoo..., se:cdpVersion: 112.0.5615.49, setWindowRect: true, strictFileInteractability: false, timeouts: {implicit: 0, pageLoad: 300000, script: 30000}, unhandledPromptBehavior: dismiss and notify, webauthn:extension:credBlob: true, webauthn:extension:largeBlob: true, webauthn:extension:minPinLength: true, webauthn:extension:prf: true, webauthn:virtualAuthenticators: true}
Session ID: 113055f0bfb957759e0b54fd645a83e6
	at java.base/jdk.internal.reflect.NativeConstructorAccessorImpl.newInstance0(Native Method)
	at java.base/jdk.internal.reflect.NativeConstructorAccessorImpl.newInstance(NativeConstructorAccessorImpl.java:77)
	at java.base/jdk.internal.reflect.DelegatingConstructorAccessorImpl.newInstance(DelegatingConstructorAccessorImpl.java:45)
	at java.base/java.lang.reflect.Constructor.newInstanceWithCaller(Constructor.java:499)
	at java.base/java.lang.reflect.Constructor.newInstance(Constructor.java:480)
	at org.openqa.selenium.remote.codec.w3c.W3CHttpResponseCodec.createException(W3CHttpResponseCodec.java:200)
	at org.openqa.selenium.remote.codec.w3c.W3CHttpResponseCodec.decode(W3CHttpResponseCodec.java:133)
	at org.openqa.selenium.remote.codec.w3c.W3CHttpResponseCodec.decode(W3CHttpResponseCodec.java:53)
	at org.openqa.selenium.remote.HttpCommandExecutor.execute(HttpCommandExecutor.java:184)
	at org.openqa.selenium.remote.service.DriverCommandExecutor.invokeExecute(DriverCommandExecutor.java:167)
	at org.openqa.selenium.remote.service.DriverCommandExecutor.execute(DriverCommandExecutor.java:142)
	at org.openqa.selenium.remote.RemoteWebDriver.execute(RemoteWebDriver.java:569)
	at org.openqa.selenium.remote.ElementLocation$ElementFinder$2.findElement(ElementLocation.java:162)
	at org.openqa.selenium.remote.ElementLocation.findElement(ElementLocation.java:60)
	at org.openqa.selenium.remote.RemoteWebDriver.findElement(RemoteWebDriver.java:387)
	at org.openqa.selenium.remote.RemoteWebDriver.findElement(RemoteWebDriver.java:379)
	at pearl.SmartER.PageObjects.UsersPage_Objects.level_Validation_Message_Lbl(UsersPage_Objects.java:305)
	at pearl.SmartER.TestMethods.UsersPage_TestMethods.create_New_User_Without_Level(UsersPage_TestMethods.java:420)
	at pearl.SmartER.StepDefinition.UsersStepDefinition.verify_whether_new_user_can_be_created_without_giving_the_level(UsersStepDefinition.java:224)
	at &#10045;.Verify whether new user can be created without giving the level(file:///C:/Users/PS/Desktop/Projects%20Bdd/SmartContactWebAppBdd/src/test/java/pearl/SmartER/Features/Users.feature:61)
</pre>
      </div>
    </div>
  </div>











      </div>
  </div>
</div>





  </div>
</div>


<div class="element">


<div class="tags indention">
    <b>Tags:</b>
       <a href="report-tag_1319840401.html">@Test11</a>
</div>


  <span class="lead-duration duration">35.159</span>


  <span data-toggle="collapse" class=" collapsed  collapsable-control" data-target="#element-24">

<div class="brief passed">
  <span class="keyword indention">Scenario</span>
  <span class="name">Verify Users button is enabled</span>


     <i class="chevron fa fa-fw"></i>
</div>

  </span>
  <div class="description indention"></div>

  <div id="element-24" class="collapse collapsable-details ">





<div class="steps inner-level">
  <div data-toggle="collapse" class=" collapsed  collapsable-control" data-target="#steps-25">

<div class="brief passed">
  <span class="keyword indention">Steps</span>
  <span class="name"></span>


     <i class="chevron fa fa-fw"></i>
</div>

  </div>

  <div id="steps-25" class="inner-level collapse collapsable-details ">
      <div class="step">


<div class="brief step-name-Given passed">
  <span class="keyword indention">Given</span>
  <span class="name">Load web browser</span>

  <span class="lead-duration duration">10.575</span>

</div>
















      </div>
      <div class="step">


<div class="brief step-name-When passed">
  <span class="keyword indention">When</span>
  <span class="name">Load the home page</span>

  <span class="lead-duration duration">14.337</span>

</div>
















      </div>
      <div class="step">


<div class="brief step-name-Then passed">
  <span class="keyword indention">Then</span>
  <span class="name">Verify whether Users button is enabled</span>

  <span class="lead-duration duration">10.246</span>

</div>
















      </div>
  </div>
</div>





  </div>
</div>


<div class="element">


<div class="tags indention">
    <b>Tags:</b>
       <a href="report-tag_1319840402.html">@Test12</a>
</div>


  <span class="lead-duration duration">1:31.570</span>


  <span data-toggle="collapse" class=" collapsable-control" data-target="#element-26">

<div class="brief failed">
  <span class="keyword indention">Scenario</span>
  <span class="name">Verify whether an existing user data can be edited</span>


     <i class="chevron fa fa-fw"></i>
</div>

  </span>
  <div class="description indention"></div>

  <div id="element-26" class="collapse collapsable-details  in ">





<div class="steps inner-level">
  <div data-toggle="collapse" class=" collapsable-control" data-target="#steps-27">

<div class="brief failed">
  <span class="keyword indention">Steps</span>
  <span class="name"></span>


     <i class="chevron fa fa-fw"></i>
</div>

  </div>

  <div id="steps-27" class="inner-level collapse collapsable-details  in ">
      <div class="step">


<div class="brief step-name-Given passed">
  <span class="keyword indention">Given</span>
  <span class="name">Load the webbrowser</span>

  <span class="lead-duration duration">9.792</span>

</div>
















      </div>
      <div class="step">


<div class="brief step-name-When passed">
  <span class="keyword indention">When</span>
  <span class="name">Navigate to home page</span>

  <span class="lead-duration duration">14.397</span>

</div>
















      </div>
      <div class="step">


<div class="brief step-name-Then failed">
  <span class="keyword indention">Then</span>
  <span class="name">Verify whether an existing user data can be edited</span>

  <span class="lead-duration duration">1:7.380</span>

</div>






  <div class="inner-level">
    <div class="message indention">
      <div data-toggle="collapse" class=" collapsable-control" data-target="#msg-28">
          <a>org.openqa.selenium.NoSuchElementException:</a>
      </div>
      <div id="msg-28" class="collapse collapsable-details  in ">
        <pre>org.openqa.selenium.NoSuchElementException: no such element: Unable to locate element: {&quot;method&quot;:&quot;xpath&quot;,&quot;selector&quot;:&quot;//tbody/tr[1]/td[8]/a[1]/i[1]&quot;}
  (Session info: chrome=112.0.5615.49)
For documentation on this error, please visit: https://selenium.dev/exceptions/#no_such_element
Build info: version: '4.3.0', revision: 'a4995e2c09*'
System info: host: 'DESKTOP-3GFC8UC', ip: '192.168.1.62', os.name: 'Windows 10', os.arch: 'amd64', os.version: '10.0', java.version: '17.0.5'
Driver info: org.openqa.selenium.chrome.ChromeDriver
Command: [1f50efcdcebc1e4c2cb073a49b11bb3b, findElement {using=xpath, value=//tbody/tr[1]/td[8]/a[1]/i[1]}]
Capabilities {acceptInsecureCerts: false, browserName: chrome, browserVersion: 112.0.5615.49, chrome: {chromedriverVersion: 112.0.5615.49 (bd2a7bcb881c..., userDataDir: C:\Users\PS\AppData\Local\T...}, goog:chromeOptions: {debuggerAddress: localhost:59154}, networkConnectionEnabled: false, pageLoadStrategy: normal, platformName: WINDOWS, proxy: Proxy(), se:cdp: ws://localhost:59154/devtoo..., se:cdpVersion: 112.0.5615.49, setWindowRect: true, strictFileInteractability: false, timeouts: {implicit: 0, pageLoad: 300000, script: 30000}, unhandledPromptBehavior: dismiss and notify, webauthn:extension:credBlob: true, webauthn:extension:largeBlob: true, webauthn:extension:minPinLength: true, webauthn:extension:prf: true, webauthn:virtualAuthenticators: true}
Session ID: 1f50efcdcebc1e4c2cb073a49b11bb3b
	at java.base/jdk.internal.reflect.NativeConstructorAccessorImpl.newInstance0(Native Method)
	at java.base/jdk.internal.reflect.NativeConstructorAccessorImpl.newInstance(NativeConstructorAccessorImpl.java:77)
	at java.base/jdk.internal.reflect.DelegatingConstructorAccessorImpl.newInstance(DelegatingConstructorAccessorImpl.java:45)
	at java.base/java.lang.reflect.Constructor.newInstanceWithCaller(Constructor.java:499)
	at java.base/java.lang.reflect.Constructor.newInstance(Constructor.java:480)
	at org.openqa.selenium.remote.codec.w3c.W3CHttpResponseCodec.createException(W3CHttpResponseCodec.java:200)
	at org.openqa.selenium.remote.codec.w3c.W3CHttpResponseCodec.decode(W3CHttpResponseCodec.java:133)
	at org.openqa.selenium.remote.codec.w3c.W3CHttpResponseCodec.decode(W3CHttpResponseCodec.java:53)
	at org.openqa.selenium.remote.HttpCommandExecutor.execute(HttpCommandExecutor.java:184)
	at org.openqa.selenium.remote.service.DriverCommandExecutor.invokeExecute(DriverCommandExecutor.java:167)
	at org.openqa.selenium.remote.service.DriverCommandExecutor.execute(DriverCommandExecutor.java:142)
	at org.openqa.selenium.remote.RemoteWebDriver.execute(RemoteWebDriver.java:569)
	at org.openqa.selenium.remote.ElementLocation$ElementFinder$2.findElement(ElementLocation.java:162)
	at org.openqa.selenium.remote.ElementLocation.findElement(ElementLocation.java:60)
	at org.openqa.selenium.remote.RemoteWebDriver.findElement(RemoteWebDriver.java:387)
	at org.openqa.selenium.remote.RemoteWebDriver.findElement(RemoteWebDriver.java:379)
	at pearl.SmartER.PageObjects.UsersPage_Objects.edit_Btn_Click(UsersPage_Objects.java:328)
	at pearl.SmartER.TestMethods.UsersPage_TestMethods.edit_Existing_User(UsersPage_TestMethods.java:442)
	at pearl.SmartER.StepDefinition.UsersStepDefinition.verify_whether_an_existing_user_data_can_be_edited(UsersStepDefinition.java:267)
	at &#10045;.Verify whether an existing user data can be edited(file:///C:/Users/PS/Desktop/Projects%20Bdd/SmartContactWebAppBdd/src/test/java/pearl/SmartER/Features/Users.feature:73)
</pre>
      </div>
    </div>
  </div>











      </div>
  </div>
</div>





  </div>
</div>


<div class="element">


<div class="tags indention">
    <b>Tags:</b>
       <a href="report-tag_1319840403.html">@Test13</a>
</div>


  <span class="lead-duration duration">1:32.310</span>


  <span data-toggle="collapse" class=" collapsable-control" data-target="#element-29">

<div class="brief failed">
  <span class="keyword indention">Scenario</span>
  <span class="name">Verify whether an edited entry is saved successfully</span>


     <i class="chevron fa fa-fw"></i>
</div>

  </span>
  <div class="description indention"></div>

  <div id="element-29" class="collapse collapsable-details  in ">





<div class="steps inner-level">
  <div data-toggle="collapse" class=" collapsable-control" data-target="#steps-30">

<div class="brief failed">
  <span class="keyword indention">Steps</span>
  <span class="name"></span>


     <i class="chevron fa fa-fw"></i>
</div>

  </div>

  <div id="steps-30" class="inner-level collapse collapsable-details  in ">
      <div class="step">


<div class="brief step-name-Given passed">
  <span class="keyword indention">Given</span>
  <span class="name">Loads the browser</span>

  <span class="lead-duration duration">8.910</span>

</div>
















      </div>
      <div class="step">


<div class="brief step-name-When passed">
  <span class="keyword indention">When</span>
  <span class="name">Navigate to the home page</span>

  <span class="lead-duration duration">15.083</span>

</div>
















      </div>
      <div class="step">


<div class="brief step-name-Then failed">
  <span class="keyword indention">Then</span>
  <span class="name">Verify whether an edited entry is saved successfully</span>

  <span class="lead-duration duration">1:8.317</span>

</div>






  <div class="inner-level">
    <div class="message indention">
      <div data-toggle="collapse" class=" collapsable-control" data-target="#msg-31">
          <a>org.openqa.selenium.NoSuchElementException:</a>
      </div>
      <div id="msg-31" class="collapse collapsable-details  in ">
        <pre>org.openqa.selenium.NoSuchElementException: no such element: Unable to locate element: {&quot;method&quot;:&quot;css selector&quot;,&quot;selector&quot;:&quot;tbody tr td:nth-child(1)&quot;}
  (Session info: chrome=112.0.5615.49)
For documentation on this error, please visit: https://selenium.dev/exceptions/#no_such_element
Build info: version: '4.3.0', revision: 'a4995e2c09*'
System info: host: 'DESKTOP-3GFC8UC', ip: '192.168.1.62', os.name: 'Windows 10', os.arch: 'amd64', os.version: '10.0', java.version: '17.0.5'
Driver info: org.openqa.selenium.chrome.ChromeDriver
Command: [577d929e7b226e70213d33287c890653, findElement {using=css selector, value=tbody tr td:nth-child(1)}]
Capabilities {acceptInsecureCerts: false, browserName: chrome, browserVersion: 112.0.5615.49, chrome: {chromedriverVersion: 112.0.5615.49 (bd2a7bcb881c..., userDataDir: C:\Users\PS\AppData\Local\T...}, goog:chromeOptions: {debuggerAddress: localhost:59192}, networkConnectionEnabled: false, pageLoadStrategy: normal, platformName: WINDOWS, proxy: Proxy(), se:cdp: ws://localhost:59192/devtoo..., se:cdpVersion: 112.0.5615.49, setWindowRect: true, strictFileInteractability: false, timeouts: {implicit: 0, pageLoad: 300000, script: 30000}, unhandledPromptBehavior: dismiss and notify, webauthn:extension:credBlob: true, webauthn:extension:largeBlob: true, webauthn:extension:minPinLength: true, webauthn:extension:prf: true, webauthn:virtualAuthenticators: true}
Session ID: 577d929e7b226e70213d33287c890653
	at java.base/jdk.internal.reflect.NativeConstructorAccessorImpl.newInstance0(Native Method)
	at java.base/jdk.internal.reflect.NativeConstructorAccessorImpl.newInstance(NativeConstructorAccessorImpl.java:77)
	at java.base/jdk.internal.reflect.DelegatingConstructorAccessorImpl.newInstance(DelegatingConstructorAccessorImpl.java:45)
	at java.base/java.lang.reflect.Constructor.newInstanceWithCaller(Constructor.java:499)
	at java.base/java.lang.reflect.Constructor.newInstance(Constructor.java:480)
	at org.openqa.selenium.remote.codec.w3c.W3CHttpResponseCodec.createException(W3CHttpResponseCodec.java:200)
	at org.openqa.selenium.remote.codec.w3c.W3CHttpResponseCodec.decode(W3CHttpResponseCodec.java:133)
	at org.openqa.selenium.remote.codec.w3c.W3CHttpResponseCodec.decode(W3CHttpResponseCodec.java:53)
	at org.openqa.selenium.remote.HttpCommandExecutor.execute(HttpCommandExecutor.java:184)
	at org.openqa.selenium.remote.service.DriverCommandExecutor.invokeExecute(DriverCommandExecutor.java:167)
	at org.openqa.selenium.remote.service.DriverCommandExecutor.execute(DriverCommandExecutor.java:142)
	at org.openqa.selenium.remote.RemoteWebDriver.execute(RemoteWebDriver.java:569)
	at org.openqa.selenium.remote.ElementLocation$ElementFinder$2.findElement(ElementLocation.java:162)
	at org.openqa.selenium.remote.ElementLocation.findElement(ElementLocation.java:60)
	at org.openqa.selenium.remote.RemoteWebDriver.findElement(RemoteWebDriver.java:387)
	at org.openqa.selenium.remote.RemoteWebDriver.findElement(RemoteWebDriver.java:379)
	at pearl.SmartER.PageObjects.UsersPage_Objects.search_Result_Username_Txt(UsersPage_Objects.java:361)
	at pearl.SmartER.TestMethods.UsersPage_TestMethods.check_Edited_Entry(UsersPage_TestMethods.java:464)
	at pearl.SmartER.StepDefinition.UsersStepDefinition.verify_whether_an_edited_entry_is_saved_successfully(UsersStepDefinition.java:289)
	at &#10045;.Verify whether an edited entry is saved successfully(file:///C:/Users/PS/Desktop/Projects%20Bdd/SmartContactWebAppBdd/src/test/java/pearl/SmartER/Features/Users.feature:79)
</pre>
      </div>
    </div>
  </div>











      </div>
  </div>
</div>





  </div>
</div>


<div class="element">


<div class="tags indention">
    <b>Tags:</b>
       <a href="report-tag_1319840404.html">@Test14</a>
</div>


  <span class="lead-duration duration">1:26.075</span>


  <span data-toggle="collapse" class=" collapsable-control" data-target="#element-32">

<div class="brief failed">
  <span class="keyword indention">Scenario</span>
  <span class="name">Verify whether a confirmation window comes upon clicking the delete button</span>


     <i class="chevron fa fa-fw"></i>
</div>

  </span>
  <div class="description indention"></div>

  <div id="element-32" class="collapse collapsable-details  in ">





<div class="steps inner-level">
  <div data-toggle="collapse" class=" collapsable-control" data-target="#steps-33">

<div class="brief failed">
  <span class="keyword indention">Steps</span>
  <span class="name"></span>


     <i class="chevron fa fa-fw"></i>
</div>

  </div>

  <div id="steps-33" class="inner-level collapse collapsable-details  in ">
      <div class="step">


<div class="brief step-name-Given passed">
  <span class="keyword indention">Given</span>
  <span class="name">Loads the web browser</span>

  <span class="lead-duration duration">9.790</span>

</div>
















      </div>
      <div class="step">


<div class="brief step-name-When passed">
  <span class="keyword indention">When</span>
  <span class="name">Navigate to the homepage</span>

  <span class="lead-duration duration">14.371</span>

</div>
















      </div>
      <div class="step">


<div class="brief step-name-Then failed">
  <span class="keyword indention">Then</span>
  <span class="name">Verify whether a confirmation window comes upon clicking the delete button</span>

  <span class="lead-duration duration">1:1.913</span>

</div>






  <div class="inner-level">
    <div class="message indention">
      <div data-toggle="collapse" class=" collapsable-control" data-target="#msg-34">
          <a>org.openqa.selenium.NoSuchElementException:</a>
      </div>
      <div id="msg-34" class="collapse collapsable-details  in ">
        <pre>org.openqa.selenium.NoSuchElementException: no such element: Unable to locate element: {&quot;method&quot;:&quot;xpath&quot;,&quot;selector&quot;:&quot;//body[1]/div[1]/app-root[1]/app-main[1]/div[1]/div[1]/app-content[1]/app-users[1]/div[3]/div[1]/div[1]/div[1]/div[1]/div[1]/div[3]/table[1]/tbody[1]/tr[1]/td[8]/a[2]/i[1]&quot;}
  (Session info: chrome=112.0.5615.49)
For documentation on this error, please visit: https://selenium.dev/exceptions/#no_such_element
Build info: version: '4.3.0', revision: 'a4995e2c09*'
System info: host: 'DESKTOP-3GFC8UC', ip: '192.168.1.62', os.name: 'Windows 10', os.arch: 'amd64', os.version: '10.0', java.version: '17.0.5'
Driver info: org.openqa.selenium.chrome.ChromeDriver
Command: [63b3360817f18f9170af2b1a89db9086, findElement {using=xpath, value=//body[1]/div[1]/app-root[1]/app-main[1]/div[1]/div[1]/app-content[1]/app-users[1]/div[3]/div[1]/div[1]/div[1]/div[1]/div[1]/div[3]/table[1]/tbody[1]/tr[1]/td[8]/a[2]/i[1]}]
Capabilities {acceptInsecureCerts: false, browserName: chrome, browserVersion: 112.0.5615.49, chrome: {chromedriverVersion: 112.0.5615.49 (bd2a7bcb881c..., userDataDir: C:\Users\PS\AppData\Local\T...}, goog:chromeOptions: {debuggerAddress: localhost:59233}, networkConnectionEnabled: false, pageLoadStrategy: normal, platformName: WINDOWS, proxy: Proxy(), se:cdp: ws://localhost:59233/devtoo..., se:cdpVersion: 112.0.5615.49, setWindowRect: true, strictFileInteractability: false, timeouts: {implicit: 0, pageLoad: 300000, script: 30000}, unhandledPromptBehavior: dismiss and notify, webauthn:extension:credBlob: true, webauthn:extension:largeBlob: true, webauthn:extension:minPinLength: true, webauthn:extension:prf: true, webauthn:virtualAuthenticators: true}
Session ID: 63b3360817f18f9170af2b1a89db9086
	at java.base/jdk.internal.reflect.NativeConstructorAccessorImpl.newInstance0(Native Method)
	at java.base/jdk.internal.reflect.NativeConstructorAccessorImpl.newInstance(NativeConstructorAccessorImpl.java:77)
	at java.base/jdk.internal.reflect.DelegatingConstructorAccessorImpl.newInstance(DelegatingConstructorAccessorImpl.java:45)
	at java.base/java.lang.reflect.Constructor.newInstanceWithCaller(Constructor.java:499)
	at java.base/java.lang.reflect.Constructor.newInstance(Constructor.java:480)
	at org.openqa.selenium.remote.codec.w3c.W3CHttpResponseCodec.createException(W3CHttpResponseCodec.java:200)
	at org.openqa.selenium.remote.codec.w3c.W3CHttpResponseCodec.decode(W3CHttpResponseCodec.java:133)
	at org.openqa.selenium.remote.codec.w3c.W3CHttpResponseCodec.decode(W3CHttpResponseCodec.java:53)
	at org.openqa.selenium.remote.HttpCommandExecutor.execute(HttpCommandExecutor.java:184)
	at org.openqa.selenium.remote.service.DriverCommandExecutor.invokeExecute(DriverCommandExecutor.java:167)
	at org.openqa.selenium.remote.service.DriverCommandExecutor.execute(DriverCommandExecutor.java:142)
	at org.openqa.selenium.remote.RemoteWebDriver.execute(RemoteWebDriver.java:569)
	at org.openqa.selenium.remote.ElementLocation$ElementFinder$2.findElement(ElementLocation.java:162)
	at org.openqa.selenium.remote.ElementLocation.findElement(ElementLocation.java:60)
	at org.openqa.selenium.remote.RemoteWebDriver.findElement(RemoteWebDriver.java:387)
	at org.openqa.selenium.remote.RemoteWebDriver.findElement(RemoteWebDriver.java:379)
	at pearl.SmartER.PageObjects.UsersPage_Objects.delete_Btn_Click(UsersPage_Objects.java:367)
	at pearl.SmartER.TestMethods.UsersPage_TestMethods.delete_Confirmation_Window(UsersPage_TestMethods.java:482)
	at pearl.SmartER.StepDefinition.UsersStepDefinition.verify_whether_a_confirmation_window_comes_upon_clicking_the_delete_button(UsersStepDefinition.java:310)
	at &#10045;.Verify whether a confirmation window comes upon clicking the delete button(file:///C:/Users/PS/Desktop/Projects%20Bdd/SmartContactWebAppBdd/src/test/java/pearl/SmartER/Features/Users.feature:85)
</pre>
      </div>
    </div>
  </div>











      </div>
  </div>
</div>





  </div>
</div>


<div class="element">


<div class="tags indention">
    <b>Tags:</b>
       <a href="report-tag_1319840405.html">@Test15</a>
</div>


  <span class="lead-duration duration">49.510</span>


  <span data-toggle="collapse" class=" collapsable-control" data-target="#element-35">

<div class="brief failed">
  <span class="keyword indention">Scenario</span>
  <span class="name">Verify whether an entry can be deleted</span>


     <i class="chevron fa fa-fw"></i>
</div>

  </span>
  <div class="description indention"></div>

  <div id="element-35" class="collapse collapsable-details  in ">





<div class="steps inner-level">
  <div data-toggle="collapse" class=" collapsable-control" data-target="#steps-36">

<div class="brief failed">
  <span class="keyword indention">Steps</span>
  <span class="name"></span>


     <i class="chevron fa fa-fw"></i>
</div>

  </div>

  <div id="steps-36" class="inner-level collapse collapsable-details  in ">
      <div class="step">


<div class="brief step-name-Given passed">
  <span class="keyword indention">Given</span>
  <span class="name">Loads the webbrowser</span>

  <span class="lead-duration duration">11.440</span>

</div>
















      </div>
      <div class="step">


<div class="brief step-name-When passed">
  <span class="keyword indention">When</span>
  <span class="name">Navigates to homepage</span>

  <span class="lead-duration duration">15.646</span>

</div>
















      </div>
      <div class="step">


<div class="brief step-name-Then failed">
  <span class="keyword indention">Then</span>
  <span class="name">Verify whether an entry can be deleted</span>

  <span class="lead-duration duration">22.423</span>

</div>






  <div class="inner-level">
    <div class="message indention">
      <div data-toggle="collapse" class=" collapsable-control" data-target="#msg-37">
          <a>org.openqa.selenium.WebDriverException:</a>
      </div>
      <div id="msg-37" class="collapse collapsable-details  in ">
        <pre>org.openqa.selenium.WebDriverException: disconnected: received Inspector.detached event
  (failed to check if window was closed: disconnected: Unable to receive message from renderer)
  (Session info: chrome=112.0.5615.49)
Build info: version: '4.3.0', revision: 'a4995e2c09*'
System info: host: 'DESKTOP-3GFC8UC', ip: '192.168.1.62', os.name: 'Windows 10', os.arch: 'amd64', os.version: '10.0', java.version: '17.0.5'
Driver info: org.openqa.selenium.chrome.ChromeDriver
Command: [4d058afcc7df0cab40c78a4f73459d08, findElement {using=xpath, value=//body[1]/div[1]/app-root[1]/app-main[1]/div[1]/div[1]/app-content[1]/app-users[1]/div[3]/div[1]/div[1]/div[1]/div[1]/div[1]/div[3]/table[1]/tbody[1]/tr[1]/td[8]/a[2]/i[1]}]
Capabilities {acceptInsecureCerts: false, browserName: chrome, browserVersion: 112.0.5615.49, chrome: {chromedriverVersion: 112.0.5615.49 (bd2a7bcb881c..., userDataDir: C:\Users\PS\AppData\Local\T...}, goog:chromeOptions: {debuggerAddress: localhost:59275}, networkConnectionEnabled: false, pageLoadStrategy: normal, platformName: WINDOWS, proxy: Proxy(), se:cdp: ws://localhost:59275/devtoo..., se:cdpVersion: 112.0.5615.49, setWindowRect: true, strictFileInteractability: false, timeouts: {implicit: 0, pageLoad: 300000, script: 30000}, unhandledPromptBehavior: dismiss and notify, webauthn:extension:credBlob: true, webauthn:extension:largeBlob: true, webauthn:extension:minPinLength: true, webauthn:extension:prf: true, webauthn:virtualAuthenticators: true}
Session ID: 4d058afcc7df0cab40c78a4f73459d08
	at java.base/jdk.internal.reflect.NativeConstructorAccessorImpl.newInstance0(Native Method)
	at java.base/jdk.internal.reflect.NativeConstructorAccessorImpl.newInstance(NativeConstructorAccessorImpl.java:77)
	at java.base/jdk.internal.reflect.DelegatingConstructorAccessorImpl.newInstance(DelegatingConstructorAccessorImpl.java:45)
	at java.base/java.lang.reflect.Constructor.newInstanceWithCaller(Constructor.java:499)
	at java.base/java.lang.reflect.Constructor.newInstance(Constructor.java:480)
	at org.openqa.selenium.remote.codec.w3c.W3CHttpResponseCodec.createException(W3CHttpResponseCodec.java:200)
	at org.openqa.selenium.remote.codec.w3c.W3CHttpResponseCodec.decode(W3CHttpResponseCodec.java:133)
	at org.openqa.selenium.remote.codec.w3c.W3CHttpResponseCodec.decode(W3CHttpResponseCodec.java:53)
	at org.openqa.selenium.remote.HttpCommandExecutor.execute(HttpCommandExecutor.java:184)
	at org.openqa.selenium.remote.service.DriverCommandExecutor.invokeExecute(DriverCommandExecutor.java:167)
	at org.openqa.selenium.remote.service.DriverCommandExecutor.execute(DriverCommandExecutor.java:142)
	at org.openqa.selenium.remote.RemoteWebDriver.execute(RemoteWebDriver.java:569)
	at org.openqa.selenium.remote.ElementLocation$ElementFinder$2.findElement(ElementLocation.java:162)
	at org.openqa.selenium.remote.ElementLocation.findElement(ElementLocation.java:60)
	at org.openqa.selenium.remote.RemoteWebDriver.findElement(RemoteWebDriver.java:387)
	at org.openqa.selenium.remote.RemoteWebDriver.findElement(RemoteWebDriver.java:379)
	at pearl.SmartER.PageObjects.UsersPage_Objects.delete_Btn_Click(UsersPage_Objects.java:367)
	at pearl.SmartER.TestMethods.UsersPage_TestMethods.delete_User(UsersPage_TestMethods.java:499)
	at pearl.SmartER.StepDefinition.UsersStepDefinition.verify_whether_an_entry_can_be_deleted(UsersStepDefinition.java:331)
	at &#10045;.Verify whether an entry can be deleted(file:///C:/Users/PS/Desktop/Projects%20Bdd/SmartContactWebAppBdd/src/test/java/pearl/SmartER/Features/Users.feature:91)
</pre>
      </div>
    </div>
  </div>











      </div>
  </div>
</div>





  </div>
</div>


<div class="element">


<div class="tags indention">
    <b>Tags:</b>
       <a href="report-tag_1319840406.html">@Test16</a>
</div>


  <span class="lead-duration duration">31.553</span>


  <span data-toggle="collapse" class=" collapsed  collapsable-control" data-target="#element-38">

<div class="brief passed">
  <span class="keyword indention">Scenario</span>
  <span class="name">Verify if a deleted entry is still available</span>


     <i class="chevron fa fa-fw"></i>
</div>

  </span>
  <div class="description indention"></div>

  <div id="element-38" class="collapse collapsable-details ">





<div class="steps inner-level">
  <div data-toggle="collapse" class=" collapsed  collapsable-control" data-target="#steps-39">

<div class="brief passed">
  <span class="keyword indention">Steps</span>
  <span class="name"></span>


     <i class="chevron fa fa-fw"></i>
</div>

  </div>

  <div id="steps-39" class="inner-level collapse collapsable-details ">
      <div class="step">


<div class="brief step-name-Given passed">
  <span class="keyword indention">Given</span>
  <span class="name">Loads webbrowser</span>

  <span class="lead-duration duration">9.954</span>

</div>
















      </div>
      <div class="step">


<div class="brief step-name-When passed">
  <span class="keyword indention">When</span>
  <span class="name">Navigates to the homepage</span>

  <span class="lead-duration duration">15.567</span>

</div>
















      </div>
      <div class="step">


<div class="brief step-name-Then passed">
  <span class="keyword indention">Then</span>
  <span class="name">Verify if a deleted entry is still available</span>

  <span class="lead-duration duration">6.031</span>

</div>
















      </div>
  </div>
</div>





  </div>
</div>


<div class="element">


<div class="tags indention">
    <b>Tags:</b>
       <a href="report-tag_1319840407.html">@Test17</a>
</div>


  <span class="lead-duration duration">44.275</span>


  <span data-toggle="collapse" class=" collapsable-control" data-target="#element-40">

<div class="brief failed">
  <span class="keyword indention">Scenario</span>
  <span class="name">Verify whether the uploaded image can be previewed</span>


     <i class="chevron fa fa-fw"></i>
</div>

  </span>
  <div class="description indention"></div>

  <div id="element-40" class="collapse collapsable-details  in ">





<div class="steps inner-level">
  <div data-toggle="collapse" class=" collapsable-control" data-target="#steps-41">

<div class="brief failed">
  <span class="keyword indention">Steps</span>
  <span class="name"></span>


     <i class="chevron fa fa-fw"></i>
</div>

  </div>

  <div id="steps-41" class="inner-level collapse collapsable-details  in ">
      <div class="step">


<div class="brief step-name-Given passed">
  <span class="keyword indention">Given</span>
  <span class="name">Open web browser</span>

  <span class="lead-duration duration">10.522</span>

</div>
















      </div>
      <div class="step">


<div class="brief step-name-When passed">
  <span class="keyword indention">When</span>
  <span class="name">Navigates to the home page</span>

  <span class="lead-duration duration">15.442</span>

</div>
















      </div>
      <div class="step">


<div class="brief step-name-Then failed">
  <span class="keyword indention">Then</span>
  <span class="name">Verify whether the uploaded image can be previewed</span>

  <span class="lead-duration duration">18.310</span>

</div>






  <div class="inner-level">
    <div class="message indention">
      <div data-toggle="collapse" class=" collapsable-control" data-target="#msg-42">
          <a>org.openqa.selenium.InvalidArgumentException:</a>
      </div>
      <div id="msg-42" class="collapse collapsable-details  in ">
        <pre>org.openqa.selenium.InvalidArgumentException: invalid argument: File not found : C:\Users\PS\Desktop\Projects Bdd\SmartContactWebAppBdd//src//test//java//pearl//SmartER//Utils//User Page Images//photo.jpg
  (Session info: chrome=112.0.5615.49)
Build info: version: '4.3.0', revision: 'a4995e2c09*'
System info: host: 'DESKTOP-3GFC8UC', ip: '192.168.1.62', os.name: 'Windows 10', os.arch: 'amd64', os.version: '10.0', java.version: '17.0.5'
Driver info: org.openqa.selenium.chrome.ChromeDriver
Command: [a00c4a1820ae0075f724ba90cb11f8c1, sendKeysToElement {id=7f2b9dd0-ad25-49b7-a248-1c37d22b78e5, value=[Ljava.lang.CharSequence;@2c9b96af}]
Capabilities {acceptInsecureCerts: false, browserName: chrome, browserVersion: 112.0.5615.49, chrome: {chromedriverVersion: 112.0.5615.49 (bd2a7bcb881c..., userDataDir: C:\Users\PS\AppData\Local\T...}, goog:chromeOptions: {debuggerAddress: localhost:59363}, networkConnectionEnabled: false, pageLoadStrategy: normal, platformName: WINDOWS, proxy: Proxy(), se:cdp: ws://localhost:59363/devtoo..., se:cdpVersion: 112.0.5615.49, setWindowRect: true, strictFileInteractability: false, timeouts: {implicit: 0, pageLoad: 300000, script: 30000}, unhandledPromptBehavior: dismiss and notify, webauthn:extension:credBlob: true, webauthn:extension:largeBlob: true, webauthn:extension:minPinLength: true, webauthn:extension:prf: true, webauthn:virtualAuthenticators: true}
Element: [[ChromeDriver: chrome on WINDOWS (a00c4a1820ae0075f724ba90cb11f8c1)] -&gt; xpath: //input[@name='...']]
Session ID: a00c4a1820ae0075f724ba90cb11f8c1
	at java.base/jdk.internal.reflect.NativeConstructorAccessorImpl.newInstance0(Native Method)
	at java.base/jdk.internal.reflect.NativeConstructorAccessorImpl.newInstance(NativeConstructorAccessorImpl.java:77)
	at java.base/jdk.internal.reflect.DelegatingConstructorAccessorImpl.newInstance(DelegatingConstructorAccessorImpl.java:45)
	at java.base/java.lang.reflect.Constructor.newInstanceWithCaller(Constructor.java:499)
	at java.base/java.lang.reflect.Constructor.newInstance(Constructor.java:480)
	at org.openqa.selenium.remote.codec.w3c.W3CHttpResponseCodec.createException(W3CHttpResponseCodec.java:200)
	at org.openqa.selenium.remote.codec.w3c.W3CHttpResponseCodec.decode(W3CHttpResponseCodec.java:133)
	at org.openqa.selenium.remote.codec.w3c.W3CHttpResponseCodec.decode(W3CHttpResponseCodec.java:53)
	at org.openqa.selenium.remote.HttpCommandExecutor.execute(HttpCommandExecutor.java:184)
	at org.openqa.selenium.remote.service.DriverCommandExecutor.invokeExecute(DriverCommandExecutor.java:167)
	at org.openqa.selenium.remote.service.DriverCommandExecutor.execute(DriverCommandExecutor.java:142)
	at org.openqa.selenium.remote.RemoteWebDriver.execute(RemoteWebDriver.java:569)
	at org.openqa.selenium.remote.RemoteWebElement.execute(RemoteWebElement.java:257)
	at org.openqa.selenium.remote.RemoteWebElement.sendKeys(RemoteWebElement.java:113)
	at pearl.SmartER.PageObjects.UsersPage_Objects.upload_Photo_Btn(UsersPage_Objects.java:399)
	at pearl.SmartER.TestMethods.UsersPage_TestMethods.verify_Uploaded_Image_Preview(UsersPage_TestMethods.java:554)
	at pearl.SmartER.StepDefinition.UsersStepDefinition.verify_whether_the_uploaded_image_can_be_previewed(UsersStepDefinition.java:375)
	at &#10045;.Verify whether the uploaded image can be previewed(file:///C:/Users/PS/Desktop/Projects%20Bdd/SmartContactWebAppBdd/src/test/java/pearl/SmartER/Features/Users.feature:103)
</pre>
      </div>
    </div>
  </div>











      </div>
  </div>
</div>





  </div>
</div>


<div class="element">


<div class="tags indention">
    <b>Tags:</b>
       <a href="report-tag_1319840408.html">@Test18</a>
</div>


  <span class="lead-duration duration">45.334</span>


  <span data-toggle="collapse" class=" collapsed  collapsable-control" data-target="#element-43">

<div class="brief passed">
  <span class="keyword indention">Scenario</span>
  <span class="name">Verify whether the email format is valid</span>


     <i class="chevron fa fa-fw"></i>
</div>

  </span>
  <div class="description indention"></div>

  <div id="element-43" class="collapse collapsable-details ">





<div class="steps inner-level">
  <div data-toggle="collapse" class=" collapsed  collapsable-control" data-target="#steps-44">

<div class="brief passed">
  <span class="keyword indention">Steps</span>
  <span class="name"></span>


     <i class="chevron fa fa-fw"></i>
</div>

  </div>

  <div id="steps-44" class="inner-level collapse collapsable-details ">
      <div class="step">


<div class="brief step-name-Given passed">
  <span class="keyword indention">Given</span>
  <span class="name">Opens web browser</span>

  <span class="lead-duration duration">12.897</span>

</div>
















      </div>
      <div class="step">


<div class="brief step-name-When passed">
  <span class="keyword indention">When</span>
  <span class="name">Navigates to users list page</span>

  <span class="lead-duration duration">15.111</span>

</div>
















      </div>
      <div class="step">


<div class="brief step-name-Then passed">
  <span class="keyword indention">Then</span>
  <span class="name">Verify whether the email format is valid</span>

  <span class="lead-duration duration">17.324</span>

</div>
















      </div>
  </div>
</div>





  </div>
</div>


<div class="element">


<div class="tags indention">
    <b>Tags:</b>
       <a href="report-tag_1319840409.html">@Test19</a>
</div>


  <span class="lead-duration duration">44.710</span>


  <span data-toggle="collapse" class=" collapsable-control" data-target="#element-45">

<div class="brief failed">
  <span class="keyword indention">Scenario</span>
  <span class="name">Verify whether uploaded image format is invalid</span>


     <i class="chevron fa fa-fw"></i>
</div>

  </span>
  <div class="description indention"></div>

  <div id="element-45" class="collapse collapsable-details  in ">





<div class="steps inner-level">
  <div data-toggle="collapse" class=" collapsable-control" data-target="#steps-46">

<div class="brief failed">
  <span class="keyword indention">Steps</span>
  <span class="name"></span>


     <i class="chevron fa fa-fw"></i>
</div>

  </div>

  <div id="steps-46" class="inner-level collapse collapsable-details  in ">
      <div class="step">


<div class="brief step-name-Given passed">
  <span class="keyword indention">Given</span>
  <span class="name">User loads the web browser</span>

  <span class="lead-duration duration">17.207</span>

</div>
















      </div>
      <div class="step">


<div class="brief step-name-When passed">
  <span class="keyword indention">When</span>
  <span class="name">Navigates to the users list screen</span>

  <span class="lead-duration duration">14.780</span>

</div>
















      </div>
      <div class="step">


<div class="brief step-name-Then failed">
  <span class="keyword indention">Then</span>
  <span class="name">Verify whether uploaded image format is invalid</span>

  <span class="lead-duration duration">12.722</span>

</div>






  <div class="inner-level">
    <div class="message indention">
      <div data-toggle="collapse" class=" collapsable-control" data-target="#msg-47">
          <a>org.openqa.selenium.InvalidArgumentException:</a>
      </div>
      <div id="msg-47" class="collapse collapsable-details  in ">
        <pre>org.openqa.selenium.InvalidArgumentException: invalid argument: File not found : D:\Fruits.csv
  (Session info: chrome=112.0.5615.49)
Build info: version: '4.3.0', revision: 'a4995e2c09*'
System info: host: 'DESKTOP-3GFC8UC', ip: '192.168.1.62', os.name: 'Windows 10', os.arch: 'amd64', os.version: '10.0', java.version: '17.0.5'
Driver info: org.openqa.selenium.chrome.ChromeDriver
Command: [ce47435f1f44f4424c89edc5128c1da8, sendKeysToElement {id=fce350cc-f5ce-484e-bd04-ca9c881a675c, value=[Ljava.lang.CharSequence;@2d7956fb}]
Capabilities {acceptInsecureCerts: false, browserName: chrome, browserVersion: 112.0.5615.49, chrome: {chromedriverVersion: 112.0.5615.49 (bd2a7bcb881c..., userDataDir: C:\Users\PS\AppData\Local\T...}, goog:chromeOptions: {debuggerAddress: localhost:59455}, networkConnectionEnabled: false, pageLoadStrategy: normal, platformName: WINDOWS, proxy: Proxy(), se:cdp: ws://localhost:59455/devtoo..., se:cdpVersion: 112.0.5615.49, setWindowRect: true, strictFileInteractability: false, timeouts: {implicit: 0, pageLoad: 300000, script: 30000}, unhandledPromptBehavior: dismiss and notify, webauthn:extension:credBlob: true, webauthn:extension:largeBlob: true, webauthn:extension:minPinLength: true, webauthn:extension:prf: true, webauthn:virtualAuthenticators: true}
Element: [[ChromeDriver: chrome on WINDOWS (ce47435f1f44f4424c89edc5128c1da8)] -&gt; xpath: //input[@name='...']]
Session ID: ce47435f1f44f4424c89edc5128c1da8
	at java.base/jdk.internal.reflect.NativeConstructorAccessorImpl.newInstance0(Native Method)
	at java.base/jdk.internal.reflect.NativeConstructorAccessorImpl.newInstance(NativeConstructorAccessorImpl.java:77)
	at java.base/jdk.internal.reflect.DelegatingConstructorAccessorImpl.newInstance(DelegatingConstructorAccessorImpl.java:45)
	at java.base/java.lang.reflect.Constructor.newInstanceWithCaller(Constructor.java:499)
	at java.base/java.lang.reflect.Constructor.newInstance(Constructor.java:480)
	at org.openqa.selenium.remote.codec.w3c.W3CHttpResponseCodec.createException(W3CHttpResponseCodec.java:200)
	at org.openqa.selenium.remote.codec.w3c.W3CHttpResponseCodec.decode(W3CHttpResponseCodec.java:133)
	at org.openqa.selenium.remote.codec.w3c.W3CHttpResponseCodec.decode(W3CHttpResponseCodec.java:53)
	at org.openqa.selenium.remote.HttpCommandExecutor.execute(HttpCommandExecutor.java:184)
	at org.openqa.selenium.remote.service.DriverCommandExecutor.invokeExecute(DriverCommandExecutor.java:167)
	at org.openqa.selenium.remote.service.DriverCommandExecutor.execute(DriverCommandExecutor.java:142)
	at org.openqa.selenium.remote.RemoteWebDriver.execute(RemoteWebDriver.java:569)
	at org.openqa.selenium.remote.RemoteWebElement.execute(RemoteWebElement.java:257)
	at org.openqa.selenium.remote.RemoteWebElement.sendKeys(RemoteWebElement.java:113)
	at pearl.SmartER.PageObjects.UsersPage_Objects.upload_Invalid_File(UsersPage_Objects.java:421)
	at pearl.SmartER.TestMethods.UsersPage_TestMethods.verify_Invalid_Uploaded_Image_Format(UsersPage_TestMethods.java:615)
	at pearl.SmartER.StepDefinition.UsersStepDefinition.verify_whether_uploaded_image_format_is_invalid(UsersStepDefinition.java:419)
	at &#10045;.Verify whether uploaded image format is invalid(file:///C:/Users/PS/Desktop/Projects%20Bdd/SmartContactWebAppBdd/src/test/java/pearl/SmartER/Features/Users.feature:115)
</pre>
      </div>
    </div>
  </div>











      </div>
  </div>
</div>





  </div>
</div>


<div class="element">


<div class="tags indention">
    <b>Tags:</b>
       <a href="report-tag_1319840431.html">@Test20</a>
</div>


  <span class="lead-duration duration">40.662</span>


  <span data-toggle="collapse" class=" collapsed  collapsable-control" data-target="#element-48">

<div class="brief passed">
  <span class="keyword indention">Scenario</span>
  <span class="name">Verify whether level is deselected when role is removed</span>


     <i class="chevron fa fa-fw"></i>
</div>

  </span>
  <div class="description indention"></div>

  <div id="element-48" class="collapse collapsable-details ">





<div class="steps inner-level">
  <div data-toggle="collapse" class=" collapsed  collapsable-control" data-target="#steps-49">

<div class="brief passed">
  <span class="keyword indention">Steps</span>
  <span class="name"></span>


     <i class="chevron fa fa-fw"></i>
</div>

  </div>

  <div id="steps-49" class="inner-level collapse collapsable-details ">
      <div class="step">


<div class="brief step-name-Given passed">
  <span class="keyword indention">Given</span>
  <span class="name">User loads web browser</span>

  <span class="lead-duration duration">10.981</span>

</div>
















      </div>
      <div class="step">


<div class="brief step-name-When passed">
  <span class="keyword indention">When</span>
  <span class="name">Navigates to users list page</span>

  <span class="lead-duration duration">14.854</span>

</div>
















      </div>
      <div class="step">


<div class="brief step-name-Then passed">
  <span class="keyword indention">Then</span>
  <span class="name">Verify whether level is deselected when role is removed</span>

  <span class="lead-duration duration">14.827</span>

</div>
















      </div>
  </div>
</div>





  </div>
</div>


<div class="element">


<div class="tags indention">
    <b>Tags:</b>
       <a href="report-tag_1319840432.html">@Test21</a>
</div>


  <span class="lead-duration duration">23.974</span>


  <span data-toggle="collapse" class=" collapsed  collapsable-control" data-target="#element-50">

<div class="brief passed">
  <span class="keyword indention">Scenario</span>
  <span class="name">Verify whether the Location dropdown is active and a location can be selected</span>


     <i class="chevron fa fa-fw"></i>
</div>

  </span>
  <div class="description indention"></div>

  <div id="element-50" class="collapse collapsable-details ">





<div class="steps inner-level">
  <div data-toggle="collapse" class=" collapsed  collapsable-control" data-target="#steps-51">

<div class="brief passed">
  <span class="keyword indention">Steps</span>
  <span class="name"></span>


     <i class="chevron fa fa-fw"></i>
</div>

  </div>

  <div id="steps-51" class="inner-level collapse collapsable-details ">
      <div class="step">


<div class="brief step-name-Given passed">
  <span class="keyword indention">Given</span>
  <span class="name">User loads the browser</span>

  <span class="lead-duration duration">8.530</span>

</div>
















      </div>
      <div class="step">


<div class="brief step-name-When passed">
  <span class="keyword indention">When</span>
  <span class="name">Navigates to edit user page</span>

  <span class="lead-duration duration">15.026</span>

</div>
















      </div>
      <div class="step">


<div class="brief step-name-Then passed">
  <span class="keyword indention">Then</span>
  <span class="name">Verify whether the Location dropdown is active and a location can be selected</span>

  <span class="lead-duration duration">0.416</span>

</div>
















      </div>
  </div>
</div>





  </div>
</div>


<div class="element">


<div class="tags indention">
    <b>Tags:</b>
       <a href="report-tag_1319840433.html">@Test22</a>
</div>


  <span class="lead-duration duration">24.468</span>


  <span data-toggle="collapse" class=" collapsed  collapsable-control" data-target="#element-52">

<div class="brief passed">
  <span class="keyword indention">Scenario</span>
  <span class="name">Verify whether the department dropdown is active and a department can be selected</span>


     <i class="chevron fa fa-fw"></i>
</div>

  </span>
  <div class="description indention"></div>

  <div id="element-52" class="collapse collapsable-details ">





<div class="steps inner-level">
  <div data-toggle="collapse" class=" collapsed  collapsable-control" data-target="#steps-53">

<div class="brief passed">
  <span class="keyword indention">Steps</span>
  <span class="name"></span>


     <i class="chevron fa fa-fw"></i>
</div>

  </div>

  <div id="steps-53" class="inner-level collapse collapsable-details ">
      <div class="step">


<div class="brief step-name-Given passed">
  <span class="keyword indention">Given</span>
  <span class="name">Invoke the web browser</span>

  <span class="lead-duration duration">9.363</span>

</div>
















      </div>
      <div class="step">


<div class="brief step-name-When passed">
  <span class="keyword indention">When</span>
  <span class="name">Navigates to the edit user page</span>

  <span class="lead-duration duration">14.520</span>

</div>
















      </div>
      <div class="step">


<div class="brief step-name-Then passed">
  <span class="keyword indention">Then</span>
  <span class="name">Verify whether the department dropdown is active and a department can be selected</span>

  <span class="lead-duration duration">0.584</span>

</div>
















      </div>
  </div>
</div>





  </div>
</div>


<div class="element">


<div class="tags indention">
    <b>Tags:</b>
       <a href="report-tag_1319840434.html">@Test23</a>
</div>


  <span class="lead-duration duration">23.390</span>


  <span data-toggle="collapse" class=" collapsed  collapsable-control" data-target="#element-54">

<div class="brief passed">
  <span class="keyword indention">Scenario</span>
  <span class="name">Verify whether the Status dropdown is active and a status can be selected</span>


     <i class="chevron fa fa-fw"></i>
</div>

  </span>
  <div class="description indention"></div>

  <div id="element-54" class="collapse collapsable-details ">





<div class="steps inner-level">
  <div data-toggle="collapse" class=" collapsed  collapsable-control" data-target="#steps-55">

<div class="brief passed">
  <span class="keyword indention">Steps</span>
  <span class="name"></span>


     <i class="chevron fa fa-fw"></i>
</div>

  </div>

  <div id="steps-55" class="inner-level collapse collapsable-details ">
      <div class="step">


<div class="brief step-name-Given passed">
  <span class="keyword indention">Given</span>
  <span class="name">Invoke the webbrowser</span>

  <span class="lead-duration duration">8.430</span>

</div>
















      </div>
      <div class="step">


<div class="brief step-name-When passed">
  <span class="keyword indention">When</span>
  <span class="name">User navigates to the edit user page</span>

  <span class="lead-duration duration">14.547</span>

</div>
















      </div>
      <div class="step">


<div class="brief step-name-Then passed">
  <span class="keyword indention">Then</span>
  <span class="name">Verify whether the Status dropdown is active and a status can be selected</span>

  <span class="lead-duration duration">0.412</span>

</div>
















      </div>
  </div>
</div>





  </div>
</div>


<div class="element">


<div class="tags indention">
    <b>Tags:</b>
       <a href="report-tag_1319840435.html">@Test24</a>
</div>


  <span class="lead-duration duration">22.800</span>


  <span data-toggle="collapse" class=" collapsed  collapsable-control" data-target="#element-56">

<div class="brief passed">
  <span class="keyword indention">Scenario</span>
  <span class="name">Verify whether create user button is enabled</span>


     <i class="chevron fa fa-fw"></i>
</div>

  </span>
  <div class="description indention"></div>

  <div id="element-56" class="collapse collapsable-details ">





<div class="steps inner-level">
  <div data-toggle="collapse" class=" collapsed  collapsable-control" data-target="#steps-57">

<div class="brief passed">
  <span class="keyword indention">Steps</span>
  <span class="name"></span>


     <i class="chevron fa fa-fw"></i>
</div>

  </div>

  <div id="steps-57" class="inner-level collapse collapsable-details ">
      <div class="step">


<div class="brief step-name-Given passed">
  <span class="keyword indention">Given</span>
  <span class="name">Invoke web browser</span>

  <span class="lead-duration duration">8.064</span>

</div>
















      </div>
      <div class="step">


<div class="brief step-name-When passed">
  <span class="keyword indention">When</span>
  <span class="name">User navigates to the users page</span>

  <span class="lead-duration duration">14.391</span>

</div>
















      </div>
      <div class="step">


<div class="brief step-name-Then passed">
  <span class="keyword indention">Then</span>
  <span class="name">Verify whether create user button is enabled</span>

  <span class="lead-duration duration">0.344</span>

</div>
















      </div>
  </div>
</div>





  </div>
</div>


<div class="element">


<div class="tags indention">
    <b>Tags:</b>
       <a href="report-tag_1319840436.html">@Test25</a>
</div>


  <span class="lead-duration duration">31.183</span>


  <span data-toggle="collapse" class=" collapsed  collapsable-control" data-target="#element-58">

<div class="brief passed">
  <span class="keyword indention">Scenario</span>
  <span class="name">Verify whether status dropdown is working and a status can be selected</span>


     <i class="chevron fa fa-fw"></i>
</div>

  </span>
  <div class="description indention"></div>

  <div id="element-58" class="collapse collapsable-details ">





<div class="steps inner-level">
  <div data-toggle="collapse" class=" collapsed  collapsable-control" data-target="#steps-59">

<div class="brief passed">
  <span class="keyword indention">Steps</span>
  <span class="name"></span>


     <i class="chevron fa fa-fw"></i>
</div>

  </div>

  <div id="steps-59" class="inner-level collapse collapsable-details ">
      <div class="step">


<div class="brief step-name-Given passed">
  <span class="keyword indention">Given</span>
  <span class="name">User invokes webbrowser</span>

  <span class="lead-duration duration">8.800</span>

</div>
















      </div>
      <div class="step">


<div class="brief step-name-When passed">
  <span class="keyword indention">When</span>
  <span class="name">The user navigates to the user list page</span>

  <span class="lead-duration duration">14.793</span>

</div>
















      </div>
      <div class="step">


<div class="brief step-name-Then passed">
  <span class="keyword indention">Then</span>
  <span class="name">Verify whether status dropdown is working and a status can be selected</span>

  <span class="lead-duration duration">7.589</span>

</div>
















      </div>
  </div>
</div>





  </div>
</div>


<div class="element">


<div class="tags indention">
    <b>Tags:</b>
       <a href="report-tag_1319840437.html">@Test26</a>
</div>


  <span class="lead-duration duration">31.057</span>


  <span data-toggle="collapse" class=" collapsed  collapsable-control" data-target="#element-60">

<div class="brief passed">
  <span class="keyword indention">Scenario</span>
  <span class="name">Verify whether location dropdown is working and a location can be selected</span>


     <i class="chevron fa fa-fw"></i>
</div>

  </span>
  <div class="description indention"></div>

  <div id="element-60" class="collapse collapsable-details ">





<div class="steps inner-level">
  <div data-toggle="collapse" class=" collapsed  collapsable-control" data-target="#steps-61">

<div class="brief passed">
  <span class="keyword indention">Steps</span>
  <span class="name"></span>


     <i class="chevron fa fa-fw"></i>
</div>

  </div>

  <div id="steps-61" class="inner-level collapse collapsable-details ">
      <div class="step">


<div class="brief step-name-Given passed">
  <span class="keyword indention">Given</span>
  <span class="name">User invokes web browser</span>

  <span class="lead-duration duration">8.691</span>

</div>
















      </div>
      <div class="step">


<div class="brief step-name-When passed">
  <span class="keyword indention">When</span>
  <span class="name">The user navigates to users list page</span>

  <span class="lead-duration duration">14.509</span>

</div>
















      </div>
      <div class="step">


<div class="brief step-name-Then passed">
  <span class="keyword indention">Then</span>
  <span class="name">Verify whether location dropdown is working and a location can be selected</span>

  <span class="lead-duration duration">7.855</span>

</div>
















      </div>
  </div>
</div>





  </div>
</div>


<div class="element">


<div class="tags indention">
    <b>Tags:</b>
       <a href="report-tag_1319840438.html">@Test27</a>
</div>


  <span class="lead-duration duration">35.801</span>


  <span data-toggle="collapse" class=" collapsed  collapsable-control" data-target="#element-62">

<div class="brief passed">
  <span class="keyword indention">Scenario</span>
  <span class="name">Verify whether department dropdown is working and a department can be selected</span>


     <i class="chevron fa fa-fw"></i>
</div>

  </span>
  <div class="description indention"></div>

  <div id="element-62" class="collapse collapsable-details ">





<div class="steps inner-level">
  <div data-toggle="collapse" class=" collapsed  collapsable-control" data-target="#steps-63">

<div class="brief passed">
  <span class="keyword indention">Steps</span>
  <span class="name"></span>


     <i class="chevron fa fa-fw"></i>
</div>

  </div>

  <div id="steps-63" class="inner-level collapse collapsable-details ">
      <div class="step">


<div class="brief step-name-Given passed">
  <span class="keyword indention">Given</span>
  <span class="name">The user invokes web browser</span>

  <span class="lead-duration duration">8.980</span>

</div>
















      </div>
      <div class="step">


<div class="brief step-name-When passed">
  <span class="keyword indention">When</span>
  <span class="name">The user navigates to the users list page</span>

  <span class="lead-duration duration">14.902</span>

</div>
















      </div>
      <div class="step">


<div class="brief step-name-Then passed">
  <span class="keyword indention">Then</span>
  <span class="name">Verify whether department dropdown is working and a department can be selected</span>

  <span class="lead-duration duration">11.918</span>

</div>
















      </div>
  </div>
</div>





  </div>
</div>


<div class="element">


<div class="tags indention">
    <b>Tags:</b>
       <a href="report-tag_1319840439.html">@Test28</a>
</div>


  <span class="lead-duration duration">30.869</span>


  <span data-toggle="collapse" class=" collapsed  collapsable-control" data-target="#element-64">

<div class="brief passed">
  <span class="keyword indention">Scenario</span>
  <span class="name">Verify whether role dropdown is working and a role can be selected</span>


     <i class="chevron fa fa-fw"></i>
</div>

  </span>
  <div class="description indention"></div>

  <div id="element-64" class="collapse collapsable-details ">





<div class="steps inner-level">
  <div data-toggle="collapse" class=" collapsed  collapsable-control" data-target="#steps-65">

<div class="brief passed">
  <span class="keyword indention">Steps</span>
  <span class="name"></span>


     <i class="chevron fa fa-fw"></i>
</div>

  </div>

  <div id="steps-65" class="inner-level collapse collapsable-details ">
      <div class="step">


<div class="brief step-name-Given passed">
  <span class="keyword indention">Given</span>
  <span class="name">The user invokes webbrowser</span>

  <span class="lead-duration duration">8.393</span>

</div>
















      </div>
      <div class="step">


<div class="brief step-name-When passed">
  <span class="keyword indention">When</span>
  <span class="name">The user navigates to the users list screen</span>

  <span class="lead-duration duration">14.404</span>

</div>
















      </div>
      <div class="step">


<div class="brief step-name-Then passed">
  <span class="keyword indention">Then</span>
  <span class="name">Verify whether role dropdown is working and a role can be selected</span>

  <span class="lead-duration duration">8.071</span>

</div>
















      </div>
  </div>
</div>





  </div>
</div>


<div class="element">


<div class="tags indention">
    <b>Tags:</b>
       <a href="report-tag_1319840440.html">@Test29</a>
</div>


  <span class="lead-duration duration">31.308</span>


  <span data-toggle="collapse" class=" collapsed  collapsable-control" data-target="#element-66">

<div class="brief passed">
  <span class="keyword indention">Scenario</span>
  <span class="name">Verify whether level dropdown is working and a level can be selected</span>


     <i class="chevron fa fa-fw"></i>
</div>

  </span>
  <div class="description indention"></div>

  <div id="element-66" class="collapse collapsable-details ">





<div class="steps inner-level">
  <div data-toggle="collapse" class=" collapsed  collapsable-control" data-target="#steps-67">

<div class="brief passed">
  <span class="keyword indention">Steps</span>
  <span class="name"></span>


     <i class="chevron fa fa-fw"></i>
</div>

  </div>

  <div id="steps-67" class="inner-level collapse collapsable-details ">
      <div class="step">


<div class="brief step-name-Given passed">
  <span class="keyword indention">Given</span>
  <span class="name">Web browser is loaded</span>

  <span class="lead-duration duration">9.046</span>

</div>
















      </div>
      <div class="step">


<div class="brief step-name-When passed">
  <span class="keyword indention">When</span>
  <span class="name">The users logs in to the users list page</span>

  <span class="lead-duration duration">14.543</span>

</div>
















      </div>
      <div class="step">


<div class="brief step-name-Then passed">
  <span class="keyword indention">Then</span>
  <span class="name">Verify whether level dropdown is working and a level can be selected</span>

  <span class="lead-duration duration">7.718</span>

</div>
















      </div>
  </div>
</div>





  </div>
</div>


<div class="element">


<div class="tags indention">
    <b>Tags:</b>
       <a href="report-tag_1319840462.html">@Test30</a>
</div>


  <span class="lead-duration duration">35.634</span>


  <span data-toggle="collapse" class=" collapsed  collapsable-control" data-target="#element-68">

<div class="brief passed">
  <span class="keyword indention">Scenario</span>
  <span class="name">Verify whether language dropdown is working and a language can be selected</span>


     <i class="chevron fa fa-fw"></i>
</div>

  </span>
  <div class="description indention"></div>

  <div id="element-68" class="collapse collapsable-details ">





<div class="steps inner-level">
  <div data-toggle="collapse" class=" collapsed  collapsable-control" data-target="#steps-69">

<div class="brief passed">
  <span class="keyword indention">Steps</span>
  <span class="name"></span>


     <i class="chevron fa fa-fw"></i>
</div>

  </div>

  <div id="steps-69" class="inner-level collapse collapsable-details ">
      <div class="step">


<div class="brief step-name-Given passed">
  <span class="keyword indention">Given</span>
  <span class="name">Web browser is loaded by the user</span>

  <span class="lead-duration duration">9.507</span>

</div>
















      </div>
      <div class="step">


<div class="brief step-name-When passed">
  <span class="keyword indention">When</span>
  <span class="name">The user logs into the users list page</span>

  <span class="lead-duration duration">14.222</span>

</div>
















      </div>
      <div class="step">


<div class="brief step-name-Then passed">
  <span class="keyword indention">Then</span>
  <span class="name">Verify whether language dropdown is working and a language can be selected</span>

  <span class="lead-duration duration">11.904</span>

</div>
















      </div>
  </div>
</div>





  </div>
</div>

        </div>

      </div>
    </div>
  </div>
</div>


<div class="container-fluid">
  <div class="row">
    <div class="col-md-1 col-md-offset-10">
      <i class="fa fa-chevron-circle-down fa-2x collapsable-control"
        onClick="javascript:$('#report .collapsable-details').collapse('show')"></i>
      <i class="fa fa-chevron-circle-up fa-2x collapsable-control"
        onClick="javascript:$('#report .collapsable-details').collapse('hide')"></i>
    </div>
  </div>
</div>

<br/>

<nav class="navbar navbar-default" id="footer">
  <div class="container-fluid">
    <p class="navbar-text navbar-right">
        <small>generate Cucumber HTML reports via:&nbsp;</small>
        <a class="navbar-link" href="https://github.com/jenkinsci/cucumber-reports-plugin">Jenkins Plugin</a> |
        <a class="navbar-link" href="https://github.com/damianszczepanik/cucumber-reporting">Standalone</a> |
        <a class="navbar-link" href="https://github.com/damianszczepanik/cucumber-sandwich">Sandwich</a> |
        <a class="navbar-link" href="https://github.com/damianszczepanik/maven-cucumber-reporting">Maven</a>
        &nbsp;&nbsp;
    </p>
  </div>
</nav>

</body>
</html>
